<?xml version="1.0" encoding="UTF-8"?>
<!-- Generated by org.testng.reporters.JUnitXMLReporter -->
<testsuite ignored="6" hostname="DUC-F0DiRxNI7C3" failures="0" tests="4" name="chrome" time="132.78" errors="0" timestamp="2023-09-30T07:14:21 CEST">
  <testcase classname="com.pos.testcases.CreateNewVendor" name="runLogin" time="16.776"/>
  <testcase classname="com.pos.testcases.EditVendor" name="runLogin" time="21.287"/>
  <testcase classname="com.pos.testcases.CreateNewProduct" name="runLogin" time="19.336"/>
  <testcase classname="com.pos.testcases.DeleteVendor" name="runLogin" time="20.659"/>
  <testcase classname="com.framework.utils.Reporter" name="@BeforeSuite startReport" time="0.0">
    <ignored/>
  </testcase> <!-- @BeforeSuite startReport -->
  <testcase classname="com.framework.utils.Reporter" name="@BeforeSuite startReport" time="0.0">
    <ignored/>
  </testcase> <!-- @BeforeSuite startReport -->
  <testcase classname="com.framework.utils.Reporter" name="@BeforeSuite startReport" time="0.0">
    <ignored/>
  </testcase> <!-- @BeforeSuite startReport -->
  <testcase classname="com.framework.utils.Reporter" name="@AfterSuite endResult" time="0.0">
    <ignored/>
  </testcase> <!-- @AfterSuite endResult -->
  <testcase classname="com.framework.utils.Reporter" name="@AfterSuite endResult" time="0.0">
    <ignored/>
  </testcase> <!-- @AfterSuite endResult -->
  <testcase classname="com.framework.utils.Reporter" name="@AfterSuite endResult" time="0.0">
    <ignored/>
  </testcase> <!-- @AfterSuite endResult -->
</testsuite> <!-- chrome -->
