<?xml version="1.0" encoding="UTF-8"?>
<!-- Generated by org.testng.reporters.JUnitXMLReporter -->
<testsuite ignored="6" hostname="DUC-F0DiRxNI7C3" failures="0" tests="4" name="firefox" time="3.169" errors="0" timestamp="2023-10-02T11:17:33 IST">
  <testcase classname="com.framework.testng.api.base.ProjectSpecificMethods" name="@BeforeMethod preCondition" time="0.475">
    <failure type="java.lang.StackOverflowError">
      <![CDATA[java.lang.StackOverflowError
at com.framework.selenium.api.base.SeleniumBase.takeSnap(SeleniumBase.java:899)
at com.framework.utils.Reporter.reportStep(Reporter.java:89)
at com.framework.utils.Reporter.reportStep(Reporter.java:116)
at com.framework.selenium.api.base.SeleniumBase.takeSnap(SeleniumBase.java:906)
at com.framework.utils.Reporter.reportStep(Reporter.java:89)
at com.framework.utils.Reporter.reportStep(Reporter.java:116)
at com.framework.selenium.api.base.SeleniumBase.takeSnap(SeleniumBase.java:906)
at com.framework.utils.Reporter.reportStep(Reporter.java:89)
at com.framework.utils.Reporter.reportStep(Reporter.java:116)
at com.framework.selenium.api.base.SeleniumBase.takeSnap(SeleniumBase.java:906)
at com.framework.utils.Reporter.reportStep(Reporter.java:89)
at com.framework.utils.Reporter.reportStep(Reporter.java:116)
at com.framework.selenium.api.base.SeleniumBase.takeSnap(SeleniumBase.java:906)
at com.framework.utils.Reporter.reportStep(Reporter.java:89)
at com.framework.utils.Reporter.reportStep(Reporter.java:116)
at com.framework.selenium.api.base.SeleniumBase.takeSnap(SeleniumBase.java:906)
at com.framework.utils.Reporter.reportStep(Reporter.java:89)
at com.framework.utils.Reporter.reportStep(Reporter.java:116)
at com.framework.selenium.api.base.SeleniumBase.takeSnap(SeleniumBase.java:906)
at com.framework.utils.Reporter.reportStep(Reporter.java:89)
at com.framework.utils.Reporter.reportStep(Reporter.java:116)
at com.framework.selenium.api.base.SeleniumBase.takeSnap(SeleniumBase.java:906)
at com.framework.utils.Reporter.reportStep(Reporter.java:89)
at com.framework.utils.Reporter.reportStep(Reporter.java:116)
at com.framework.selenium.api.base.SeleniumBase.takeSnap(SeleniumBase.java:906)
at com.framework.utils.Reporter.reportStep(Reporter.java:89)
at com.framework.utils.Reporter.reportStep(Reporter.java:116)
at com.framework.selenium.api.base.SeleniumBase.takeSnap(SeleniumBase.java:906)
at com.framework.utils.Reporter.reportStep(Reporter.java:89)
at com.framework.utils.Reporter.reportStep(Reporter.java:116)
at com.framework.selenium.api.base.SeleniumBase.takeSnap(SeleniumBase.java:906)
at com.framework.utils.Reporter.reportStep(Reporter.java:89)
at com.framework.utils.Reporter.reportStep(Reporter.java:116)
at com.framework.selenium.api.base.SeleniumBase.takeSnap(SeleniumBase.java:906)
at com.framework.utils.Reporter.reportStep(Reporter.java:89)
at com.framework.utils.Reporter.reportStep(Reporter.java:116)
at com.framework.selenium.api.base.SeleniumBase.takeSnap(SeleniumBase.java:906)
at com.framework.utils.Reporter.reportStep(Reporter.java:89)
at com.framework.utils.Reporter.reportStep(Reporter.java:116)
at com.framework.selenium.api.base.SeleniumBase.takeSnap(SeleniumBase.java:906)
at com.framework.utils.Reporter.reportStep(Reporter.java:89)
at com.framework.utils.Reporter.reportStep(Reporter.java:116)
at com.framework.selenium.api.base.SeleniumBase.takeSnap(SeleniumBase.java:906)
at com.framework.utils.Reporter.reportStep(Reporter.java:89)
at com.framework.utils.Reporter.reportStep(Reporter.java:116)
at com.framework.selenium.api.base.SeleniumBase.takeSnap(SeleniumBase.java:906)
at com.framework.utils.Reporter.reportStep(Reporter.java:89)
at com.framework.utils.Reporter.reportStep(Reporter.java:116)
at com.framework.selenium.api.base.SeleniumBase.takeSnap(SeleniumBase.java:906)
at com.framework.utils.Reporter.reportStep(Reporter.java:89)
at com.framework.utils.Reporter.reportStep(Reporter.java:116)
at com.framework.selenium.api.base.SeleniumBase.takeSnap(SeleniumBase.java:906)
at com.framework.utils.Reporter.reportStep(Reporter.java:89)
at com.framework.utils.Reporter.reportStep(Reporter.java:116)
at com.framework.selenium.api.base.SeleniumBase.takeSnap(SeleniumBase.java:906)
at com.framework.utils.Reporter.reportStep(Reporter.java:89)
at com.framework.utils.Reporter.reportStep(Reporter.java:116)
at com.framework.selenium.api.base.SeleniumBase.takeSnap(SeleniumBase.java:906)
at com.framework.utils.Reporter.reportStep(Reporter.java:89)
at com.framework.utils.Reporter.reportStep(Reporter.java:116)
at com.framework.selenium.api.base.SeleniumBase.takeSnap(SeleniumBase.java:906)
at com.framework.utils.Reporter.reportStep(Reporter.java:89)
at com.framework.utils.Reporter.reportStep(Reporter.java:116)
at com.framework.selenium.api.base.SeleniumBase.takeSnap(SeleniumBase.java:906)
at com.framework.utils.Reporter.reportStep(Reporter.java:89)
at com.framework.utils.Reporter.reportStep(Reporter.java:116)
at com.framework.selenium.api.base.SeleniumBase.takeSnap(SeleniumBase.java:906)
at com.framework.utils.Reporter.reportStep(Reporter.java:89)
at com.framework.utils.Reporter.reportStep(Reporter.java:116)
at com.framework.selenium.api.base.SeleniumBase.takeSnap(SeleniumBase.java:906)
at com.framework.utils.Reporter.reportStep(Reporter.java:89)
at com.framework.utils.Reporter.reportStep(Reporter.java:116)
at com.framework.selenium.api.base.SeleniumBase.takeSnap(SeleniumBase.java:906)
at com.framework.utils.Reporter.reportStep(Reporter.java:89)
at com.framework.utils.Reporter.reportStep(Reporter.java:116)
at com.framework.selenium.api.base.SeleniumBase.takeSnap(SeleniumBase.java:906)
at com.framework.utils.Reporter.reportStep(Reporter.java:89)
at com.framework.utils.Reporter.reportStep(Reporter.java:116)
at com.framework.selenium.api.base.SeleniumBase.takeSnap(SeleniumBase.java:906)
at com.framework.utils.Reporter.reportStep(Reporter.java:89)
at com.framework.utils.Reporter.reportStep(Reporter.java:116)
at com.framework.selenium.api.base.SeleniumBase.takeSnap(SeleniumBase.java:906)
at com.framework.utils.Reporter.reportStep(Reporter.java:89)
at com.framework.utils.Reporter.reportStep(Reporter.java:116)
at com.framework.selenium.api.base.SeleniumBase.takeSnap(SeleniumBase.java:906)
at com.framework.utils.Reporter.reportStep(Reporter.java:89)
at com.framework.utils.Reporter.reportStep(Reporter.java:116)
at com.framework.selenium.api.base.SeleniumBase.takeSnap(SeleniumBase.java:906)
at com.framework.utils.Reporter.reportStep(Reporter.java:89)
at com.framework.utils.Reporter.reportStep(Reporter.java:116)
at com.framework.selenium.api.base.SeleniumBase.takeSnap(SeleniumBase.java:906)
at com.framework.utils.Reporter.reportStep(Reporter.java:89)
at com.framework.utils.Reporter.reportStep(Reporter.java:116)
at com.framework.selenium.api.base.SeleniumBase.takeSnap(SeleniumBase.java:906)
at com.framework.utils.Reporter.reportStep(Reporter.java:89)
at com.framework.utils.Reporter.reportStep(Reporter.java:116)
at com.framework.selenium.api.base.SeleniumBase.takeSnap(SeleniumBase.java:906)
at com.framework.utils.Reporter.reportStep(Reporter.java:89)
at com.framework.utils.Reporter.reportStep(Reporter.java:116)
at com.framework.selenium.api.base.SeleniumBase.takeSnap(SeleniumBase.java:906)
at com.framework.utils.Reporter.reportStep(Reporter.java:89)
at com.framework.utils.Reporter.reportStep(Reporter.java:116)
at com.framework.selenium.api.base.SeleniumBase.takeSnap(SeleniumBase.java:906)
at com.framework.utils.Reporter.reportStep(Reporter.java:89)
at com.framework.utils.Reporter.reportStep(Reporter.java:116)
at com.framework.selenium.api.base.SeleniumBase.takeSnap(SeleniumBase.java:906)
at com.framework.utils.Reporter.reportStep(Reporter.java:89)
at com.framework.utils.Reporter.reportStep(Reporter.java:116)
at com.framework.selenium.api.base.SeleniumBase.takeSnap(SeleniumBase.java:906)
at com.framework.utils.Reporter.reportStep(Reporter.java:89)
at com.framework.utils.Reporter.reportStep(Reporter.java:116)
at com.framework.selenium.api.base.SeleniumBase.takeSnap(SeleniumBase.java:906)
at com.framework.utils.Reporter.reportStep(Reporter.java:89)
at com.framework.utils.Reporter.reportStep(Reporter.java:116)
at com.framework.selenium.api.base.SeleniumBase.takeSnap(SeleniumBase.java:906)
at com.framework.utils.Reporter.reportStep(Reporter.java:89)
at com.framework.utils.Reporter.reportStep(Reporter.java:116)
at com.framework.selenium.api.base.SeleniumBase.takeSnap(SeleniumBase.java:906)
at com.framework.utils.Reporter.reportStep(Reporter.java:89)
at com.framework.utils.Reporter.reportStep(Reporter.java:116)
at com.framework.selenium.api.base.SeleniumBase.takeSnap(SeleniumBase.java:906)
at com.framework.utils.Reporter.reportStep(Reporter.java:89)
at com.framework.utils.Reporter.reportStep(Reporter.java:116)
at com.framework.selenium.api.base.SeleniumBase.takeSnap(SeleniumBase.java:906)
at com.framework.utils.Reporter.reportStep(Reporter.java:89)
at com.framework.utils.Reporter.reportStep(Reporter.java:116)
at com.framework.selenium.api.base.SeleniumBase.takeSnap(SeleniumBase.java:906)
at com.framework.utils.Reporter.reportStep(Reporter.java:89)
at com.framework.utils.Reporter.reportStep(Reporter.java:116)
at com.framework.selenium.api.base.SeleniumBase.takeSnap(SeleniumBase.java:906)
at com.framework.utils.Reporter.reportStep(Reporter.java:89)
at com.framework.utils.Reporter.reportStep(Reporter.java:116)
at com.framework.selenium.api.base.SeleniumBase.takeSnap(SeleniumBase.java:906)
at com.framework.utils.Reporter.reportStep(Reporter.java:89)
at com.framework.utils.Reporter.reportStep(Reporter.java:116)
at com.framework.selenium.api.base.SeleniumBase.takeSnap(SeleniumBase.java:906)
at com.framework.utils.Reporter.reportStep(Reporter.java:89)
at com.framework.utils.Reporter.reportStep(Reporter.java:116)
at com.framework.selenium.api.base.SeleniumBase.takeSnap(SeleniumBase.java:906)
at com.framework.utils.Reporter.reportStep(Reporter.java:89)
at com.framework.utils.Reporter.reportStep(Reporter.java:116)
at com.framework.selenium.api.base.SeleniumBase.takeSnap(SeleniumBase.java:906)
at com.framework.utils.Reporter.reportStep(Reporter.java:89)
at com.framework.utils.Reporter.reportStep(Reporter.java:116)
at com.framework.selenium.api.base.SeleniumBase.takeSnap(SeleniumBase.java:906)
at com.framework.utils.Reporter.reportStep(Reporter.java:89)
at com.framework.utils.Reporter.reportStep(Reporter.java:116)
at com.framework.selenium.api.base.SeleniumBase.takeSnap(SeleniumBase.java:906)
at com.framework.utils.Reporter.reportStep(Reporter.java:89)
at com.framework.utils.Reporter.reportStep(Reporter.java:116)
at com.framework.selenium.api.base.SeleniumBase.takeSnap(SeleniumBase.java:906)
at com.framework.utils.Reporter.reportStep(Reporter.java:89)
at com.framework.utils.Reporter.reportStep(Reporter.java:116)
at com.framework.selenium.api.base.SeleniumBase.takeSnap(SeleniumBase.java:906)
at com.framework.utils.Reporter.reportStep(Reporter.java:89)
at com.framework.utils.Reporter.reportStep(Reporter.java:116)
at com.framework.selenium.api.base.SeleniumBase.takeSnap(SeleniumBase.java:906)
at com.framework.utils.Reporter.reportStep(Reporter.java:89)
at com.framework.utils.Reporter.reportStep(Reporter.java:116)
at com.framework.selenium.api.base.SeleniumBase.takeSnap(SeleniumBase.java:906)
at com.framework.utils.Reporter.reportStep(Reporter.java:89)
at com.framework.utils.Reporter.reportStep(Reporter.java:116)
at com.framework.selenium.api.base.SeleniumBase.takeSnap(SeleniumBase.java:906)
at com.framework.utils.Reporter.reportStep(Reporter.java:89)
at com.framework.utils.Reporter.reportStep(Reporter.java:116)
at com.framework.selenium.api.base.SeleniumBase.takeSnap(SeleniumBase.java:906)
at com.framework.utils.Reporter.reportStep(Reporter.java:89)
at com.framework.utils.Reporter.reportStep(Reporter.java:116)
at com.framework.selenium.api.base.SeleniumBase.takeSnap(SeleniumBase.java:906)
at com.framework.utils.Reporter.reportStep(Reporter.java:89)
at com.framework.utils.Reporter.reportStep(Reporter.java:116)
at com.framework.selenium.api.base.SeleniumBase.takeSnap(SeleniumBase.java:906)
at com.framework.utils.Reporter.reportStep(Reporter.java:89)
at com.framework.utils.Reporter.reportStep(Reporter.java:116)
at com.framework.selenium.api.base.SeleniumBase.takeSnap(SeleniumBase.java:906)
at com.framework.utils.Reporter.reportStep(Reporter.java:89)
at com.framework.utils.Reporter.reportStep(Reporter.java:116)
at com.framework.selenium.api.base.SeleniumBase.takeSnap(SeleniumBase.java:906)
at com.framework.utils.Reporter.reportStep(Reporter.java:89)
at com.framework.utils.Reporter.reportStep(Reporter.java:116)
at com.framework.selenium.api.base.SeleniumBase.takeSnap(SeleniumBase.java:906)
at com.framework.utils.Reporter.reportStep(Reporter.java:89)
at com.framework.utils.Reporter.reportStep(Reporter.java:116)
at com.framework.selenium.api.base.SeleniumBase.takeSnap(SeleniumBase.java:906)
at com.framework.utils.Reporter.reportStep(Reporter.java:89)
at com.framework.utils.Reporter.reportStep(Reporter.java:116)
at com.framework.selenium.api.base.SeleniumBase.takeSnap(SeleniumBase.java:906)
at com.framework.utils.Reporter.reportStep(Reporter.java:89)
at com.framework.utils.Reporter.reportStep(Reporter.java:116)
at com.framework.selenium.api.base.SeleniumBase.takeSnap(SeleniumBase.java:906)
at com.framework.utils.Reporter.reportStep(Reporter.java:89)
at com.framework.utils.Reporter.reportStep(Reporter.java:116)
at com.framework.selenium.api.base.SeleniumBase.takeSnap(SeleniumBase.java:906)
at com.framework.utils.Reporter.reportStep(Reporter.java:89)
at com.framework.utils.Reporter.reportStep(Reporter.java:116)
at com.framework.selenium.api.base.SeleniumBase.takeSnap(SeleniumBase.java:906)
at com.framework.utils.Reporter.reportStep(Reporter.java:89)
at com.framework.utils.Reporter.reportStep(Reporter.java:116)
at com.framework.selenium.api.base.SeleniumBase.takeSnap(SeleniumBase.java:906)
at com.framework.utils.Reporter.reportStep(Reporter.java:89)
at com.framework.utils.Reporter.reportStep(Reporter.java:116)
at com.framework.selenium.api.base.SeleniumBase.takeSnap(SeleniumBase.java:906)
at com.framework.utils.Reporter.reportStep(Reporter.java:89)
at com.framework.utils.Reporter.reportStep(Reporter.java:116)
at com.framework.selenium.api.base.SeleniumBase.takeSnap(SeleniumBase.java:906)
at com.framework.utils.Reporter.reportStep(Reporter.java:89)
at com.framework.utils.Reporter.reportStep(Reporter.java:116)
at com.framework.selenium.api.base.SeleniumBase.takeSnap(SeleniumBase.java:906)
at com.framework.utils.Reporter.reportStep(Reporter.java:89)
at com.framework.utils.Reporter.reportStep(Reporter.java:116)
at com.framework.selenium.api.base.SeleniumBase.takeSnap(SeleniumBase.java:906)
at com.framework.utils.Reporter.reportStep(Reporter.java:89)
at com.framework.utils.Reporter.reportStep(Reporter.java:116)
at com.framework.selenium.api.base.SeleniumBase.takeSnap(SeleniumBase.java:906)
at com.framework.utils.Reporter.reportStep(Reporter.java:89)
at com.framework.utils.Reporter.reportStep(Reporter.java:116)
at com.framework.selenium.api.base.SeleniumBase.takeSnap(SeleniumBase.java:906)
at com.framework.utils.Reporter.reportStep(Reporter.java:89)
at com.framework.utils.Reporter.reportStep(Reporter.java:116)
at com.framework.selenium.api.base.SeleniumBase.takeSnap(SeleniumBase.java:906)
at com.framework.utils.Reporter.reportStep(Reporter.java:89)
at com.framework.utils.Reporter.reportStep(Reporter.java:116)
at com.framework.selenium.api.base.SeleniumBase.takeSnap(SeleniumBase.java:906)
at com.framework.utils.Reporter.reportStep(Reporter.java:89)
at com.framework.utils.Reporter.reportStep(Reporter.java:116)
at com.framework.selenium.api.base.SeleniumBase.takeSnap(SeleniumBase.java:906)
at com.framework.utils.Reporter.reportStep(Reporter.java:89)
at com.framework.utils.Reporter.reportStep(Reporter.java:116)
at com.framework.selenium.api.base.SeleniumBase.takeSnap(SeleniumBase.java:906)
at com.framework.utils.Reporter.reportStep(Reporter.java:89)
at com.framework.utils.Reporter.reportStep(Reporter.java:116)
at com.framework.selenium.api.base.SeleniumBase.takeSnap(SeleniumBase.java:906)
at com.framework.utils.Reporter.reportStep(Reporter.java:89)
at com.framework.utils.Reporter.reportStep(Reporter.java:116)
at com.framework.selenium.api.base.SeleniumBase.takeSnap(SeleniumBase.java:906)
at com.framework.utils.Reporter.reportStep(Reporter.java:89)
at com.framework.utils.Reporter.reportStep(Reporter.java:116)
at com.framework.selenium.api.base.SeleniumBase.takeSnap(SeleniumBase.java:906)
at com.framework.utils.Reporter.reportStep(Reporter.java:89)
at com.framework.utils.Reporter.reportStep(Reporter.java:116)
at com.framework.selenium.api.base.SeleniumBase.takeSnap(SeleniumBase.java:906)
at com.framework.utils.Reporter.reportStep(Reporter.java:89)
at com.framework.utils.Reporter.reportStep(Reporter.java:116)
at com.framework.selenium.api.base.SeleniumBase.takeSnap(SeleniumBase.java:906)
at com.framework.utils.Reporter.reportStep(Reporter.java:89)
at com.framework.utils.Reporter.reportStep(Reporter.java:116)
at com.framework.selenium.api.base.SeleniumBase.takeSnap(SeleniumBase.java:906)
at com.framework.utils.Reporter.reportStep(Reporter.java:89)
at com.framework.utils.Reporter.reportStep(Reporter.java:116)
at com.framework.selenium.api.base.SeleniumBase.takeSnap(SeleniumBase.java:906)
at com.framework.utils.Reporter.reportStep(Reporter.java:89)
at com.framework.utils.Reporter.reportStep(Reporter.java:116)
at com.framework.selenium.api.base.SeleniumBase.takeSnap(SeleniumBase.java:906)
at com.framework.utils.Reporter.reportStep(Reporter.java:89)
at com.framework.utils.Reporter.reportStep(Reporter.java:116)
at com.framework.selenium.api.base.SeleniumBase.takeSnap(SeleniumBase.java:906)
at com.framework.utils.Reporter.reportStep(Reporter.java:89)
at com.framework.utils.Reporter.reportStep(Reporter.java:116)
at com.framework.selenium.api.base.SeleniumBase.takeSnap(SeleniumBase.java:906)
at com.framework.utils.Reporter.reportStep(Reporter.java:89)
at com.framework.utils.Reporter.reportStep(Reporter.java:116)
at com.framework.selenium.api.base.SeleniumBase.takeSnap(SeleniumBase.java:906)
at com.framework.utils.Reporter.reportStep(Reporter.java:89)
at com.framework.utils.Reporter.reportStep(Reporter.java:116)
at com.framework.selenium.api.base.SeleniumBase.takeSnap(SeleniumBase.java:906)
at com.framework.utils.Reporter.reportStep(Reporter.java:89)
at com.framework.utils.Reporter.reportStep(Reporter.java:116)
at com.framework.selenium.api.base.SeleniumBase.takeSnap(SeleniumBase.java:906)
at com.framework.utils.Reporter.reportStep(Reporter.java:89)
at com.framework.utils.Reporter.reportStep(Reporter.java:116)
at com.framework.selenium.api.base.SeleniumBase.takeSnap(SeleniumBase.java:906)
at com.framework.utils.Reporter.reportStep(Reporter.java:89)
at com.framework.utils.Reporter.reportStep(Reporter.java:116)
at com.framework.selenium.api.base.SeleniumBase.takeSnap(SeleniumBase.java:906)
at com.framework.utils.Reporter.reportStep(Reporter.java:89)
at com.framework.utils.Reporter.reportStep(Reporter.java:116)
at com.framework.selenium.api.base.SeleniumBase.takeSnap(SeleniumBase.java:906)
at com.framework.utils.Reporter.reportStep(Reporter.java:89)
at com.framework.utils.Reporter.reportStep(Reporter.java:116)
at com.framework.selenium.api.base.SeleniumBase.takeSnap(SeleniumBase.java:906)
at com.framework.utils.Reporter.reportStep(Reporter.java:89)
at com.framework.utils.Reporter.reportStep(Reporter.java:116)
at com.framework.selenium.api.base.SeleniumBase.takeSnap(SeleniumBase.java:906)
at com.framework.utils.Reporter.reportStep(Reporter.java:89)
at com.framework.utils.Reporter.reportStep(Reporter.java:116)
at com.framework.selenium.api.base.SeleniumBase.takeSnap(SeleniumBase.java:906)
at com.framework.utils.Reporter.reportStep(Reporter.java:89)
at com.framework.utils.Reporter.reportStep(Reporter.java:116)
at com.framework.selenium.api.base.SeleniumBase.takeSnap(SeleniumBase.java:906)
at com.framework.utils.Reporter.reportStep(Reporter.java:89)
at com.framework.utils.Reporter.reportStep(Reporter.java:116)
at com.framework.selenium.api.base.SeleniumBase.takeSnap(SeleniumBase.java:906)
at com.framework.utils.Reporter.reportStep(Reporter.java:89)
at com.framework.utils.Reporter.reportStep(Reporter.java:116)
at com.framework.selenium.api.base.SeleniumBase.takeSnap(SeleniumBase.java:906)
at com.framework.utils.Reporter.reportStep(Reporter.java:89)
at com.framework.utils.Reporter.reportStep(Reporter.java:116)
at com.framework.selenium.api.base.SeleniumBase.takeSnap(SeleniumBase.java:906)
at com.framework.utils.Reporter.reportStep(Reporter.java:89)
at com.framework.utils.Reporter.reportStep(Reporter.java:116)
at com.framework.selenium.api.base.SeleniumBase.takeSnap(SeleniumBase.java:906)
at com.framework.utils.Reporter.reportStep(Reporter.java:89)
at com.framework.utils.Reporter.reportStep(Reporter.java:116)
at com.framework.selenium.api.base.SeleniumBase.takeSnap(SeleniumBase.java:906)
at com.framework.utils.Reporter.reportStep(Reporter.java:89)
at com.framework.utils.Reporter.reportStep(Reporter.java:116)
at com.framework.selenium.api.base.SeleniumBase.takeSnap(SeleniumBase.java:906)
at com.framework.utils.Reporter.reportStep(Reporter.java:89)
at com.framework.utils.Reporter.reportStep(Reporter.java:116)
at com.framework.selenium.api.base.SeleniumBase.takeSnap(SeleniumBase.java:906)
at com.framework.utils.Reporter.reportStep(Reporter.java:89)
at com.framework.utils.Reporter.reportStep(Reporter.java:116)
at com.framework.selenium.api.base.SeleniumBase.takeSnap(SeleniumBase.java:906)
at com.framework.utils.Reporter.reportStep(Reporter.java:89)
at com.framework.utils.Reporter.reportStep(Reporter.java:116)
at com.framework.selenium.api.base.SeleniumBase.takeSnap(SeleniumBase.java:906)
at com.framework.utils.Reporter.reportStep(Reporter.java:89)
at com.framework.utils.Reporter.reportStep(Reporter.java:116)
at com.framework.selenium.api.base.SeleniumBase.takeSnap(SeleniumBase.java:906)
at com.framework.utils.Reporter.reportStep(Reporter.java:89)
at com.framework.utils.Reporter.reportStep(Reporter.java:116)
at com.framework.selenium.api.base.SeleniumBase.takeSnap(SeleniumBase.java:906)
at com.framework.utils.Reporter.reportStep(Reporter.java:89)
at com.framework.utils.Reporter.reportStep(Reporter.java:116)
at com.framework.selenium.api.base.SeleniumBase.takeSnap(SeleniumBase.java:906)
at com.framework.utils.Reporter.reportStep(Reporter.java:89)
at com.framework.utils.Reporter.reportStep(Reporter.java:116)
at com.framework.selenium.api.base.SeleniumBase.takeSnap(SeleniumBase.java:906)
at com.framework.utils.Reporter.reportStep(Reporter.java:89)
at com.framework.utils.Reporter.reportStep(Reporter.java:116)
at com.framework.selenium.api.base.SeleniumBase.takeSnap(SeleniumBase.java:906)
at com.framework.utils.Reporter.reportStep(Reporter.java:89)
at com.framework.utils.Reporter.reportStep(Reporter.java:116)
at com.framework.selenium.api.base.SeleniumBase.takeSnap(SeleniumBase.java:906)
at com.framework.utils.Reporter.reportStep(Reporter.java:89)
at com.framework.utils.Reporter.reportStep(Reporter.java:116)
at com.framework.selenium.api.base.SeleniumBase.takeSnap(SeleniumBase.java:906)
at com.framework.utils.Reporter.reportStep(Reporter.java:89)
at com.framework.utils.Reporter.reportStep(Reporter.java:116)
at com.framework.selenium.api.base.SeleniumBase.takeSnap(SeleniumBase.java:906)
at com.framework.utils.Reporter.reportStep(Reporter.java:89)
at com.framework.utils.Reporter.reportStep(Reporter.java:116)
at com.framework.selenium.api.base.SeleniumBase.takeSnap(SeleniumBase.java:906)
at com.framework.utils.Reporter.reportStep(Reporter.java:89)
at com.framework.utils.Reporter.reportStep(Reporter.java:116)
at com.framework.selenium.api.base.SeleniumBase.takeSnap(SeleniumBase.java:906)
at com.framework.utils.Reporter.reportStep(Reporter.java:89)
at com.framework.utils.Reporter.reportStep(Reporter.java:116)
at com.framework.selenium.api.base.SeleniumBase.takeSnap(SeleniumBase.java:906)
at com.framework.utils.Reporter.reportStep(Reporter.java:89)
at com.framework.utils.Reporter.reportStep(Reporter.java:116)
at com.framework.selenium.api.base.SeleniumBase.takeSnap(SeleniumBase.java:906)
at com.framework.utils.Reporter.reportStep(Reporter.java:89)
at com.framework.utils.Reporter.reportStep(Reporter.java:116)
at com.framework.selenium.api.base.SeleniumBase.takeSnap(SeleniumBase.java:906)
at com.framework.utils.Reporter.reportStep(Reporter.java:89)
at com.framework.utils.Reporter.reportStep(Reporter.java:116)
at com.framework.selenium.api.base.SeleniumBase.takeSnap(SeleniumBase.java:906)
at com.framework.utils.Reporter.reportStep(Reporter.java:89)
at com.framework.utils.Reporter.reportStep(Reporter.java:116)
at com.framework.selenium.api.base.SeleniumBase.takeSnap(SeleniumBase.java:906)
at com.framework.utils.Reporter.reportStep(Reporter.java:89)
at com.framework.utils.Reporter.reportStep(Reporter.java:116)
at com.framework.selenium.api.base.SeleniumBase.takeSnap(SeleniumBase.java:906)
at com.framework.utils.Reporter.reportStep(Reporter.java:89)
at com.framework.utils.Reporter.reportStep(Reporter.java:116)
at com.framework.selenium.api.base.SeleniumBase.takeSnap(SeleniumBase.java:906)
at com.framework.utils.Reporter.reportStep(Reporter.java:89)
at com.framework.utils.Reporter.reportStep(Reporter.java:116)
at com.framework.selenium.api.base.SeleniumBase.takeSnap(SeleniumBase.java:906)
at com.framework.utils.Reporter.reportStep(Reporter.java:89)
at com.framework.utils.Reporter.reportStep(Reporter.java:116)
at com.framework.selenium.api.base.SeleniumBase.takeSnap(SeleniumBase.java:906)
at com.framework.utils.Reporter.reportStep(Reporter.java:89)
at com.framework.utils.Reporter.reportStep(Reporter.java:116)
at com.framework.selenium.api.base.SeleniumBase.takeSnap(SeleniumBase.java:906)
at com.framework.utils.Reporter.reportStep(Reporter.java:89)
at com.framework.utils.Reporter.reportStep(Reporter.java:116)
at com.framework.selenium.api.base.SeleniumBase.takeSnap(SeleniumBase.java:906)
at com.framework.utils.Reporter.reportStep(Reporter.java:89)
at com.framework.utils.Reporter.reportStep(Reporter.java:116)
at com.framework.selenium.api.base.SeleniumBase.takeSnap(SeleniumBase.java:906)
at com.framework.utils.Reporter.reportStep(Reporter.java:89)
at com.framework.utils.Reporter.reportStep(Reporter.java:116)
at com.framework.selenium.api.base.SeleniumBase.takeSnap(SeleniumBase.java:906)
at com.framework.utils.Reporter.reportStep(Reporter.java:89)
at com.framework.utils.Reporter.reportStep(Reporter.java:116)
at com.framework.selenium.api.base.SeleniumBase.takeSnap(SeleniumBase.java:906)
at com.framework.utils.Reporter.reportStep(Reporter.java:89)
at com.framework.utils.Reporter.reportStep(Reporter.java:116)
at com.framework.selenium.api.base.SeleniumBase.takeSnap(SeleniumBase.java:906)
at com.framework.utils.Reporter.reportStep(Reporter.java:89)
at com.framework.utils.Reporter.reportStep(Reporter.java:116)
at com.framework.selenium.api.base.SeleniumBase.takeSnap(SeleniumBase.java:906)
at com.framework.utils.Reporter.reportStep(Reporter.java:89)
at com.framework.utils.Reporter.reportStep(Reporter.java:116)
at com.framework.selenium.api.base.SeleniumBase.takeSnap(SeleniumBase.java:906)
at com.framework.utils.Reporter.reportStep(Reporter.java:89)
at com.framework.utils.Reporter.reportStep(Reporter.java:116)
at com.framework.selenium.api.base.SeleniumBase.takeSnap(SeleniumBase.java:906)
at com.framework.utils.Reporter.reportStep(Reporter.java:89)
at com.framework.utils.Reporter.reportStep(Reporter.java:116)
at com.framework.selenium.api.base.SeleniumBase.takeSnap(SeleniumBase.java:906)
at com.framework.utils.Reporter.reportStep(Reporter.java:89)
at com.framework.utils.Reporter.reportStep(Reporter.java:116)
at com.framework.selenium.api.base.SeleniumBase.takeSnap(SeleniumBase.java:906)
at com.framework.utils.Reporter.reportStep(Reporter.java:89)
at com.framework.utils.Reporter.reportStep(Reporter.java:116)
at com.framework.selenium.api.base.SeleniumBase.takeSnap(SeleniumBase.java:906)
at com.framework.utils.Reporter.reportStep(Reporter.java:89)
at com.framework.utils.Reporter.reportStep(Reporter.java:116)
at com.framework.selenium.api.base.SeleniumBase.takeSnap(SeleniumBase.java:906)
at com.framework.utils.Reporter.reportStep(Reporter.java:89)
at com.framework.utils.Reporter.reportStep(Reporter.java:116)
at com.framework.selenium.api.base.SeleniumBase.takeSnap(SeleniumBase.java:906)
at com.framework.utils.Reporter.reportStep(Reporter.java:89)
at com.framework.utils.Reporter.reportStep(Reporter.java:116)
at com.framework.selenium.api.base.SeleniumBase.takeSnap(SeleniumBase.java:906)
at com.framework.utils.Reporter.reportStep(Reporter.java:89)
at com.framework.utils.Reporter.reportStep(Reporter.java:116)
at com.framework.selenium.api.base.SeleniumBase.takeSnap(SeleniumBase.java:906)
at com.framework.utils.Reporter.reportStep(Reporter.java:89)
at com.framework.utils.Reporter.reportStep(Reporter.java:116)
at com.framework.selenium.api.base.SeleniumBase.takeSnap(SeleniumBase.java:906)
at com.framework.utils.Reporter.reportStep(Reporter.java:89)
at com.framework.utils.Reporter.reportStep(Reporter.java:116)
at com.framework.selenium.api.base.SeleniumBase.takeSnap(SeleniumBase.java:906)
at com.framework.utils.Reporter.reportStep(Reporter.java:89)
at com.framework.utils.Reporter.reportStep(Reporter.java:116)
at com.framework.selenium.api.base.SeleniumBase.takeSnap(SeleniumBase.java:906)
at com.framework.utils.Reporter.reportStep(Reporter.java:89)
at com.framework.utils.Reporter.reportStep(Reporter.java:116)
at com.framework.selenium.api.base.SeleniumBase.takeSnap(SeleniumBase.java:906)
at com.framework.utils.Reporter.reportStep(Reporter.java:89)
at com.framework.utils.Reporter.reportStep(Reporter.java:116)
at com.framework.selenium.api.base.SeleniumBase.takeSnap(SeleniumBase.java:906)
at com.framework.utils.Reporter.reportStep(Reporter.java:89)
at com.framework.utils.Reporter.reportStep(Reporter.java:116)
at com.framework.selenium.api.base.SeleniumBase.takeSnap(SeleniumBase.java:906)
at com.framework.utils.Reporter.reportStep(Reporter.java:89)
at com.framework.utils.Reporter.reportStep(Reporter.java:116)
at com.framework.selenium.api.base.SeleniumBase.takeSnap(SeleniumBase.java:906)
at com.framework.utils.Reporter.reportStep(Reporter.java:89)
at com.framework.utils.Reporter.reportStep(Reporter.java:116)
at com.framework.selenium.api.base.SeleniumBase.takeSnap(SeleniumBase.java:906)
at com.framework.utils.Reporter.reportStep(Reporter.java:89)
at com.framework.utils.Reporter.reportStep(Reporter.java:116)
at com.framework.selenium.api.base.SeleniumBase.takeSnap(SeleniumBase.java:906)
at com.framework.utils.Reporter.reportStep(Reporter.java:89)
at com.framework.utils.Reporter.reportStep(Reporter.java:116)
at com.framework.selenium.api.base.SeleniumBase.takeSnap(SeleniumBase.java:906)
at com.framework.utils.Reporter.reportStep(Reporter.java:89)
at com.framework.utils.Reporter.reportStep(Reporter.java:116)
at com.framework.selenium.api.base.SeleniumBase.takeSnap(SeleniumBase.java:906)
at com.framework.utils.Reporter.reportStep(Reporter.java:89)
at com.framework.utils.Reporter.reportStep(Reporter.java:116)
at com.framework.selenium.api.base.SeleniumBase.takeSnap(SeleniumBase.java:906)
at com.framework.utils.Reporter.reportStep(Reporter.java:89)
at com.framework.utils.Reporter.reportStep(Reporter.java:116)
at com.framework.selenium.api.base.SeleniumBase.takeSnap(SeleniumBase.java:906)
at com.framework.utils.Reporter.reportStep(Reporter.java:89)
at com.framework.utils.Reporter.reportStep(Reporter.java:116)
at com.framework.selenium.api.base.SeleniumBase.takeSnap(SeleniumBase.java:906)
at com.framework.utils.Reporter.reportStep(Reporter.java:89)
at com.framework.utils.Reporter.reportStep(Reporter.java:116)
at com.framework.selenium.api.base.SeleniumBase.takeSnap(SeleniumBase.java:906)
at com.framework.utils.Reporter.reportStep(Reporter.java:89)
at com.framework.utils.Reporter.reportStep(Reporter.java:116)
at com.framework.selenium.api.base.SeleniumBase.takeSnap(SeleniumBase.java:906)
at com.framework.utils.Reporter.reportStep(Reporter.java:89)
at com.framework.utils.Reporter.reportStep(Reporter.java:116)
at com.framework.selenium.api.base.SeleniumBase.takeSnap(SeleniumBase.java:906)
at com.framework.utils.Reporter.reportStep(Reporter.java:89)
at com.framework.utils.Reporter.reportStep(Reporter.java:116)
at com.framework.selenium.api.base.SeleniumBase.takeSnap(SeleniumBase.java:906)
at com.framework.utils.Reporter.reportStep(Reporter.java:89)
at com.framework.utils.Reporter.reportStep(Reporter.java:116)
at com.framework.selenium.api.base.SeleniumBase.takeSnap(SeleniumBase.java:906)
at com.framework.utils.Reporter.reportStep(Reporter.java:89)
at com.framework.utils.Reporter.reportStep(Reporter.java:116)
at com.framework.selenium.api.base.SeleniumBase.takeSnap(SeleniumBase.java:906)
at com.framework.utils.Reporter.reportStep(Reporter.java:89)
at com.framework.utils.Reporter.reportStep(Reporter.java:116)
at com.framework.selenium.api.base.SeleniumBase.takeSnap(SeleniumBase.java:906)
at com.framework.utils.Reporter.reportStep(Reporter.java:89)
at com.framework.utils.Reporter.reportStep(Reporter.java:116)
at com.framework.selenium.api.base.SeleniumBase.takeSnap(SeleniumBase.java:906)
at com.framework.utils.Reporter.reportStep(Reporter.java:89)
at com.framework.utils.Reporter.reportStep(Reporter.java:116)
at com.framework.selenium.api.base.SeleniumBase.takeSnap(SeleniumBase.java:906)
at com.framework.utils.Reporter.reportStep(Reporter.java:89)
at com.framework.utils.Reporter.reportStep(Reporter.java:116)
at com.framework.selenium.api.base.SeleniumBase.takeSnap(SeleniumBase.java:906)
at com.framework.utils.Reporter.reportStep(Reporter.java:89)
at com.framework.utils.Reporter.reportStep(Reporter.java:116)
at com.framework.selenium.api.base.SeleniumBase.takeSnap(SeleniumBase.java:906)
at com.framework.utils.Reporter.reportStep(Reporter.java:89)
at com.framework.utils.Reporter.reportStep(Reporter.java:116)
at com.framework.selenium.api.base.SeleniumBase.takeSnap(SeleniumBase.java:906)
at com.framework.utils.Reporter.reportStep(Reporter.java:89)
at com.framework.utils.Reporter.reportStep(Reporter.java:116)
at com.framework.selenium.api.base.SeleniumBase.takeSnap(SeleniumBase.java:906)
at com.framework.utils.Reporter.reportStep(Reporter.java:89)
at com.framework.utils.Reporter.reportStep(Reporter.java:116)
at com.framework.selenium.api.base.SeleniumBase.takeSnap(SeleniumBase.java:906)
at com.framework.utils.Reporter.reportStep(Reporter.java:89)
at com.framework.utils.Reporter.reportStep(Reporter.java:116)
at com.framework.selenium.api.base.SeleniumBase.takeSnap(SeleniumBase.java:906)
at com.framework.utils.Reporter.reportStep(Reporter.java:89)
at com.framework.utils.Reporter.reportStep(Reporter.java:116)
at com.framework.selenium.api.base.SeleniumBase.takeSnap(SeleniumBase.java:906)
at com.framework.utils.Reporter.reportStep(Reporter.java:89)
at com.framework.utils.Reporter.reportStep(Reporter.java:116)
at com.framework.selenium.api.base.SeleniumBase.takeSnap(SeleniumBase.java:906)
at com.framework.utils.Reporter.reportStep(Reporter.java:89)
at com.framework.utils.Reporter.reportStep(Reporter.java:116)
at com.framework.selenium.api.base.SeleniumBase.takeSnap(SeleniumBase.java:906)
at com.framework.utils.Reporter.reportStep(Reporter.java:89)
at com.framework.utils.Reporter.reportStep(Reporter.java:116)
at com.framework.selenium.api.base.SeleniumBase.takeSnap(SeleniumBase.java:906)
at com.framework.utils.Reporter.reportStep(Reporter.java:89)
at com.framework.utils.Reporter.reportStep(Reporter.java:116)
at com.framework.selenium.api.base.SeleniumBase.takeSnap(SeleniumBase.java:906)
at com.framework.utils.Reporter.reportStep(Reporter.java:89)
at com.framework.utils.Reporter.reportStep(Reporter.java:116)
at com.framework.selenium.api.base.SeleniumBase.takeSnap(SeleniumBase.java:906)
at com.framework.utils.Reporter.reportStep(Reporter.java:89)
at com.framework.utils.Reporter.reportStep(Reporter.java:116)
at com.framework.selenium.api.base.SeleniumBase.takeSnap(SeleniumBase.java:906)
at com.framework.utils.Reporter.reportStep(Reporter.java:89)
at com.framework.utils.Reporter.reportStep(Reporter.java:116)
at com.framework.selenium.api.base.SeleniumBase.takeSnap(SeleniumBase.java:906)
at com.framework.utils.Reporter.reportStep(Reporter.java:89)
at com.framework.utils.Reporter.reportStep(Reporter.java:116)
at com.framework.selenium.api.base.SeleniumBase.takeSnap(SeleniumBase.java:906)
at com.framework.utils.Reporter.reportStep(Reporter.java:89)
at com.framework.utils.Reporter.reportStep(Reporter.java:116)
at com.framework.selenium.api.base.SeleniumBase.takeSnap(SeleniumBase.java:906)
at com.framework.utils.Reporter.reportStep(Reporter.java:89)
at com.framework.utils.Reporter.reportStep(Reporter.java:116)
at com.framework.selenium.api.base.SeleniumBase.takeSnap(SeleniumBase.java:906)
at com.framework.utils.Reporter.reportStep(Reporter.java:89)
at com.framework.utils.Reporter.reportStep(Reporter.java:116)
at com.framework.selenium.api.base.SeleniumBase.takeSnap(SeleniumBase.java:906)
at com.framework.utils.Reporter.reportStep(Reporter.java:89)
at com.framework.utils.Reporter.reportStep(Reporter.java:116)
at com.framework.selenium.api.base.SeleniumBase.takeSnap(SeleniumBase.java:906)
at com.framework.utils.Reporter.reportStep(Reporter.java:89)
at com.framework.utils.Reporter.reportStep(Reporter.java:116)
at com.framework.selenium.api.base.SeleniumBase.takeSnap(SeleniumBase.java:906)
at com.framework.utils.Reporter.reportStep(Reporter.java:89)
at com.framework.utils.Reporter.reportStep(Reporter.java:116)
at com.framework.selenium.api.base.SeleniumBase.takeSnap(SeleniumBase.java:906)
at com.framework.utils.Reporter.reportStep(Reporter.java:89)
at com.framework.utils.Reporter.reportStep(Reporter.java:116)
at com.framework.selenium.api.base.SeleniumBase.takeSnap(SeleniumBase.java:906)
at com.framework.utils.Reporter.reportStep(Reporter.java:89)
at com.framework.utils.Reporter.reportStep(Reporter.java:116)
at com.framework.selenium.api.base.SeleniumBase.takeSnap(SeleniumBase.java:906)
at com.framework.utils.Reporter.reportStep(Reporter.java:89)
at com.framework.utils.Reporter.reportStep(Reporter.java:116)
at com.framework.selenium.api.base.SeleniumBase.takeSnap(SeleniumBase.java:906)
at com.framework.utils.Reporter.reportStep(Reporter.java:89)
at com.framework.utils.Reporter.reportStep(Reporter.java:116)
at com.framework.selenium.api.base.SeleniumBase.takeSnap(SeleniumBase.java:906)
at com.framework.utils.Reporter.reportStep(Reporter.java:89)
at com.framework.utils.Reporter.reportStep(Reporter.java:116)
at com.framework.selenium.api.base.SeleniumBase.takeSnap(SeleniumBase.java:906)
at com.framework.utils.Reporter.reportStep(Reporter.java:89)
at com.framework.utils.Reporter.reportStep(Reporter.java:116)
at com.framework.selenium.api.base.SeleniumBase.takeSnap(SeleniumBase.java:906)
at com.framework.utils.Reporter.reportStep(Reporter.java:89)
at com.framework.utils.Reporter.reportStep(Reporter.java:116)
at com.framework.selenium.api.base.SeleniumBase.takeSnap(SeleniumBase.java:906)
at com.framework.utils.Reporter.reportStep(Reporter.java:89)
at com.framework.utils.Reporter.reportStep(Reporter.java:116)
at com.framework.selenium.api.base.SeleniumBase.takeSnap(SeleniumBase.java:906)
at com.framework.utils.Reporter.reportStep(Reporter.java:89)
at com.framework.utils.Reporter.reportStep(Reporter.java:116)
at com.framework.selenium.api.base.SeleniumBase.takeSnap(SeleniumBase.java:906)
at com.framework.utils.Reporter.reportStep(Reporter.java:89)
at com.framework.utils.Reporter.reportStep(Reporter.java:116)
at com.framework.selenium.api.base.SeleniumBase.takeSnap(SeleniumBase.java:906)
at com.framework.utils.Reporter.reportStep(Reporter.java:89)
at com.framework.utils.Reporter.reportStep(Reporter.java:116)
at com.framework.selenium.api.base.SeleniumBase.takeSnap(SeleniumBase.java:906)
at com.framework.utils.Reporter.reportStep(Reporter.java:89)
at com.framework.utils.Reporter.reportStep(Reporter.java:116)
at com.framework.selenium.api.base.SeleniumBase.takeSnap(SeleniumBase.java:906)
at com.framework.utils.Reporter.reportStep(Reporter.java:89)
at com.framework.utils.Reporter.reportStep(Reporter.java:116)
at com.framework.selenium.api.base.SeleniumBase.takeSnap(SeleniumBase.java:906)
at com.framework.utils.Reporter.reportStep(Reporter.java:89)
at com.framework.utils.Reporter.reportStep(Reporter.java:116)
at com.framework.selenium.api.base.SeleniumBase.takeSnap(SeleniumBase.java:906)
at com.framework.utils.Reporter.reportStep(Reporter.java:89)
at com.framework.utils.Reporter.reportStep(Reporter.java:116)
at com.framework.selenium.api.base.SeleniumBase.takeSnap(SeleniumBase.java:906)
at com.framework.utils.Reporter.reportStep(Reporter.java:89)
at com.framework.utils.Reporter.reportStep(Reporter.java:116)
at com.framework.selenium.api.base.SeleniumBase.takeSnap(SeleniumBase.java:906)
at com.framework.utils.Reporter.reportStep(Reporter.java:89)
at com.framework.utils.Reporter.reportStep(Reporter.java:116)
at com.framework.selenium.api.base.SeleniumBase.takeSnap(SeleniumBase.java:906)
at com.framework.utils.Reporter.reportStep(Reporter.java:89)
at com.framework.utils.Reporter.reportStep(Reporter.java:116)
at com.framework.selenium.api.base.SeleniumBase.takeSnap(SeleniumBase.java:906)
at com.framework.utils.Reporter.reportStep(Reporter.java:89)
at com.framework.utils.Reporter.reportStep(Reporter.java:116)
at com.framework.selenium.api.base.SeleniumBase.takeSnap(SeleniumBase.java:906)
at com.framework.utils.Reporter.reportStep(Reporter.java:89)
at com.framework.utils.Reporter.reportStep(Reporter.java:116)
at com.framework.selenium.api.base.SeleniumBase.takeSnap(SeleniumBase.java:906)
at com.framework.utils.Reporter.reportStep(Reporter.java:89)
at com.framework.utils.Reporter.reportStep(Reporter.java:116)
at com.framework.selenium.api.base.SeleniumBase.takeSnap(SeleniumBase.java:906)
at com.framework.utils.Reporter.reportStep(Reporter.java:89)
at com.framework.utils.Reporter.reportStep(Reporter.java:116)
at com.framework.selenium.api.base.SeleniumBase.takeSnap(SeleniumBase.java:906)
at com.framework.utils.Reporter.reportStep(Reporter.java:89)
at com.framework.utils.Reporter.reportStep(Reporter.java:116)
at com.framework.selenium.api.base.SeleniumBase.takeSnap(SeleniumBase.java:906)
at com.framework.utils.Reporter.reportStep(Reporter.java:89)
at com.framework.utils.Reporter.reportStep(Reporter.java:116)
at com.framework.selenium.api.base.SeleniumBase.takeSnap(SeleniumBase.java:906)
at com.framework.utils.Reporter.reportStep(Reporter.java:89)
at com.framework.utils.Reporter.reportStep(Reporter.java:116)
at com.framework.selenium.api.base.SeleniumBase.takeSnap(SeleniumBase.java:906)
at com.framework.utils.Reporter.reportStep(Reporter.java:89)
at com.framework.utils.Reporter.reportStep(Reporter.java:116)
at com.framework.selenium.api.base.SeleniumBase.takeSnap(SeleniumBase.java:906)
at com.framework.utils.Reporter.reportStep(Reporter.java:89)
at com.framework.utils.Reporter.reportStep(Reporter.java:116)
at com.framework.selenium.api.base.SeleniumBase.takeSnap(SeleniumBase.java:906)
at com.framework.utils.Reporter.reportStep(Reporter.java:89)
at com.framework.utils.Reporter.reportStep(Reporter.java:116)
at com.framework.selenium.api.base.SeleniumBase.takeSnap(SeleniumBase.java:906)
at com.framework.utils.Reporter.reportStep(Reporter.java:89)
at com.framework.utils.Reporter.reportStep(Reporter.java:116)
at com.framework.selenium.api.base.SeleniumBase.takeSnap(SeleniumBase.java:906)
at com.framework.utils.Reporter.reportStep(Reporter.java:89)
at com.framework.utils.Reporter.reportStep(Reporter.java:116)
at com.framework.selenium.api.base.SeleniumBase.takeSnap(SeleniumBase.java:906)
at com.framework.utils.Reporter.reportStep(Reporter.java:89)
at com.framework.utils.Reporter.reportStep(Reporter.java:116)
at com.framework.selenium.api.base.SeleniumBase.takeSnap(SeleniumBase.java:906)
at com.framework.utils.Reporter.reportStep(Reporter.java:89)
at com.framework.utils.Reporter.reportStep(Reporter.java:116)
at com.framework.selenium.api.base.SeleniumBase.takeSnap(SeleniumBase.java:906)
at com.framework.utils.Reporter.reportStep(Reporter.java:89)
at com.framework.utils.Reporter.reportStep(Reporter.java:116)
at com.framework.selenium.api.base.SeleniumBase.takeSnap(SeleniumBase.java:906)
at com.framework.utils.Reporter.reportStep(Reporter.java:89)
at com.framework.utils.Reporter.reportStep(Reporter.java:116)
at com.framework.selenium.api.base.SeleniumBase.takeSnap(SeleniumBase.java:906)
at com.framework.utils.Reporter.reportStep(Reporter.java:89)
at com.framework.utils.Reporter.reportStep(Reporter.java:116)
at com.framework.selenium.api.base.SeleniumBase.takeSnap(SeleniumBase.java:906)
at com.framework.utils.Reporter.reportStep(Reporter.java:89)
at com.framework.utils.Reporter.reportStep(Reporter.java:116)
at com.framework.selenium.api.base.SeleniumBase.takeSnap(SeleniumBase.java:906)
at com.framework.utils.Reporter.reportStep(Reporter.java:89)
at com.framework.utils.Reporter.reportStep(Reporter.java:116)
at com.framework.selenium.api.base.SeleniumBase.takeSnap(SeleniumBase.java:906)
at com.framework.utils.Reporter.reportStep(Reporter.java:89)
at com.framework.utils.Reporter.reportStep(Reporter.java:116)
at com.framework.selenium.api.base.SeleniumBase.takeSnap(SeleniumBase.java:906)
at com.framework.utils.Reporter.reportStep(Reporter.java:89)
at com.framework.utils.Reporter.reportStep(Reporter.java:116)
at com.framework.selenium.api.base.SeleniumBase.takeSnap(SeleniumBase.java:906)
at com.framework.utils.Reporter.reportStep(Reporter.java:89)
at com.framework.utils.Reporter.reportStep(Reporter.java:116)
at com.framework.selenium.api.base.SeleniumBase.takeSnap(SeleniumBase.java:906)
at com.framework.utils.Reporter.reportStep(Reporter.java:89)
at com.framework.utils.Reporter.reportStep(Reporter.java:116)
at com.framework.selenium.api.base.SeleniumBase.takeSnap(SeleniumBase.java:906)
at com.framework.utils.Reporter.reportStep(Reporter.java:89)
at com.framework.utils.Reporter.reportStep(Reporter.java:116)
at com.framework.selenium.api.base.SeleniumBase.takeSnap(SeleniumBase.java:906)
at com.framework.utils.Reporter.reportStep(Reporter.java:89)
at com.framework.utils.Reporter.reportStep(Reporter.java:116)
at com.framework.selenium.api.base.SeleniumBase.takeSnap(SeleniumBase.java:906)
at com.framework.utils.Reporter.reportStep(Reporter.java:89)
at com.framework.utils.Reporter.reportStep(Reporter.java:116)
at com.framework.selenium.api.base.SeleniumBase.takeSnap(SeleniumBase.java:906)
at com.framework.utils.Reporter.reportStep(Reporter.java:89)
at com.framework.utils.Reporter.reportStep(Reporter.java:116)
at com.framework.selenium.api.base.SeleniumBase.takeSnap(SeleniumBase.java:906)
at com.framework.utils.Reporter.reportStep(Reporter.java:89)
at com.framework.utils.Reporter.reportStep(Reporter.java:116)
at com.framework.selenium.api.base.SeleniumBase.takeSnap(SeleniumBase.java:906)
at com.framework.utils.Reporter.reportStep(Reporter.java:89)
at com.framework.utils.Reporter.reportStep(Reporter.java:116)
at com.framework.selenium.api.base.SeleniumBase.takeSnap(SeleniumBase.java:906)
at com.framework.utils.Reporter.reportStep(Reporter.java:89)
at com.framework.utils.Reporter.reportStep(Reporter.java:116)
at com.framework.selenium.api.base.SeleniumBase.takeSnap(SeleniumBase.java:906)
at com.framework.utils.Reporter.reportStep(Reporter.java:89)
at com.framework.utils.Reporter.reportStep(Reporter.java:116)
at com.framework.selenium.api.base.SeleniumBase.takeSnap(SeleniumBase.java:906)
at com.framework.utils.Reporter.reportStep(Reporter.java:89)
at com.framework.utils.Reporter.reportStep(Reporter.java:116)
at com.framework.selenium.api.base.SeleniumBase.takeSnap(SeleniumBase.java:906)
at com.framework.utils.Reporter.reportStep(Reporter.java:89)
at com.framework.utils.Reporter.reportStep(Reporter.java:116)
at com.framework.selenium.api.base.SeleniumBase.takeSnap(SeleniumBase.java:906)
at com.framework.utils.Reporter.reportStep(Reporter.java:89)
at com.framework.utils.Reporter.reportStep(Reporter.java:116)
at com.framework.selenium.api.base.SeleniumBase.takeSnap(SeleniumBase.java:906)
at com.framework.utils.Reporter.reportStep(Reporter.java:89)
at com.framework.utils.Reporter.reportStep(Reporter.java:116)
at com.framework.selenium.api.base.SeleniumBase.takeSnap(SeleniumBase.java:906)
at com.framework.utils.Reporter.reportStep(Reporter.java:89)
at com.framework.utils.Reporter.reportStep(Reporter.java:116)
at com.framework.selenium.api.base.SeleniumBase.takeSnap(SeleniumBase.java:906)
at com.framework.utils.Reporter.reportStep(Reporter.java:89)
at com.framework.utils.Reporter.reportStep(Reporter.java:116)
at com.framework.selenium.api.base.SeleniumBase.takeSnap(SeleniumBase.java:906)
at com.framework.utils.Reporter.reportStep(Reporter.java:89)
at com.framework.utils.Reporter.reportStep(Reporter.java:116)
at com.framework.selenium.api.base.SeleniumBase.takeSnap(SeleniumBase.java:906)
at com.framework.utils.Reporter.reportStep(Reporter.java:89)
at com.framework.utils.Reporter.reportStep(Reporter.java:116)
at com.framework.selenium.api.base.SeleniumBase.takeSnap(SeleniumBase.java:906)
at com.framework.utils.Reporter.reportStep(Reporter.java:89)
at com.framework.utils.Reporter.reportStep(Reporter.java:116)
at com.framework.selenium.api.base.SeleniumBase.takeSnap(SeleniumBase.java:906)
at com.framework.utils.Reporter.reportStep(Reporter.java:89)
at com.framework.utils.Reporter.reportStep(Reporter.java:116)
at com.framework.selenium.api.base.SeleniumBase.takeSnap(SeleniumBase.java:906)
at com.framework.utils.Reporter.reportStep(Reporter.java:89)
at com.framework.utils.Reporter.reportStep(Reporter.java:116)
at com.framework.selenium.api.base.SeleniumBase.takeSnap(SeleniumBase.java:906)
at com.framework.utils.Reporter.reportStep(Reporter.java:89)
at com.framework.utils.Reporter.reportStep(Reporter.java:116)
at com.framework.selenium.api.base.SeleniumBase.takeSnap(SeleniumBase.java:906)
at com.framework.utils.Reporter.reportStep(Reporter.java:89)
at com.framework.utils.Reporter.reportStep(Reporter.java:116)
at com.framework.selenium.api.base.SeleniumBase.takeSnap(SeleniumBase.java:906)
at com.framework.utils.Reporter.reportStep(Reporter.java:89)
at com.framework.utils.Reporter.reportStep(Reporter.java:116)
at com.framework.selenium.api.base.SeleniumBase.takeSnap(SeleniumBase.java:906)
at com.framework.utils.Reporter.reportStep(Reporter.java:89)
at com.framework.utils.Reporter.reportStep(Reporter.java:116)
at com.framework.selenium.api.base.SeleniumBase.takeSnap(SeleniumBase.java:906)
at com.framework.utils.Reporter.reportStep(Reporter.java:89)
at com.framework.utils.Reporter.reportStep(Reporter.java:116)
at com.framework.selenium.api.base.SeleniumBase.takeSnap(SeleniumBase.java:906)
at com.framework.utils.Reporter.reportStep(Reporter.java:89)
at com.framework.utils.Reporter.reportStep(Reporter.java:116)
at com.framework.selenium.api.base.SeleniumBase.takeSnap(SeleniumBase.java:906)
at com.framework.utils.Reporter.reportStep(Reporter.java:89)
at com.framework.utils.Reporter.reportStep(Reporter.java:116)
at com.framework.selenium.api.base.SeleniumBase.takeSnap(SeleniumBase.java:906)
at com.framework.utils.Reporter.reportStep(Reporter.java:89)
at com.framework.utils.Reporter.reportStep(Reporter.java:116)
at com.framework.selenium.api.base.SeleniumBase.takeSnap(SeleniumBase.java:906)
at com.framework.utils.Reporter.reportStep(Reporter.java:89)
at com.framework.utils.Reporter.reportStep(Reporter.java:116)
at com.framework.selenium.api.base.SeleniumBase.takeSnap(SeleniumBase.java:906)
at com.framework.utils.Reporter.reportStep(Reporter.java:89)
at com.framework.utils.Reporter.reportStep(Reporter.java:116)
at com.framework.selenium.api.base.SeleniumBase.takeSnap(SeleniumBase.java:906)
at com.framework.utils.Reporter.reportStep(Reporter.java:89)
at com.framework.utils.Reporter.reportStep(Reporter.java:116)
at com.framework.selenium.api.base.SeleniumBase.takeSnap(SeleniumBase.java:906)
at com.framework.utils.Reporter.reportStep(Reporter.java:89)
at com.framework.utils.Reporter.reportStep(Reporter.java:116)
at com.framework.selenium.api.base.SeleniumBase.takeSnap(SeleniumBase.java:906)
at com.framework.utils.Reporter.reportStep(Reporter.java:89)
at com.framework.utils.Reporter.reportStep(Reporter.java:116)
at com.framework.selenium.api.base.SeleniumBase.takeSnap(SeleniumBase.java:906)
at com.framework.utils.Reporter.reportStep(Reporter.java:89)
at com.framework.utils.Reporter.reportStep(Reporter.java:116)
at com.framework.selenium.api.base.SeleniumBase.takeSnap(SeleniumBase.java:906)
at com.framework.utils.Reporter.reportStep(Reporter.java:89)
at com.framework.utils.Reporter.reportStep(Reporter.java:116)
at com.framework.selenium.api.base.SeleniumBase.takeSnap(SeleniumBase.java:906)
at com.framework.utils.Reporter.reportStep(Reporter.java:89)
at com.framework.utils.Reporter.reportStep(Reporter.java:116)
at com.framework.selenium.api.base.SeleniumBase.takeSnap(SeleniumBase.java:906)
at com.framework.utils.Reporter.reportStep(Reporter.java:89)
at com.framework.utils.Reporter.reportStep(Reporter.java:116)
at com.framework.selenium.api.base.SeleniumBase.takeSnap(SeleniumBase.java:906)
at com.framework.utils.Reporter.reportStep(Reporter.java:89)
at com.framework.utils.Reporter.reportStep(Reporter.java:116)
at com.framework.selenium.api.base.SeleniumBase.takeSnap(SeleniumBase.java:906)
at com.framework.utils.Reporter.reportStep(Reporter.java:89)
at com.framework.utils.Reporter.reportStep(Reporter.java:116)
at com.framework.selenium.api.base.SeleniumBase.takeSnap(SeleniumBase.java:906)
at com.framework.utils.Reporter.reportStep(Reporter.java:89)
at com.framework.utils.Reporter.reportStep(Reporter.java:116)
at com.framework.selenium.api.base.SeleniumBase.takeSnap(SeleniumBase.java:906)
at com.framework.utils.Reporter.reportStep(Reporter.java:89)
at com.framework.utils.Reporter.reportStep(Reporter.java:116)
at com.framework.selenium.api.base.SeleniumBase.takeSnap(SeleniumBase.java:906)
at com.framework.utils.Reporter.reportStep(Reporter.java:89)
at com.framework.utils.Reporter.reportStep(Reporter.java:116)
at com.framework.selenium.api.base.SeleniumBase.takeSnap(SeleniumBase.java:906)
at com.framework.utils.Reporter.reportStep(Reporter.java:89)
at com.framework.utils.Reporter.reportStep(Reporter.java:116)
at com.framework.selenium.api.base.SeleniumBase.takeSnap(SeleniumBase.java:906)
at com.framework.utils.Reporter.reportStep(Reporter.java:89)
at com.framework.utils.Reporter.reportStep(Reporter.java:116)
at com.framework.selenium.api.base.SeleniumBase.takeSnap(SeleniumBase.java:906)
at com.framework.utils.Reporter.reportStep(Reporter.java:89)
at com.framework.utils.Reporter.reportStep(Reporter.java:116)
at com.framework.selenium.api.base.SeleniumBase.takeSnap(SeleniumBase.java:906)
at com.framework.utils.Reporter.reportStep(Reporter.java:89)
at com.framework.utils.Reporter.reportStep(Reporter.java:116)
at com.framework.selenium.api.base.SeleniumBase.takeSnap(SeleniumBase.java:906)
at com.framework.utils.Reporter.reportStep(Reporter.java:89)
at com.framework.utils.Reporter.reportStep(Reporter.java:116)
at com.framework.selenium.api.base.SeleniumBase.takeSnap(SeleniumBase.java:906)
at com.framework.utils.Reporter.reportStep(Reporter.java:89)
at com.framework.utils.Reporter.reportStep(Reporter.java:116)
at com.framework.selenium.api.base.SeleniumBase.takeSnap(SeleniumBase.java:906)
at com.framework.utils.Reporter.reportStep(Reporter.java:89)
at com.framework.utils.Reporter.reportStep(Reporter.java:116)
at com.framework.selenium.api.base.SeleniumBase.takeSnap(SeleniumBase.java:906)
at com.framework.utils.Reporter.reportStep(Reporter.java:89)
at com.framework.utils.Reporter.reportStep(Reporter.java:116)
at com.framework.selenium.api.base.SeleniumBase.takeSnap(SeleniumBase.java:906)
at com.framework.utils.Reporter.reportStep(Reporter.java:89)
at com.framework.utils.Reporter.reportStep(Reporter.java:116)
at com.framework.selenium.api.base.SeleniumBase.takeSnap(SeleniumBase.java:906)
at com.framework.utils.Reporter.reportStep(Reporter.java:89)
at com.framework.utils.Reporter.reportStep(Reporter.java:116)
at com.framework.selenium.api.base.SeleniumBase.takeSnap(SeleniumBase.java:906)
at com.framework.utils.Reporter.reportStep(Reporter.java:89)
at com.framework.utils.Reporter.reportStep(Reporter.java:116)
at com.framework.selenium.api.base.SeleniumBase.takeSnap(SeleniumBase.java:906)
at com.framework.utils.Reporter.reportStep(Reporter.java:89)
at com.framework.utils.Reporter.reportStep(Reporter.java:116)
at com.framework.selenium.api.base.SeleniumBase.takeSnap(SeleniumBase.java:906)
at com.framework.utils.Reporter.reportStep(Reporter.java:89)
at com.framework.utils.Reporter.reportStep(Reporter.java:116)
at com.framework.selenium.api.base.SeleniumBase.takeSnap(SeleniumBase.java:906)
at com.framework.utils.Reporter.reportStep(Reporter.java:89)
at com.framework.utils.Reporter.reportStep(Reporter.java:116)
at com.framework.selenium.api.base.SeleniumBase.takeSnap(SeleniumBase.java:906)
at com.framework.utils.Reporter.reportStep(Reporter.java:89)
at com.framework.utils.Reporter.reportStep(Reporter.java:116)
at com.framework.selenium.api.base.SeleniumBase.takeSnap(SeleniumBase.java:906)
at com.framework.utils.Reporter.reportStep(Reporter.java:89)
at com.framework.utils.Reporter.reportStep(Reporter.java:116)
at com.framework.selenium.api.base.SeleniumBase.takeSnap(SeleniumBase.java:906)
at com.framework.utils.Reporter.reportStep(Reporter.java:89)
at com.framework.utils.Reporter.reportStep(Reporter.java:116)
at com.framework.selenium.api.base.SeleniumBase.takeSnap(SeleniumBase.java:906)
at com.framework.utils.Reporter.reportStep(Reporter.java:89)
at com.framework.utils.Reporter.reportStep(Reporter.java:116)
at com.framework.selenium.api.base.SeleniumBase.takeSnap(SeleniumBase.java:906)
at com.framework.utils.Reporter.reportStep(Reporter.java:89)
at com.framework.utils.Reporter.reportStep(Reporter.java:116)
at com.framework.selenium.api.base.SeleniumBase.takeSnap(SeleniumBase.java:906)
at com.framework.utils.Reporter.reportStep(Reporter.java:89)
at com.framework.utils.Reporter.reportStep(Reporter.java:116)
at com.framework.selenium.api.base.SeleniumBase.takeSnap(SeleniumBase.java:906)
at com.framework.utils.Reporter.reportStep(Reporter.java:89)
at com.framework.utils.Reporter.reportStep(Reporter.java:116)
at com.framework.selenium.api.base.SeleniumBase.takeSnap(SeleniumBase.java:906)
at com.framework.utils.Reporter.reportStep(Reporter.java:89)
at com.framework.utils.Reporter.reportStep(Reporter.java:116)
at com.framework.selenium.api.base.SeleniumBase.takeSnap(SeleniumBase.java:906)
at com.framework.utils.Reporter.reportStep(Reporter.java:89)
at com.framework.utils.Reporter.reportStep(Reporter.java:116)
at com.framework.selenium.api.base.SeleniumBase.takeSnap(SeleniumBase.java:906)
at com.framework.utils.Reporter.reportStep(Reporter.java:89)
at com.framework.utils.Reporter.reportStep(Reporter.java:116)
at com.framework.selenium.api.base.SeleniumBase.takeSnap(SeleniumBase.java:906)
at com.framework.utils.Reporter.reportStep(Reporter.java:89)
at com.framework.utils.Reporter.reportStep(Reporter.java:116)
at com.framework.selenium.api.base.SeleniumBase.takeSnap(SeleniumBase.java:906)
at com.framework.utils.Reporter.reportStep(Reporter.java:89)
at com.framework.utils.Reporter.reportStep(Reporter.java:116)
at com.framework.selenium.api.base.SeleniumBase.takeSnap(SeleniumBase.java:906)
at com.framework.utils.Reporter.reportStep(Reporter.java:89)
at com.framework.utils.Reporter.reportStep(Reporter.java:116)
at com.framework.selenium.api.base.SeleniumBase.takeSnap(SeleniumBase.java:906)
at com.framework.utils.Reporter.reportStep(Reporter.java:89)
at com.framework.utils.Reporter.reportStep(Reporter.java:116)
at com.framework.selenium.api.base.SeleniumBase.takeSnap(SeleniumBase.java:906)
at com.framework.utils.Reporter.reportStep(Reporter.java:89)
at com.framework.utils.Reporter.reportStep(Reporter.java:116)
at com.framework.selenium.api.base.SeleniumBase.takeSnap(SeleniumBase.java:906)
at com.framework.utils.Reporter.reportStep(Reporter.java:89)
at com.framework.utils.Reporter.reportStep(Reporter.java:116)
at com.framework.selenium.api.base.SeleniumBase.takeSnap(SeleniumBase.java:906)
at com.framework.utils.Reporter.reportStep(Reporter.java:89)
at com.framework.utils.Reporter.reportStep(Reporter.java:116)
at com.framework.selenium.api.base.SeleniumBase.takeSnap(SeleniumBase.java:906)
at com.framework.utils.Reporter.reportStep(Reporter.java:89)
at com.framework.utils.Reporter.reportStep(Reporter.java:116)
at com.framework.selenium.api.base.SeleniumBase.takeSnap(SeleniumBase.java:906)
at com.framework.utils.Reporter.reportStep(Reporter.java:89)
at com.framework.utils.Reporter.reportStep(Reporter.java:116)
at com.framework.selenium.api.base.SeleniumBase.takeSnap(SeleniumBase.java:906)
at com.framework.utils.Reporter.reportStep(Reporter.java:89)
at com.framework.utils.Reporter.reportStep(Reporter.java:116)
at com.framework.selenium.api.base.SeleniumBase.takeSnap(SeleniumBase.java:906)
at com.framework.utils.Reporter.reportStep(Reporter.java:89)
at com.framework.utils.Reporter.reportStep(Reporter.java:116)
at com.framework.selenium.api.base.SeleniumBase.takeSnap(SeleniumBase.java:906)
at com.framework.utils.Reporter.reportStep(Reporter.java:89)
at com.framework.utils.Reporter.reportStep(Reporter.java:116)
at com.framework.selenium.api.base.SeleniumBase.takeSnap(SeleniumBase.java:906)
at com.framework.utils.Reporter.reportStep(Reporter.java:89)
at com.framework.utils.Reporter.reportStep(Reporter.java:116)
at com.framework.selenium.api.base.SeleniumBase.takeSnap(SeleniumBase.java:906)
at com.framework.utils.Reporter.reportStep(Reporter.java:89)
at com.framework.utils.Reporter.reportStep(Reporter.java:116)
at com.framework.selenium.api.base.SeleniumBase.takeSnap(SeleniumBase.java:906)
at com.framework.utils.Reporter.reportStep(Reporter.java:89)
at com.framework.utils.Reporter.reportStep(Reporter.java:116)
at com.framework.selenium.api.base.SeleniumBase.takeSnap(SeleniumBase.java:906)
at com.framework.utils.Reporter.reportStep(Reporter.java:89)
at com.framework.utils.Reporter.reportStep(Reporter.java:116)
at com.framework.selenium.api.base.SeleniumBase.takeSnap(SeleniumBase.java:906)
at com.framework.utils.Reporter.reportStep(Reporter.java:89)
at com.framework.utils.Reporter.reportStep(Reporter.java:116)
at com.framework.selenium.api.base.SeleniumBase.takeSnap(SeleniumBase.java:906)
at com.framework.utils.Reporter.reportStep(Reporter.java:89)
at com.framework.utils.Reporter.reportStep(Reporter.java:116)
at com.framework.selenium.api.base.SeleniumBase.takeSnap(SeleniumBase.java:906)
at com.framework.utils.Reporter.reportStep(Reporter.java:89)
at com.framework.utils.Reporter.reportStep(Reporter.java:116)
at com.framework.selenium.api.base.SeleniumBase.takeSnap(SeleniumBase.java:906)
at com.framework.utils.Reporter.reportStep(Reporter.java:89)
at com.framework.utils.Reporter.reportStep(Reporter.java:116)
at com.framework.selenium.api.base.SeleniumBase.takeSnap(SeleniumBase.java:906)
at com.framework.utils.Reporter.reportStep(Reporter.java:89)
at com.framework.utils.Reporter.reportStep(Reporter.java:116)
at com.framework.selenium.api.base.SeleniumBase.takeSnap(SeleniumBase.java:906)
at com.framework.utils.Reporter.reportStep(Reporter.java:89)
at com.framework.utils.Reporter.reportStep(Reporter.java:116)
at com.framework.selenium.api.base.SeleniumBase.takeSnap(SeleniumBase.java:906)
at com.framework.utils.Reporter.reportStep(Reporter.java:89)
at com.framework.utils.Reporter.reportStep(Reporter.java:116)
at com.framework.selenium.api.base.SeleniumBase.takeSnap(SeleniumBase.java:906)
at com.framework.utils.Reporter.reportStep(Reporter.java:89)
at com.framework.utils.Reporter.reportStep(Reporter.java:116)
at com.framework.selenium.api.base.SeleniumBase.takeSnap(SeleniumBase.java:906)
at com.framework.utils.Reporter.reportStep(Reporter.java:89)
at com.framework.utils.Reporter.reportStep(Reporter.java:116)
at com.framework.selenium.api.base.SeleniumBase.takeSnap(SeleniumBase.java:906)
at com.framework.utils.Reporter.reportStep(Reporter.java:89)
at com.framework.utils.Reporter.reportStep(Reporter.java:116)
at com.framework.selenium.api.base.SeleniumBase.takeSnap(SeleniumBase.java:906)
at com.framework.utils.Reporter.reportStep(Reporter.java:89)
at com.framework.utils.Reporter.reportStep(Reporter.java:116)
at com.framework.selenium.api.base.SeleniumBase.takeSnap(SeleniumBase.java:906)
at com.framework.utils.Reporter.reportStep(Reporter.java:89)
at com.framework.utils.Reporter.reportStep(Reporter.java:116)
at com.framework.selenium.api.base.SeleniumBase.takeSnap(SeleniumBase.java:906)
at com.framework.utils.Reporter.reportStep(Reporter.java:89)
at com.framework.utils.Reporter.reportStep(Reporter.java:116)
at com.framework.selenium.api.base.SeleniumBase.takeSnap(SeleniumBase.java:906)
at com.framework.utils.Reporter.reportStep(Reporter.java:89)
at com.framework.utils.Reporter.reportStep(Reporter.java:116)
at com.framework.selenium.api.base.SeleniumBase.takeSnap(SeleniumBase.java:906)
at com.framework.utils.Reporter.reportStep(Reporter.java:89)
at com.framework.utils.Reporter.reportStep(Reporter.java:116)
at com.framework.selenium.api.base.SeleniumBase.takeSnap(SeleniumBase.java:906)
at com.framework.utils.Reporter.reportStep(Reporter.java:89)
at com.framework.utils.Reporter.reportStep(Reporter.java:116)
at com.framework.selenium.api.base.SeleniumBase.takeSnap(SeleniumBase.java:906)
at com.framework.utils.Reporter.reportStep(Reporter.java:89)
at com.framework.utils.Reporter.reportStep(Reporter.java:116)
at com.framework.selenium.api.base.SeleniumBase.takeSnap(SeleniumBase.java:906)
at com.framework.utils.Reporter.reportStep(Reporter.java:89)
at com.framework.utils.Reporter.reportStep(Reporter.java:116)
at com.framework.selenium.api.base.SeleniumBase.takeSnap(SeleniumBase.java:906)
at com.framework.utils.Reporter.reportStep(Reporter.java:89)
at com.framework.utils.Reporter.reportStep(Reporter.java:116)
at com.framework.selenium.api.base.SeleniumBase.takeSnap(SeleniumBase.java:906)
at com.framework.utils.Reporter.reportStep(Reporter.java:89)
at com.framework.utils.Reporter.reportStep(Reporter.java:116)
at com.framework.selenium.api.base.SeleniumBase.takeSnap(SeleniumBase.java:906)
at com.framework.utils.Reporter.reportStep(Reporter.java:89)
at com.framework.utils.Reporter.reportStep(Reporter.java:116)
at com.framework.selenium.api.base.SeleniumBase.takeSnap(SeleniumBase.java:906)
at com.framework.utils.Reporter.reportStep(Reporter.java:89)
at com.framework.utils.Reporter.reportStep(Reporter.java:116)
at com.framework.selenium.api.base.SeleniumBase.takeSnap(SeleniumBase.java:906)
at com.framework.utils.Reporter.reportStep(Reporter.java:89)
at com.framework.utils.Reporter.reportStep(Reporter.java:116)
at com.framework.selenium.api.base.SeleniumBase.takeSnap(SeleniumBase.java:906)
at com.framework.utils.Reporter.reportStep(Reporter.java:89)
at com.framework.utils.Reporter.reportStep(Reporter.java:116)
at com.framework.selenium.api.base.SeleniumBase.takeSnap(SeleniumBase.java:906)
at com.framework.utils.Reporter.reportStep(Reporter.java:89)
at com.framework.utils.Reporter.reportStep(Reporter.java:116)
at com.framework.selenium.api.base.SeleniumBase.takeSnap(SeleniumBase.java:906)
at com.framework.utils.Reporter.reportStep(Reporter.java:89)
at com.framework.utils.Reporter.reportStep(Reporter.java:116)
at com.framework.selenium.api.base.SeleniumBase.takeSnap(SeleniumBase.java:906)
at com.framework.utils.Reporter.reportStep(Reporter.java:89)
at com.framework.utils.Reporter.reportStep(Reporter.java:116)
at com.framework.selenium.api.base.SeleniumBase.takeSnap(SeleniumBase.java:906)
at com.framework.utils.Reporter.reportStep(Reporter.java:89)
at com.framework.utils.Reporter.reportStep(Reporter.java:116)
at com.framework.selenium.api.base.SeleniumBase.takeSnap(SeleniumBase.java:906)
at com.framework.utils.Reporter.reportStep(Reporter.java:89)
at com.framework.utils.Reporter.reportStep(Reporter.java:116)
at com.framework.selenium.api.base.SeleniumBase.takeSnap(SeleniumBase.java:906)
at com.framework.utils.Reporter.reportStep(Reporter.java:89)
at com.framework.utils.Reporter.reportStep(Reporter.java:116)
at com.framework.selenium.api.base.SeleniumBase.takeSnap(SeleniumBase.java:906)
at com.framework.utils.Reporter.reportStep(Reporter.java:89)
at com.framework.utils.Reporter.reportStep(Reporter.java:116)
at com.framework.selenium.api.base.SeleniumBase.takeSnap(SeleniumBase.java:906)
at com.framework.utils.Reporter.reportStep(Reporter.java:89)
at com.framework.utils.Reporter.reportStep(Reporter.java:116)
at com.framework.selenium.api.base.SeleniumBase.takeSnap(SeleniumBase.java:906)
at com.framework.utils.Reporter.reportStep(Reporter.java:89)
at com.framework.utils.Reporter.reportStep(Reporter.java:116)
at com.framework.selenium.api.base.SeleniumBase.takeSnap(SeleniumBase.java:906)
at com.framework.utils.Reporter.reportStep(Reporter.java:89)
at com.framework.utils.Reporter.reportStep(Reporter.java:116)
at com.framework.selenium.api.base.SeleniumBase.takeSnap(SeleniumBase.java:906)
at com.framework.utils.Reporter.reportStep(Reporter.java:89)
at com.framework.utils.Reporter.reportStep(Reporter.java:116)
at com.framework.selenium.api.base.SeleniumBase.takeSnap(SeleniumBase.java:906)
]]>
    </failure>
  </testcase> <!-- @BeforeMethod preCondition -->
  <testcase classname="com.framework.testng.api.base.ProjectSpecificMethods" name="@AfterMethod postCondition" time="-1.696225651819E9">
    <skipped/>
  </testcase> <!-- @AfterMethod postCondition -->
  <testcase classname="com.framework.testng.api.base.ProjectSpecificMethods" name="@BeforeMethod preCondition" time="1.793">
    <failure type="java.lang.StackOverflowError">
      <![CDATA[java.lang.StackOverflowError
at com.framework.selenium.api.base.SeleniumBase.takeSnap(SeleniumBase.java:899)
at com.framework.utils.Reporter.reportStep(Reporter.java:89)
at com.framework.utils.Reporter.reportStep(Reporter.java:116)
at com.framework.selenium.api.base.SeleniumBase.takeSnap(SeleniumBase.java:906)
at com.framework.utils.Reporter.reportStep(Reporter.java:89)
at com.framework.utils.Reporter.reportStep(Reporter.java:116)
at com.framework.selenium.api.base.SeleniumBase.takeSnap(SeleniumBase.java:906)
at com.framework.utils.Reporter.reportStep(Reporter.java:89)
at com.framework.utils.Reporter.reportStep(Reporter.java:116)
at com.framework.selenium.api.base.SeleniumBase.takeSnap(SeleniumBase.java:906)
at com.framework.utils.Reporter.reportStep(Reporter.java:89)
at com.framework.utils.Reporter.reportStep(Reporter.java:116)
at com.framework.selenium.api.base.SeleniumBase.takeSnap(SeleniumBase.java:906)
at com.framework.utils.Reporter.reportStep(Reporter.java:89)
at com.framework.utils.Reporter.reportStep(Reporter.java:116)
at com.framework.selenium.api.base.SeleniumBase.takeSnap(SeleniumBase.java:906)
at com.framework.utils.Reporter.reportStep(Reporter.java:89)
at com.framework.utils.Reporter.reportStep(Reporter.java:116)
at com.framework.selenium.api.base.SeleniumBase.takeSnap(SeleniumBase.java:906)
at com.framework.utils.Reporter.reportStep(Reporter.java:89)
at com.framework.utils.Reporter.reportStep(Reporter.java:116)
at com.framework.selenium.api.base.SeleniumBase.takeSnap(SeleniumBase.java:906)
at com.framework.utils.Reporter.reportStep(Reporter.java:89)
at com.framework.utils.Reporter.reportStep(Reporter.java:116)
at com.framework.selenium.api.base.SeleniumBase.takeSnap(SeleniumBase.java:906)
at com.framework.utils.Reporter.reportStep(Reporter.java:89)
at com.framework.utils.Reporter.reportStep(Reporter.java:116)
at com.framework.selenium.api.base.SeleniumBase.takeSnap(SeleniumBase.java:906)
at com.framework.utils.Reporter.reportStep(Reporter.java:89)
at com.framework.utils.Reporter.reportStep(Reporter.java:116)
at com.framework.selenium.api.base.SeleniumBase.takeSnap(SeleniumBase.java:906)
at com.framework.utils.Reporter.reportStep(Reporter.java:89)
at com.framework.utils.Reporter.reportStep(Reporter.java:116)
at com.framework.selenium.api.base.SeleniumBase.takeSnap(SeleniumBase.java:906)
at com.framework.utils.Reporter.reportStep(Reporter.java:89)
at com.framework.utils.Reporter.reportStep(Reporter.java:116)
at com.framework.selenium.api.base.SeleniumBase.takeSnap(SeleniumBase.java:906)
at com.framework.utils.Reporter.reportStep(Reporter.java:89)
at com.framework.utils.Reporter.reportStep(Reporter.java:116)
at com.framework.selenium.api.base.SeleniumBase.takeSnap(SeleniumBase.java:906)
at com.framework.utils.Reporter.reportStep(Reporter.java:89)
at com.framework.utils.Reporter.reportStep(Reporter.java:116)
at com.framework.selenium.api.base.SeleniumBase.takeSnap(SeleniumBase.java:906)
at com.framework.utils.Reporter.reportStep(Reporter.java:89)
at com.framework.utils.Reporter.reportStep(Reporter.java:116)
at com.framework.selenium.api.base.SeleniumBase.takeSnap(SeleniumBase.java:906)
at com.framework.utils.Reporter.reportStep(Reporter.java:89)
at com.framework.utils.Reporter.reportStep(Reporter.java:116)
at com.framework.selenium.api.base.SeleniumBase.takeSnap(SeleniumBase.java:906)
at com.framework.utils.Reporter.reportStep(Reporter.java:89)
at com.framework.utils.Reporter.reportStep(Reporter.java:116)
at com.framework.selenium.api.base.SeleniumBase.takeSnap(SeleniumBase.java:906)
at com.framework.utils.Reporter.reportStep(Reporter.java:89)
at com.framework.utils.Reporter.reportStep(Reporter.java:116)
at com.framework.selenium.api.base.SeleniumBase.takeSnap(SeleniumBase.java:906)
at com.framework.utils.Reporter.reportStep(Reporter.java:89)
at com.framework.utils.Reporter.reportStep(Reporter.java:116)
at com.framework.selenium.api.base.SeleniumBase.takeSnap(SeleniumBase.java:906)
at com.framework.utils.Reporter.reportStep(Reporter.java:89)
at com.framework.utils.Reporter.reportStep(Reporter.java:116)
at com.framework.selenium.api.base.SeleniumBase.takeSnap(SeleniumBase.java:906)
at com.framework.utils.Reporter.reportStep(Reporter.java:89)
at com.framework.utils.Reporter.reportStep(Reporter.java:116)
at com.framework.selenium.api.base.SeleniumBase.takeSnap(SeleniumBase.java:906)
at com.framework.utils.Reporter.reportStep(Reporter.java:89)
at com.framework.utils.Reporter.reportStep(Reporter.java:116)
at com.framework.selenium.api.base.SeleniumBase.takeSnap(SeleniumBase.java:906)
at com.framework.utils.Reporter.reportStep(Reporter.java:89)
at com.framework.utils.Reporter.reportStep(Reporter.java:116)
at com.framework.selenium.api.base.SeleniumBase.takeSnap(SeleniumBase.java:906)
at com.framework.utils.Reporter.reportStep(Reporter.java:89)
at com.framework.utils.Reporter.reportStep(Reporter.java:116)
at com.framework.selenium.api.base.SeleniumBase.takeSnap(SeleniumBase.java:906)
at com.framework.utils.Reporter.reportStep(Reporter.java:89)
at com.framework.utils.Reporter.reportStep(Reporter.java:116)
at com.framework.selenium.api.base.SeleniumBase.takeSnap(SeleniumBase.java:906)
at com.framework.utils.Reporter.reportStep(Reporter.java:89)
at com.framework.utils.Reporter.reportStep(Reporter.java:116)
at com.framework.selenium.api.base.SeleniumBase.takeSnap(SeleniumBase.java:906)
at com.framework.utils.Reporter.reportStep(Reporter.java:89)
at com.framework.utils.Reporter.reportStep(Reporter.java:116)
at com.framework.selenium.api.base.SeleniumBase.takeSnap(SeleniumBase.java:906)
at com.framework.utils.Reporter.reportStep(Reporter.java:89)
at com.framework.utils.Reporter.reportStep(Reporter.java:116)
at com.framework.selenium.api.base.SeleniumBase.takeSnap(SeleniumBase.java:906)
at com.framework.utils.Reporter.reportStep(Reporter.java:89)
at com.framework.utils.Reporter.reportStep(Reporter.java:116)
at com.framework.selenium.api.base.SeleniumBase.takeSnap(SeleniumBase.java:906)
at com.framework.utils.Reporter.reportStep(Reporter.java:89)
at com.framework.utils.Reporter.reportStep(Reporter.java:116)
at com.framework.selenium.api.base.SeleniumBase.takeSnap(SeleniumBase.java:906)
at com.framework.utils.Reporter.reportStep(Reporter.java:89)
at com.framework.utils.Reporter.reportStep(Reporter.java:116)
at com.framework.selenium.api.base.SeleniumBase.takeSnap(SeleniumBase.java:906)
at com.framework.utils.Reporter.reportStep(Reporter.java:89)
at com.framework.utils.Reporter.reportStep(Reporter.java:116)
at com.framework.selenium.api.base.SeleniumBase.takeSnap(SeleniumBase.java:906)
at com.framework.utils.Reporter.reportStep(Reporter.java:89)
at com.framework.utils.Reporter.reportStep(Reporter.java:116)
at com.framework.selenium.api.base.SeleniumBase.takeSnap(SeleniumBase.java:906)
at com.framework.utils.Reporter.reportStep(Reporter.java:89)
at com.framework.utils.Reporter.reportStep(Reporter.java:116)
at com.framework.selenium.api.base.SeleniumBase.takeSnap(SeleniumBase.java:906)
at com.framework.utils.Reporter.reportStep(Reporter.java:89)
at com.framework.utils.Reporter.reportStep(Reporter.java:116)
at com.framework.selenium.api.base.SeleniumBase.takeSnap(SeleniumBase.java:906)
at com.framework.utils.Reporter.reportStep(Reporter.java:89)
at com.framework.utils.Reporter.reportStep(Reporter.java:116)
at com.framework.selenium.api.base.SeleniumBase.takeSnap(SeleniumBase.java:906)
at com.framework.utils.Reporter.reportStep(Reporter.java:89)
at com.framework.utils.Reporter.reportStep(Reporter.java:116)
at com.framework.selenium.api.base.SeleniumBase.takeSnap(SeleniumBase.java:906)
at com.framework.utils.Reporter.reportStep(Reporter.java:89)
at com.framework.utils.Reporter.reportStep(Reporter.java:116)
at com.framework.selenium.api.base.SeleniumBase.takeSnap(SeleniumBase.java:906)
at com.framework.utils.Reporter.reportStep(Reporter.java:89)
at com.framework.utils.Reporter.reportStep(Reporter.java:116)
at com.framework.selenium.api.base.SeleniumBase.takeSnap(SeleniumBase.java:906)
at com.framework.utils.Reporter.reportStep(Reporter.java:89)
at com.framework.utils.Reporter.reportStep(Reporter.java:116)
at com.framework.selenium.api.base.SeleniumBase.takeSnap(SeleniumBase.java:906)
at com.framework.utils.Reporter.reportStep(Reporter.java:89)
at com.framework.utils.Reporter.reportStep(Reporter.java:116)
at com.framework.selenium.api.base.SeleniumBase.takeSnap(SeleniumBase.java:906)
at com.framework.utils.Reporter.reportStep(Reporter.java:89)
at com.framework.utils.Reporter.reportStep(Reporter.java:116)
at com.framework.selenium.api.base.SeleniumBase.takeSnap(SeleniumBase.java:906)
at com.framework.utils.Reporter.reportStep(Reporter.java:89)
at com.framework.utils.Reporter.reportStep(Reporter.java:116)
at com.framework.selenium.api.base.SeleniumBase.takeSnap(SeleniumBase.java:906)
at com.framework.utils.Reporter.reportStep(Reporter.java:89)
at com.framework.utils.Reporter.reportStep(Reporter.java:116)
at com.framework.selenium.api.base.SeleniumBase.takeSnap(SeleniumBase.java:906)
at com.framework.utils.Reporter.reportStep(Reporter.java:89)
at com.framework.utils.Reporter.reportStep(Reporter.java:116)
at com.framework.selenium.api.base.SeleniumBase.takeSnap(SeleniumBase.java:906)
at com.framework.utils.Reporter.reportStep(Reporter.java:89)
at com.framework.utils.Reporter.reportStep(Reporter.java:116)
at com.framework.selenium.api.base.SeleniumBase.takeSnap(SeleniumBase.java:906)
at com.framework.utils.Reporter.reportStep(Reporter.java:89)
at com.framework.utils.Reporter.reportStep(Reporter.java:116)
at com.framework.selenium.api.base.SeleniumBase.takeSnap(SeleniumBase.java:906)
at com.framework.utils.Reporter.reportStep(Reporter.java:89)
[...]
at com.framework.selenium.api.base.SeleniumBase.takeSnap(SeleniumBase.java:906)
at com.framework.utils.Reporter.reportStep(Reporter.java:89)
at com.framework.utils.Reporter.reportStep(Reporter.java:116)
at com.framework.selenium.api.base.SeleniumBase.takeSnap(SeleniumBase.java:906)
at com.framework.utils.Reporter.reportStep(Reporter.java:89)
at com.framework.utils.Reporter.reportStep(Reporter.java:116)
at com.framework.selenium.api.base.SeleniumBase.takeSnap(SeleniumBase.java:906)
at com.framework.utils.Reporter.reportStep(Reporter.java:89)
at com.framework.utils.Reporter.reportStep(Reporter.java:116)
at com.framework.selenium.api.base.SeleniumBase.takeSnap(SeleniumBase.java:906)
at com.framework.utils.Reporter.reportStep(Reporter.java:89)
at com.framework.utils.Reporter.reportStep(Reporter.java:116)
at com.framework.selenium.api.base.SeleniumBase.takeSnap(SeleniumBase.java:906)
at com.framework.utils.Reporter.reportStep(Reporter.java:89)
at com.framework.utils.Reporter.reportStep(Reporter.java:116)
at com.framework.selenium.api.base.SeleniumBase.takeSnap(SeleniumBase.java:906)
at com.framework.utils.Reporter.reportStep(Reporter.java:89)
at com.framework.utils.Reporter.reportStep(Reporter.java:116)
at com.framework.selenium.api.base.SeleniumBase.takeSnap(SeleniumBase.java:906)
at com.framework.utils.Reporter.reportStep(Reporter.java:89)
at com.framework.utils.Reporter.reportStep(Reporter.java:116)
at com.framework.selenium.api.base.SeleniumBase.takeSnap(SeleniumBase.java:906)
at com.framework.utils.Reporter.reportStep(Reporter.java:89)
at com.framework.utils.Reporter.reportStep(Reporter.java:116)
at com.framework.selenium.api.base.SeleniumBase.takeSnap(SeleniumBase.java:906)
at com.framework.utils.Reporter.reportStep(Reporter.java:89)
at com.framework.utils.Reporter.reportStep(Reporter.java:116)
at com.framework.selenium.api.base.SeleniumBase.takeSnap(SeleniumBase.java:906)
at com.framework.utils.Reporter.reportStep(Reporter.java:89)
at com.framework.utils.Reporter.reportStep(Reporter.java:116)
at com.framework.selenium.api.base.SeleniumBase.takeSnap(SeleniumBase.java:906)
at com.framework.utils.Reporter.reportStep(Reporter.java:89)
at com.framework.utils.Reporter.reportStep(Reporter.java:116)
at com.framework.selenium.api.base.SeleniumBase.takeSnap(SeleniumBase.java:906)
at com.framework.utils.Reporter.reportStep(Reporter.java:89)
at com.framework.utils.Reporter.reportStep(Reporter.java:116)
at com.framework.selenium.api.base.SeleniumBase.takeSnap(SeleniumBase.java:906)
at com.framework.utils.Reporter.reportStep(Reporter.java:89)
at com.framework.utils.Reporter.reportStep(Reporter.java:116)
at com.framework.selenium.api.base.SeleniumBase.takeSnap(SeleniumBase.java:906)
at com.framework.utils.Reporter.reportStep(Reporter.java:89)
at com.framework.utils.Reporter.reportStep(Reporter.java:116)
at com.framework.selenium.api.base.SeleniumBase.takeSnap(SeleniumBase.java:906)
at com.framework.utils.Reporter.reportStep(Reporter.java:89)
at com.framework.utils.Reporter.reportStep(Reporter.java:116)
at com.framework.selenium.api.base.SeleniumBase.takeSnap(SeleniumBase.java:906)
at com.framework.utils.Reporter.reportStep(Reporter.java:89)
at com.framework.utils.Reporter.reportStep(Reporter.java:116)
at com.framework.selenium.api.base.SeleniumBase.takeSnap(SeleniumBase.java:906)
at com.framework.utils.Reporter.reportStep(Reporter.java:89)
at com.framework.utils.Reporter.reportStep(Reporter.java:116)
at com.framework.selenium.api.base.SeleniumBase.takeSnap(SeleniumBase.java:906)
at com.framework.utils.Reporter.reportStep(Reporter.java:89)
at com.framework.utils.Reporter.reportStep(Reporter.java:116)
at com.framework.selenium.api.base.SeleniumBase.takeSnap(SeleniumBase.java:906)
at com.framework.utils.Reporter.reportStep(Reporter.java:89)
at com.framework.utils.Reporter.reportStep(Reporter.java:116)
at com.framework.selenium.api.base.SeleniumBase.takeSnap(SeleniumBase.java:906)
at com.framework.utils.Reporter.reportStep(Reporter.java:89)
at com.framework.utils.Reporter.reportStep(Reporter.java:116)
at com.framework.selenium.api.base.SeleniumBase.takeSnap(SeleniumBase.java:906)
at com.framework.utils.Reporter.reportStep(Reporter.java:89)
at com.framework.utils.Reporter.reportStep(Reporter.java:116)
at com.framework.selenium.api.base.SeleniumBase.takeSnap(SeleniumBase.java:906)
at com.framework.utils.Reporter.reportStep(Reporter.java:89)
at com.framework.utils.Reporter.reportStep(Reporter.java:116)
at com.framework.selenium.api.base.SeleniumBase.takeSnap(SeleniumBase.java:906)
at com.framework.utils.Reporter.reportStep(Reporter.java:89)
at com.framework.utils.Reporter.reportStep(Reporter.java:116)
at com.framework.selenium.api.base.SeleniumBase.takeSnap(SeleniumBase.java:906)
at com.framework.utils.Reporter.reportStep(Reporter.java:89)
at com.framework.utils.Reporter.reportStep(Reporter.java:116)
at com.framework.selenium.api.base.SeleniumBase.takeSnap(SeleniumBase.java:906)
at com.framework.utils.Reporter.reportStep(Reporter.java:89)
at com.framework.utils.Reporter.reportStep(Reporter.java:116)
at com.framework.selenium.api.base.SeleniumBase.takeSnap(SeleniumBase.java:906)
at com.framework.utils.Reporter.reportStep(Reporter.java:89)
at com.framework.utils.Reporter.reportStep(Reporter.java:116)
at com.framework.selenium.api.base.SeleniumBase.takeSnap(SeleniumBase.java:906)
at com.framework.utils.Reporter.reportStep(Reporter.java:89)
at com.framework.utils.Reporter.reportStep(Reporter.java:116)
at com.framework.selenium.api.base.SeleniumBase.takeSnap(SeleniumBase.java:906)
at com.framework.utils.Reporter.reportStep(Reporter.java:89)
at com.framework.utils.Reporter.reportStep(Reporter.java:116)
at com.framework.selenium.api.base.SeleniumBase.takeSnap(SeleniumBase.java:906)
at com.framework.utils.Reporter.reportStep(Reporter.java:89)
at com.framework.utils.Reporter.reportStep(Reporter.java:116)
at com.framework.selenium.api.base.SeleniumBase.takeSnap(SeleniumBase.java:906)
at com.framework.utils.Reporter.reportStep(Reporter.java:89)
at com.framework.utils.Reporter.reportStep(Reporter.java:116)
at com.framework.selenium.api.base.SeleniumBase.takeSnap(SeleniumBase.java:906)
at com.framework.utils.Reporter.reportStep(Reporter.java:89)
at com.framework.utils.Reporter.reportStep(Reporter.java:116)
at com.framework.selenium.api.base.SeleniumBase.takeSnap(SeleniumBase.java:906)
at com.framework.utils.Reporter.reportStep(Reporter.java:89)
at com.framework.utils.Reporter.reportStep(Reporter.java:116)
at com.framework.selenium.api.base.SeleniumBase.takeSnap(SeleniumBase.java:906)
at com.framework.utils.Reporter.reportStep(Reporter.java:89)
at com.framework.utils.Reporter.reportStep(Reporter.java:116)
at com.framework.selenium.api.base.SeleniumBase.takeSnap(SeleniumBase.java:906)
at com.framework.utils.Reporter.reportStep(Reporter.java:89)
at com.framework.utils.Reporter.reportStep(Reporter.java:116)
at com.framework.selenium.api.base.SeleniumBase.takeSnap(SeleniumBase.java:906)
at com.framework.utils.Reporter.reportStep(Reporter.java:89)
at com.framework.utils.Reporter.reportStep(Reporter.java:116)
at com.framework.selenium.api.base.SeleniumBase.takeSnap(SeleniumBase.java:906)
at com.framework.utils.Reporter.reportStep(Reporter.java:89)
at com.framework.utils.Reporter.reportStep(Reporter.java:116)
at com.framework.selenium.api.base.SeleniumBase.takeSnap(SeleniumBase.java:906)
at com.framework.utils.Reporter.reportStep(Reporter.java:89)
at com.framework.utils.Reporter.reportStep(Reporter.java:116)
at com.framework.selenium.api.base.SeleniumBase.takeSnap(SeleniumBase.java:906)
at com.framework.utils.Reporter.reportStep(Reporter.java:89)
at com.framework.utils.Reporter.reportStep(Reporter.java:116)
at com.framework.selenium.api.base.SeleniumBase.takeSnap(SeleniumBase.java:906)
at com.framework.utils.Reporter.reportStep(Reporter.java:89)
at com.framework.utils.Reporter.reportStep(Reporter.java:116)
at com.framework.selenium.api.base.SeleniumBase.takeSnap(SeleniumBase.java:906)
at com.framework.utils.Reporter.reportStep(Reporter.java:89)
at com.framework.utils.Reporter.reportStep(Reporter.java:116)
at com.framework.selenium.api.base.SeleniumBase.takeSnap(SeleniumBase.java:906)
at com.framework.utils.Reporter.reportStep(Reporter.java:89)
at com.framework.utils.Reporter.reportStep(Reporter.java:116)
at com.framework.selenium.api.base.SeleniumBase.takeSnap(SeleniumBase.java:906)
at com.framework.utils.Reporter.reportStep(Reporter.java:89)
at com.framework.utils.Reporter.reportStep(Reporter.java:116)
at com.framework.selenium.api.base.SeleniumBase.takeSnap(SeleniumBase.java:906)
at com.framework.utils.Reporter.reportStep(Reporter.java:89)
at com.framework.utils.Reporter.reportStep(Reporter.java:116)
at com.framework.selenium.api.base.SeleniumBase.takeSnap(SeleniumBase.java:906)
at com.framework.utils.Reporter.reportStep(Reporter.java:89)
at com.framework.utils.Reporter.reportStep(Reporter.java:116)
at com.framework.selenium.api.base.SeleniumBase.takeSnap(SeleniumBase.java:906)
at com.framework.utils.Reporter.reportStep(Reporter.java:89)
at com.framework.utils.Reporter.reportStep(Reporter.java:116)
at com.framework.selenium.api.base.SeleniumBase.takeSnap(SeleniumBase.java:906)
at com.framework.utils.Reporter.reportStep(Reporter.java:89)
at com.framework.utils.Reporter.reportStep(Reporter.java:116)
at com.framework.selenium.api.base.SeleniumBase.takeSnap(SeleniumBase.java:906)
at com.framework.utils.Reporter.reportStep(Reporter.java:89)
at com.framework.utils.Reporter.reportStep(Reporter.java:116)
at com.framework.selenium.api.base.SeleniumBase.takeSnap(SeleniumBase.java:906)
at com.framework.utils.Reporter.reportStep(Reporter.java:89)
at com.framework.utils.Reporter.reportStep(Reporter.java:116)
at com.framework.selenium.api.base.SeleniumBase.takeSnap(SeleniumBase.java:906)
at com.framework.utils.Reporter.reportStep(Reporter.java:89)
at com.framework.utils.Reporter.reportStep(Reporter.java:116)
at com.framework.selenium.api.base.SeleniumBase.takeSnap(SeleniumBase.java:906)
at com.framework.utils.Reporter.reportStep(Reporter.java:89)
at com.framework.utils.Reporter.reportStep(Reporter.java:116)
at com.framework.selenium.api.base.SeleniumBase.takeSnap(SeleniumBase.java:906)
at com.framework.utils.Reporter.reportStep(Reporter.java:89)
at com.framework.utils.Reporter.reportStep(Reporter.java:116)
at com.framework.selenium.api.base.SeleniumBase.takeSnap(SeleniumBase.java:906)
at com.framework.utils.Reporter.reportStep(Reporter.java:89)
at com.framework.utils.Reporter.reportStep(Reporter.java:116)
at com.framework.selenium.api.base.SeleniumBase.takeSnap(SeleniumBase.java:906)
at com.framework.utils.Reporter.reportStep(Reporter.java:89)
at com.framework.utils.Reporter.reportStep(Reporter.java:116)
at com.framework.selenium.api.base.SeleniumBase.takeSnap(SeleniumBase.java:906)
at com.framework.utils.Reporter.reportStep(Reporter.java:89)
at com.framework.utils.Reporter.reportStep(Reporter.java:116)
at com.framework.selenium.api.base.SeleniumBase.takeSnap(SeleniumBase.java:906)
at com.framework.utils.Reporter.reportStep(Reporter.java:89)
at com.framework.utils.Reporter.reportStep(Reporter.java:116)
at com.framework.selenium.api.base.SeleniumBase.takeSnap(SeleniumBase.java:906)
at com.framework.utils.Reporter.reportStep(Reporter.java:89)
at com.framework.utils.Reporter.reportStep(Reporter.java:116)
at com.framework.selenium.api.base.SeleniumBase.takeSnap(SeleniumBase.java:906)
at com.framework.utils.Reporter.reportStep(Reporter.java:89)
at com.framework.utils.Reporter.reportStep(Reporter.java:116)
at com.framework.selenium.api.base.SeleniumBase.takeSnap(SeleniumBase.java:906)
at com.framework.utils.Reporter.reportStep(Reporter.java:89)
at com.framework.utils.Reporter.reportStep(Reporter.java:116)
at com.framework.selenium.api.base.SeleniumBase.takeSnap(SeleniumBase.java:906)
at com.framework.utils.Reporter.reportStep(Reporter.java:89)
at com.framework.utils.Reporter.reportStep(Reporter.java:116)
at com.framework.selenium.api.base.SeleniumBase.takeSnap(SeleniumBase.java:906)
at com.framework.utils.Reporter.reportStep(Reporter.java:89)
at com.framework.utils.Reporter.reportStep(Reporter.java:116)
at com.framework.selenium.api.base.SeleniumBase.takeSnap(SeleniumBase.java:906)
at com.framework.utils.Reporter.reportStep(Reporter.java:89)
at com.framework.utils.Reporter.reportStep(Reporter.java:116)
at com.framework.selenium.api.base.SeleniumBase.takeSnap(SeleniumBase.java:906)
at com.framework.utils.Reporter.reportStep(Reporter.java:89)
at com.framework.utils.Reporter.reportStep(Reporter.java:116)
at com.framework.selenium.api.base.SeleniumBase.takeSnap(SeleniumBase.java:906)
at com.framework.utils.Reporter.reportStep(Reporter.java:89)
at com.framework.utils.Reporter.reportStep(Reporter.java:116)
at com.framework.selenium.api.base.SeleniumBase.takeSnap(SeleniumBase.java:906)
at com.framework.utils.Reporter.reportStep(Reporter.java:89)
at com.framework.utils.Reporter.reportStep(Reporter.java:116)
at com.framework.selenium.api.base.SeleniumBase.takeSnap(SeleniumBase.java:906)
at com.framework.utils.Reporter.reportStep(Reporter.java:89)
at com.framework.utils.Reporter.reportStep(Reporter.java:116)
at com.framework.selenium.api.base.SeleniumBase.takeSnap(SeleniumBase.java:906)
at com.framework.utils.Reporter.reportStep(Reporter.java:89)
at com.framework.utils.Reporter.reportStep(Reporter.java:116)
at com.framework.selenium.api.base.SeleniumBase.takeSnap(SeleniumBase.java:906)
at com.framework.utils.Reporter.reportStep(Reporter.java:89)
at com.framework.utils.Reporter.reportStep(Reporter.java:116)
at com.framework.selenium.api.base.SeleniumBase.takeSnap(SeleniumBase.java:906)
at com.framework.utils.Reporter.reportStep(Reporter.java:89)
at com.framework.utils.Reporter.reportStep(Reporter.java:116)
at com.framework.selenium.api.base.SeleniumBase.takeSnap(SeleniumBase.java:906)
at com.framework.utils.Reporter.reportStep(Reporter.java:89)
at com.framework.utils.Reporter.reportStep(Reporter.java:116)
at com.framework.selenium.api.base.SeleniumBase.takeSnap(SeleniumBase.java:906)
at com.framework.utils.Reporter.reportStep(Reporter.java:89)
at com.framework.utils.Reporter.reportStep(Reporter.java:116)
at com.framework.selenium.api.base.SeleniumBase.takeSnap(SeleniumBase.java:906)
at com.framework.utils.Reporter.reportStep(Reporter.java:89)
at com.framework.utils.Reporter.reportStep(Reporter.java:116)
at com.framework.selenium.api.base.SeleniumBase.takeSnap(SeleniumBase.java:906)
at com.framework.utils.Reporter.reportStep(Reporter.java:89)
at com.framework.utils.Reporter.reportStep(Reporter.java:116)
at com.framework.selenium.api.base.SeleniumBase.takeSnap(SeleniumBase.java:906)
at com.framework.utils.Reporter.reportStep(Reporter.java:89)
at com.framework.utils.Reporter.reportStep(Reporter.java:116)
at com.framework.selenium.api.base.SeleniumBase.takeSnap(SeleniumBase.java:906)
at com.framework.utils.Reporter.reportStep(Reporter.java:89)
at com.framework.utils.Reporter.reportStep(Reporter.java:116)
at com.framework.selenium.api.base.SeleniumBase.takeSnap(SeleniumBase.java:906)
at com.framework.utils.Reporter.reportStep(Reporter.java:89)
at com.framework.utils.Reporter.reportStep(Reporter.java:116)
at com.framework.selenium.api.base.SeleniumBase.takeSnap(SeleniumBase.java:906)
at com.framework.utils.Reporter.reportStep(Reporter.java:89)
at com.framework.utils.Reporter.reportStep(Reporter.java:116)
at com.framework.selenium.api.base.SeleniumBase.takeSnap(SeleniumBase.java:906)
at com.framework.utils.Reporter.reportStep(Reporter.java:89)
at com.framework.utils.Reporter.reportStep(Reporter.java:116)
at com.framework.selenium.api.base.SeleniumBase.takeSnap(SeleniumBase.java:906)
at com.framework.utils.Reporter.reportStep(Reporter.java:89)
at com.framework.utils.Reporter.reportStep(Reporter.java:116)
at com.framework.selenium.api.base.SeleniumBase.takeSnap(SeleniumBase.java:906)
at com.framework.utils.Reporter.reportStep(Reporter.java:89)
at com.framework.utils.Reporter.reportStep(Reporter.java:116)
at com.framework.selenium.api.base.SeleniumBase.takeSnap(SeleniumBase.java:906)
at com.framework.utils.Reporter.reportStep(Reporter.java:89)
at com.framework.utils.Reporter.reportStep(Reporter.java:116)
at com.framework.selenium.api.base.SeleniumBase.takeSnap(SeleniumBase.java:906)
at com.framework.utils.Reporter.reportStep(Reporter.java:89)
at com.framework.utils.Reporter.reportStep(Reporter.java:116)
at com.framework.selenium.api.base.SeleniumBase.takeSnap(SeleniumBase.java:906)
at com.framework.utils.Reporter.reportStep(Reporter.java:89)
at com.framework.utils.Reporter.reportStep(Reporter.java:116)
at com.framework.selenium.api.base.SeleniumBase.takeSnap(SeleniumBase.java:906)
at com.framework.utils.Reporter.reportStep(Reporter.java:89)
at com.framework.utils.Reporter.reportStep(Reporter.java:116)
at com.framework.selenium.api.base.SeleniumBase.takeSnap(SeleniumBase.java:906)
at com.framework.utils.Reporter.reportStep(Reporter.java:89)
at com.framework.utils.Reporter.reportStep(Reporter.java:116)
at com.framework.selenium.api.base.SeleniumBase.takeSnap(SeleniumBase.java:906)
at com.framework.utils.Reporter.reportStep(Reporter.java:89)
at com.framework.utils.Reporter.reportStep(Reporter.java:116)
at com.framework.selenium.api.base.SeleniumBase.takeSnap(SeleniumBase.java:906)
at com.framework.utils.Reporter.reportStep(Reporter.java:89)
at com.framework.utils.Reporter.reportStep(Reporter.java:116)
at com.framework.selenium.api.base.SeleniumBase.takeSnap(SeleniumBase.java:906)
at com.framework.utils.Reporter.reportStep(Reporter.java:89)
at com.framework.utils.Reporter.reportStep(Reporter.java:116)
at com.framework.selenium.api.base.SeleniumBase.takeSnap(SeleniumBase.java:906)
at com.framework.utils.Reporter.reportStep(Reporter.java:89)
at com.framework.utils.Reporter.reportStep(Reporter.java:116)
at com.framework.selenium.api.base.SeleniumBase.takeSnap(SeleniumBase.java:906)
at com.framework.utils.Reporter.reportStep(Reporter.java:89)
at com.framework.utils.Reporter.reportStep(Reporter.java:116)
at com.framework.selenium.api.base.SeleniumBase.takeSnap(SeleniumBase.java:906)
]]>
    </failure>
  </testcase> <!-- @BeforeMethod preCondition -->
  <testcase classname="com.framework.testng.api.base.ProjectSpecificMethods" name="@AfterMethod postCondition" time="-1.696225653087E9">
    <skipped/>
  </testcase> <!-- @AfterMethod postCondition -->
  <testcase classname="com.pos.testcases.CreateNewVendor" name="createVendor" time="0.0">
    <skipped/>
  </testcase> <!-- createVendor -->
  <testcase classname="com.pos.testcases.CreateNewCustomer" name="createCustomer" time="0.0">
    <skipped/>
  </testcase> <!-- createCustomer -->
  <testcase classname="com.pos.testcases.DeleteCustomer" name="runLogin" time="0.0">
    <skipped/>
  </testcase> <!-- runLogin -->
  <testcase classname="com.pos.testcases.EditCustomer" name="runLogin" time="0.0">
    <skipped/>
  </testcase> <!-- runLogin -->
  <testcase classname="com.framework.utils.Reporter" name="@BeforeSuite startReport" time="0.0">
    <ignored/>
  </testcase> <!-- @BeforeSuite startReport -->
  <testcase classname="com.framework.utils.Reporter" name="@BeforeSuite startReport" time="0.0">
    <ignored/>
  </testcase> <!-- @BeforeSuite startReport -->
  <testcase classname="com.framework.utils.Reporter" name="@BeforeSuite startReport" time="0.0">
    <ignored/>
  </testcase> <!-- @BeforeSuite startReport -->
  <testcase classname="com.framework.utils.Reporter" name="@AfterSuite endResult" time="0.0">
    <ignored/>
  </testcase> <!-- @AfterSuite endResult -->
  <testcase classname="com.framework.utils.Reporter" name="@AfterSuite endResult" time="0.0">
    <ignored/>
  </testcase> <!-- @AfterSuite endResult -->
  <testcase classname="com.framework.utils.Reporter" name="@AfterSuite endResult" time="0.0">
    <ignored/>
  </testcase> <!-- @AfterSuite endResult -->
</testsuite> <!-- firefox -->
