<?xml version="1.0" encoding="UTF-8"?>
<!-- Generated by org.testng.reporters.JUnitReportReporter -->
<testsuite hostname="DUC-F0DiRxNI7C3" failures="0" tests="4" name="com.pos.testcases.CreateNewVendor" time="1.840" errors="2" timestamp="2023-10-02T11:17:34 IST" skipped="2">
  <testcase classname="com.pos.testcases.CreateNewVendor" name="createVendor" time="0.000">
    <skipped/>
  </testcase> <!-- createVendor -->
  <system-out/>
  <testcase classname="com.pos.testcases.CreateNewVendor" name="createVendor" time="0.000">
    <skipped/>
  </testcase> <!-- createVendor -->
  <system-out/>
  <testcase classname="com.pos.testcases.CreateNewVendor" name="preCondition" time="1.365">
    <error type="java.lang.StackOverflowError">
      <![CDATA[java.lang.StackOverflowError
at com.framework.selenium.api.base.SeleniumBase.takeSnap(SeleniumBase.java:899)
at com.framework.utils.Reporter.reportStep(Reporter.java:89)
at com.framework.utils.Reporter.reportStep(Reporter.java:116)
at com.framework.selenium.api.base.SeleniumBase.takeSnap(SeleniumBase.java:906)
at com.framework.utils.Reporter.reportStep(Reporter.java:89)
at com.framework.utils.Reporter.reportStep(Reporter.java:116)
at com.framework.selenium.api.base.SeleniumBase.takeSnap(SeleniumBase.java:906)
at com.framework.utils.Reporter.reportStep(Reporter.java:89)
at com.framework.utils.Reporter.reportStep(Reporter.java:116)
at com.framework.selenium.api.base.SeleniumBase.takeSnap(SeleniumBase.java:906)
at com.framework.utils.Reporter.reportStep(Reporter.java:89)
at com.framework.utils.Reporter.reportStep(Reporter.java:116)
at com.framework.selenium.api.base.SeleniumBase.takeSnap(SeleniumBase.java:906)
at com.framework.utils.Reporter.reportStep(Reporter.java:89)
at com.framework.utils.Reporter.reportStep(Reporter.java:116)
at com.framework.selenium.api.base.SeleniumBase.takeSnap(SeleniumBase.java:906)
at com.framework.utils.Reporter.reportStep(Reporter.java:89)
at com.framework.utils.Reporter.reportStep(Reporter.java:116)
at com.framework.selenium.api.base.SeleniumBase.takeSnap(SeleniumBase.java:906)
at com.framework.utils.Reporter.reportStep(Reporter.java:89)
at com.framework.utils.Reporter.reportStep(Reporter.java:116)
at com.framework.selenium.api.base.SeleniumBase.takeSnap(SeleniumBase.java:906)
at com.framework.utils.Reporter.reportStep(Reporter.java:89)
at com.framework.utils.Reporter.reportStep(Reporter.java:116)
at com.framework.selenium.api.base.SeleniumBase.takeSnap(SeleniumBase.java:906)
at com.framework.utils.Reporter.reportStep(Reporter.java:89)
at com.framework.utils.Reporter.reportStep(Reporter.java:116)
at com.framework.selenium.api.base.SeleniumBase.takeSnap(SeleniumBase.java:906)
at com.framework.utils.Reporter.reportStep(Reporter.java:89)
at com.framework.utils.Reporter.reportStep(Reporter.java:116)
at com.framework.selenium.api.base.SeleniumBase.takeSnap(SeleniumBase.java:906)
at com.framework.utils.Reporter.reportStep(Reporter.java:89)
at com.framework.utils.Reporter.reportStep(Reporter.java:116)
at com.framework.selenium.api.base.SeleniumBase.takeSnap(SeleniumBase.java:906)
at com.framework.utils.Reporter.reportStep(Reporter.java:89)
at com.framework.utils.Reporter.reportStep(Reporter.java:116)
at com.framework.selenium.api.base.SeleniumBase.takeSnap(SeleniumBase.java:906)
at com.framework.utils.Reporter.reportStep(Reporter.java:89)
at com.framework.utils.Reporter.reportStep(Reporter.java:116)
at com.framework.selenium.api.base.SeleniumBase.takeSnap(SeleniumBase.java:906)
at com.framework.utils.Reporter.reportStep(Reporter.java:89)
at com.framework.utils.Reporter.reportStep(Reporter.java:116)
at com.framework.selenium.api.base.SeleniumBase.takeSnap(SeleniumBase.java:906)
at com.framework.utils.Reporter.reportStep(Reporter.java:89)
at com.framework.utils.Reporter.reportStep(Reporter.java:116)
at com.framework.selenium.api.base.SeleniumBase.takeSnap(SeleniumBase.java:906)
at com.framework.utils.Reporter.reportStep(Reporter.java:89)
at com.framework.utils.Reporter.reportStep(Reporter.java:116)
at com.framework.selenium.api.base.SeleniumBase.takeSnap(SeleniumBase.java:906)
at com.framework.utils.Reporter.reportStep(Reporter.java:89)
at com.framework.utils.Reporter.reportStep(Reporter.java:116)
at com.framework.selenium.api.base.SeleniumBase.takeSnap(SeleniumBase.java:906)
at com.framework.utils.Reporter.reportStep(Reporter.java:89)
at com.framework.utils.Reporter.reportStep(Reporter.java:116)
at com.framework.selenium.api.base.SeleniumBase.takeSnap(SeleniumBase.java:906)
at com.framework.utils.Reporter.reportStep(Reporter.java:89)
at com.framework.utils.Reporter.reportStep(Reporter.java:116)
at com.framework.selenium.api.base.SeleniumBase.takeSnap(SeleniumBase.java:906)
at com.framework.utils.Reporter.reportStep(Reporter.java:89)
at com.framework.utils.Reporter.reportStep(Reporter.java:116)
at com.framework.selenium.api.base.SeleniumBase.takeSnap(SeleniumBase.java:906)
at com.framework.utils.Reporter.reportStep(Reporter.java:89)
at com.framework.utils.Reporter.reportStep(Reporter.java:116)
at com.framework.selenium.api.base.SeleniumBase.takeSnap(SeleniumBase.java:906)
at com.framework.utils.Reporter.reportStep(Reporter.java:89)
at com.framework.utils.Reporter.reportStep(Reporter.java:116)
at com.framework.selenium.api.base.SeleniumBase.takeSnap(SeleniumBase.java:906)
at com.framework.utils.Reporter.reportStep(Reporter.java:89)
at com.framework.utils.Reporter.reportStep(Reporter.java:116)
at com.framework.selenium.api.base.SeleniumBase.takeSnap(SeleniumBase.java:906)
at com.framework.utils.Reporter.reportStep(Reporter.java:89)
at com.framework.utils.Reporter.reportStep(Reporter.java:116)
at com.framework.selenium.api.base.SeleniumBase.takeSnap(SeleniumBase.java:906)
at com.framework.utils.Reporter.reportStep(Reporter.java:89)
at com.framework.utils.Reporter.reportStep(Reporter.java:116)
at com.framework.selenium.api.base.SeleniumBase.takeSnap(SeleniumBase.java:906)
at com.framework.utils.Reporter.reportStep(Reporter.java:89)
at com.framework.utils.Reporter.reportStep(Reporter.java:116)
at com.framework.selenium.api.base.SeleniumBase.takeSnap(SeleniumBase.java:906)
at com.framework.utils.Reporter.reportStep(Reporter.java:89)
at com.framework.utils.Reporter.reportStep(Reporter.java:116)
at com.framework.selenium.api.base.SeleniumBase.takeSnap(SeleniumBase.java:906)
at com.framework.utils.Reporter.reportStep(Reporter.java:89)
at com.framework.utils.Reporter.reportStep(Reporter.java:116)
at com.framework.selenium.api.base.SeleniumBase.takeSnap(SeleniumBase.java:906)
at com.framework.utils.Reporter.reportStep(Reporter.java:89)
at com.framework.utils.Reporter.reportStep(Reporter.java:116)
at com.framework.selenium.api.base.SeleniumBase.takeSnap(SeleniumBase.java:906)
at com.framework.utils.Reporter.reportStep(Reporter.java:89)
at com.framework.utils.Reporter.reportStep(Reporter.java:116)
at com.framework.selenium.api.base.SeleniumBase.takeSnap(SeleniumBase.java:906)
at com.framework.utils.Reporter.reportStep(Reporter.java:89)
at com.framework.utils.Reporter.reportStep(Reporter.java:116)
at com.framework.selenium.api.base.SeleniumBase.takeSnap(SeleniumBase.java:906)
at com.framework.utils.Reporter.reportStep(Reporter.java:89)
at com.framework.utils.Reporter.reportStep(Reporter.java:116)
at com.framework.selenium.api.base.SeleniumBase.takeSnap(SeleniumBase.java:906)
at com.framework.utils.Reporter.reportStep(Reporter.java:89)
at com.framework.utils.Reporter.reportStep(Reporter.java:116)
at com.framework.selenium.api.base.SeleniumBase.takeSnap(SeleniumBase.java:906)
at com.framework.utils.Reporter.reportStep(Reporter.java:89)
at com.framework.utils.Reporter.reportStep(Reporter.java:116)
at com.framework.selenium.api.base.SeleniumBase.takeSnap(SeleniumBase.java:906)
at com.framework.utils.Reporter.reportStep(Reporter.java:89)
at com.framework.utils.Reporter.reportStep(Reporter.java:116)
at com.framework.selenium.api.base.SeleniumBase.takeSnap(SeleniumBase.java:906)
at com.framework.utils.Reporter.reportStep(Reporter.java:89)
at com.framework.utils.Reporter.reportStep(Reporter.java:116)
at com.framework.selenium.api.base.SeleniumBase.takeSnap(SeleniumBase.java:906)
at com.framework.utils.Reporter.reportStep(Reporter.java:89)
at com.framework.utils.Reporter.reportStep(Reporter.java:116)
at com.framework.selenium.api.base.SeleniumBase.takeSnap(SeleniumBase.java:906)
at com.framework.utils.Reporter.reportStep(Reporter.java:89)
at com.framework.utils.Reporter.reportStep(Reporter.java:116)
at com.framework.selenium.api.base.SeleniumBase.takeSnap(SeleniumBase.java:906)
at com.framework.utils.Reporter.reportStep(Reporter.java:89)
at com.framework.utils.Reporter.reportStep(Reporter.java:116)
at com.framework.selenium.api.base.SeleniumBase.takeSnap(SeleniumBase.java:906)
at com.framework.utils.Reporter.reportStep(Reporter.java:89)
at com.framework.utils.Reporter.reportStep(Reporter.java:116)
at com.framework.selenium.api.base.SeleniumBase.takeSnap(SeleniumBase.java:906)
at com.framework.utils.Reporter.reportStep(Reporter.java:89)
at com.framework.utils.Reporter.reportStep(Reporter.java:116)
at com.framework.selenium.api.base.SeleniumBase.takeSnap(SeleniumBase.java:906)
at com.framework.utils.Reporter.reportStep(Reporter.java:89)
at com.framework.utils.Reporter.reportStep(Reporter.java:116)
at com.framework.selenium.api.base.SeleniumBase.takeSnap(SeleniumBase.java:906)
at com.framework.utils.Reporter.reportStep(Reporter.java:89)
at com.framework.utils.Reporter.reportStep(Reporter.java:116)
at com.framework.selenium.api.base.SeleniumBase.takeSnap(SeleniumBase.java:906)
at com.framework.utils.Reporter.reportStep(Reporter.java:89)
at com.framework.utils.Reporter.reportStep(Reporter.java:116)
at com.framework.selenium.api.base.SeleniumBase.takeSnap(SeleniumBase.java:906)
at com.framework.utils.Reporter.reportStep(Reporter.java:89)
at com.framework.utils.Reporter.reportStep(Reporter.java:116)
at com.framework.selenium.api.base.SeleniumBase.takeSnap(SeleniumBase.java:906)
at com.framework.utils.Reporter.reportStep(Reporter.java:89)
at com.framework.utils.Reporter.reportStep(Reporter.java:116)
at com.framework.selenium.api.base.SeleniumBase.takeSnap(SeleniumBase.java:906)
at com.framework.utils.Reporter.reportStep(Reporter.java:89)
at com.framework.utils.Reporter.reportStep(Reporter.java:116)
at com.framework.selenium.api.base.SeleniumBase.takeSnap(SeleniumBase.java:906)
at com.framework.utils.Reporter.reportStep(Reporter.java:89)
at com.framework.utils.Reporter.reportStep(Reporter.java:116)
at com.framework.selenium.api.base.SeleniumBase.takeSnap(SeleniumBase.java:906)
at com.framework.utils.Reporter.reportStep(Reporter.java:89)
at com.framework.utils.Reporter.reportStep(Reporter.java:116)
at com.framework.selenium.api.base.SeleniumBase.takeSnap(SeleniumBase.java:906)
at com.framework.utils.Reporter.reportStep(Reporter.java:89)
at com.framework.utils.Reporter.reportStep(Reporter.java:116)
at com.framework.selenium.api.base.SeleniumBase.takeSnap(SeleniumBase.java:906)
at com.framework.utils.Reporter.reportStep(Reporter.java:89)
at com.framework.utils.Reporter.reportStep(Reporter.java:116)
at com.framework.selenium.api.base.SeleniumBase.takeSnap(SeleniumBase.java:906)
at com.framework.utils.Reporter.reportStep(Reporter.java:89)
at com.framework.utils.Reporter.reportStep(Reporter.java:116)
at com.framework.selenium.api.base.SeleniumBase.takeSnap(SeleniumBase.java:906)
at com.framework.utils.Reporter.reportStep(Reporter.java:89)
at com.framework.utils.Reporter.reportStep(Reporter.java:116)
at com.framework.selenium.api.base.SeleniumBase.takeSnap(SeleniumBase.java:906)
at com.framework.utils.Reporter.reportStep(Reporter.java:89)
at com.framework.utils.Reporter.reportStep(Reporter.java:116)
at com.framework.selenium.api.base.SeleniumBase.takeSnap(SeleniumBase.java:906)
at com.framework.utils.Reporter.reportStep(Reporter.java:89)
at com.framework.utils.Reporter.reportStep(Reporter.java:116)
at com.framework.selenium.api.base.SeleniumBase.takeSnap(SeleniumBase.java:906)
at com.framework.utils.Reporter.reportStep(Reporter.java:89)
at com.framework.utils.Reporter.reportStep(Reporter.java:116)
at com.framework.selenium.api.base.SeleniumBase.takeSnap(SeleniumBase.java:906)
at com.framework.utils.Reporter.reportStep(Reporter.java:89)
at com.framework.utils.Reporter.reportStep(Reporter.java:116)
at com.framework.selenium.api.base.SeleniumBase.takeSnap(SeleniumBase.java:906)
at com.framework.utils.Reporter.reportStep(Reporter.java:89)
at com.framework.utils.Reporter.reportStep(Reporter.java:116)
at com.framework.selenium.api.base.SeleniumBase.takeSnap(SeleniumBase.java:906)
at com.framework.utils.Reporter.reportStep(Reporter.java:89)
at com.framework.utils.Reporter.reportStep(Reporter.java:116)
at com.framework.selenium.api.base.SeleniumBase.takeSnap(SeleniumBase.java:906)
at com.framework.utils.Reporter.reportStep(Reporter.java:89)
at com.framework.utils.Reporter.reportStep(Reporter.java:116)
at com.framework.selenium.api.base.SeleniumBase.takeSnap(SeleniumBase.java:906)
at com.framework.utils.Reporter.reportStep(Reporter.java:89)
at com.framework.utils.Reporter.reportStep(Reporter.java:116)
at com.framework.selenium.api.base.SeleniumBase.takeSnap(SeleniumBase.java:906)
at com.framework.utils.Reporter.reportStep(Reporter.java:89)
at com.framework.utils.Reporter.reportStep(Reporter.java:116)
at com.framework.selenium.api.base.SeleniumBase.takeSnap(SeleniumBase.java:906)
at com.framework.utils.Reporter.reportStep(Reporter.java:89)
at com.framework.utils.Reporter.reportStep(Reporter.java:116)
at com.framework.selenium.api.base.SeleniumBase.takeSnap(SeleniumBase.java:906)
at com.framework.utils.Reporter.reportStep(Reporter.java:89)
at com.framework.utils.Reporter.reportStep(Reporter.java:116)
at com.framework.selenium.api.base.SeleniumBase.takeSnap(SeleniumBase.java:906)
at com.framework.utils.Reporter.reportStep(Reporter.java:89)
at com.framework.utils.Reporter.reportStep(Reporter.java:116)
at com.framework.selenium.api.base.SeleniumBase.takeSnap(SeleniumBase.java:906)
at com.framework.utils.Reporter.reportStep(Reporter.java:89)
at com.framework.utils.Reporter.reportStep(Reporter.java:116)
at com.framework.selenium.api.base.SeleniumBase.takeSnap(SeleniumBase.java:906)
at com.framework.utils.Reporter.reportStep(Reporter.java:89)
at com.framework.utils.Reporter.reportStep(Reporter.java:116)
at com.framework.selenium.api.base.SeleniumBase.takeSnap(SeleniumBase.java:906)
at com.framework.utils.Reporter.reportStep(Reporter.java:89)
at com.framework.utils.Reporter.reportStep(Reporter.java:116)
at com.framework.selenium.api.base.SeleniumBase.takeSnap(SeleniumBase.java:906)
at com.framework.utils.Reporter.reportStep(Reporter.java:89)
at com.framework.utils.Reporter.reportStep(Reporter.java:116)
at com.framework.selenium.api.base.SeleniumBase.takeSnap(SeleniumBase.java:906)
at com.framework.utils.Reporter.reportStep(Reporter.java:89)
at com.framework.utils.Reporter.reportStep(Reporter.java:116)
at com.framework.selenium.api.base.SeleniumBase.takeSnap(SeleniumBase.java:906)
at com.framework.utils.Reporter.reportStep(Reporter.java:89)
at com.framework.utils.Reporter.reportStep(Reporter.java:116)
at com.framework.selenium.api.base.SeleniumBase.takeSnap(SeleniumBase.java:906)
at com.framework.utils.Reporter.reportStep(Reporter.java:89)
at com.framework.utils.Reporter.reportStep(Reporter.java:116)
at com.framework.selenium.api.base.SeleniumBase.takeSnap(SeleniumBase.java:906)
at com.framework.utils.Reporter.reportStep(Reporter.java:89)
at com.framework.utils.Reporter.reportStep(Reporter.java:116)
at com.framework.selenium.api.base.SeleniumBase.takeSnap(SeleniumBase.java:906)
at com.framework.utils.Reporter.reportStep(Reporter.java:89)
at com.framework.utils.Reporter.reportStep(Reporter.java:116)
at com.framework.selenium.api.base.SeleniumBase.takeSnap(SeleniumBase.java:906)
at com.framework.utils.Reporter.reportStep(Reporter.java:89)
at com.framework.utils.Reporter.reportStep(Reporter.java:116)
at com.framework.selenium.api.base.SeleniumBase.takeSnap(SeleniumBase.java:906)
at com.framework.utils.Reporter.reportStep(Reporter.java:89)
at com.framework.utils.Reporter.reportStep(Reporter.java:116)
at com.framework.selenium.api.base.SeleniumBase.takeSnap(SeleniumBase.java:906)
at com.framework.utils.Reporter.reportStep(Reporter.java:89)
at com.framework.utils.Reporter.reportStep(Reporter.java:116)
at com.framework.selenium.api.base.SeleniumBase.takeSnap(SeleniumBase.java:906)
at com.framework.utils.Reporter.reportStep(Reporter.java:89)
at com.framework.utils.Reporter.reportStep(Reporter.java:116)
at com.framework.selenium.api.base.SeleniumBase.takeSnap(SeleniumBase.java:906)
at com.framework.utils.Reporter.reportStep(Reporter.java:89)
at com.framework.utils.Reporter.reportStep(Reporter.java:116)
at com.framework.selenium.api.base.SeleniumBase.takeSnap(SeleniumBase.java:906)
at com.framework.utils.Reporter.reportStep(Reporter.java:89)
at com.framework.utils.Reporter.reportStep(Reporter.java:116)
at com.framework.selenium.api.base.SeleniumBase.takeSnap(SeleniumBase.java:906)
at com.framework.utils.Reporter.reportStep(Reporter.java:89)
at com.framework.utils.Reporter.reportStep(Reporter.java:116)
at com.framework.selenium.api.base.SeleniumBase.takeSnap(SeleniumBase.java:906)
at com.framework.utils.Reporter.reportStep(Reporter.java:89)
at com.framework.utils.Reporter.reportStep(Reporter.java:116)
at com.framework.selenium.api.base.SeleniumBase.takeSnap(SeleniumBase.java:906)
at com.framework.utils.Reporter.reportStep(Reporter.java:89)
at com.framework.utils.Reporter.reportStep(Reporter.java:116)
at com.framework.selenium.api.base.SeleniumBase.takeSnap(SeleniumBase.java:906)
at com.framework.utils.Reporter.reportStep(Reporter.java:89)
at com.framework.utils.Reporter.reportStep(Reporter.java:116)
at com.framework.selenium.api.base.SeleniumBase.takeSnap(SeleniumBase.java:906)
at com.framework.utils.Reporter.reportStep(Reporter.java:89)
at com.framework.utils.Reporter.reportStep(Reporter.java:116)
at com.framework.selenium.api.base.SeleniumBase.takeSnap(SeleniumBase.java:906)
at com.framework.utils.Reporter.reportStep(Reporter.java:89)
at com.framework.utils.Reporter.reportStep(Reporter.java:116)
at com.framework.selenium.api.base.SeleniumBase.takeSnap(SeleniumBase.java:906)
at com.framework.utils.Reporter.reportStep(Reporter.java:89)
at com.framework.utils.Reporter.reportStep(Reporter.java:116)
at com.framework.selenium.api.base.SeleniumBase.takeSnap(SeleniumBase.java:906)
at com.framework.utils.Reporter.reportStep(Reporter.java:89)
at com.framework.utils.Reporter.reportStep(Reporter.java:116)
at com.framework.selenium.api.base.SeleniumBase.takeSnap(SeleniumBase.java:906)
at com.framework.utils.Reporter.reportStep(Reporter.java:89)
at com.framework.utils.Reporter.reportStep(Reporter.java:116)
at com.framework.selenium.api.base.SeleniumBase.takeSnap(SeleniumBase.java:906)
at com.framework.utils.Reporter.reportStep(Reporter.java:89)
at com.framework.utils.Reporter.reportStep(Reporter.java:116)
at com.framework.selenium.api.base.SeleniumBase.takeSnap(SeleniumBase.java:906)
at com.framework.utils.Reporter.reportStep(Reporter.java:89)
at com.framework.utils.Reporter.reportStep(Reporter.java:116)
at com.framework.selenium.api.base.SeleniumBase.takeSnap(SeleniumBase.java:906)
at com.framework.utils.Reporter.reportStep(Reporter.java:89)
at com.framework.utils.Reporter.reportStep(Reporter.java:116)
at com.framework.selenium.api.base.SeleniumBase.takeSnap(SeleniumBase.java:906)
at com.framework.utils.Reporter.reportStep(Reporter.java:89)
at com.framework.utils.Reporter.reportStep(Reporter.java:116)
at com.framework.selenium.api.base.SeleniumBase.takeSnap(SeleniumBase.java:906)
at com.framework.utils.Reporter.reportStep(Reporter.java:89)
at com.framework.utils.Reporter.reportStep(Reporter.java:116)
at com.framework.selenium.api.base.SeleniumBase.takeSnap(SeleniumBase.java:906)
at com.framework.utils.Reporter.reportStep(Reporter.java:89)
at com.framework.utils.Reporter.reportStep(Reporter.java:116)
at com.framework.selenium.api.base.SeleniumBase.takeSnap(SeleniumBase.java:906)
at com.framework.utils.Reporter.reportStep(Reporter.java:89)
at com.framework.utils.Reporter.reportStep(Reporter.java:116)
at com.framework.selenium.api.base.SeleniumBase.takeSnap(SeleniumBase.java:906)
at com.framework.utils.Reporter.reportStep(Reporter.java:89)
at com.framework.utils.Reporter.reportStep(Reporter.java:116)
at com.framework.selenium.api.base.SeleniumBase.takeSnap(SeleniumBase.java:906)
at com.framework.utils.Reporter.reportStep(Reporter.java:89)
at com.framework.utils.Reporter.reportStep(Reporter.java:116)
at com.framework.selenium.api.base.SeleniumBase.takeSnap(SeleniumBase.java:906)
at com.framework.utils.Reporter.reportStep(Reporter.java:89)
at com.framework.utils.Reporter.reportStep(Reporter.java:116)
at com.framework.selenium.api.base.SeleniumBase.takeSnap(SeleniumBase.java:906)
at com.framework.utils.Reporter.reportStep(Reporter.java:89)
at com.framework.utils.Reporter.reportStep(Reporter.java:116)
at com.framework.selenium.api.base.SeleniumBase.takeSnap(SeleniumBase.java:906)
at com.framework.utils.Reporter.reportStep(Reporter.java:89)
at com.framework.utils.Reporter.reportStep(Reporter.java:116)
at com.framework.selenium.api.base.SeleniumBase.takeSnap(SeleniumBase.java:906)
at com.framework.utils.Reporter.reportStep(Reporter.java:89)
at com.framework.utils.Reporter.reportStep(Reporter.java:116)
at com.framework.selenium.api.base.SeleniumBase.takeSnap(SeleniumBase.java:906)
at com.framework.utils.Reporter.reportStep(Reporter.java:89)
at com.framework.utils.Reporter.reportStep(Reporter.java:116)
at com.framework.selenium.api.base.SeleniumBase.takeSnap(SeleniumBase.java:906)
at com.framework.utils.Reporter.reportStep(Reporter.java:89)
at com.framework.utils.Reporter.reportStep(Reporter.java:116)
at com.framework.selenium.api.base.SeleniumBase.takeSnap(SeleniumBase.java:906)
at com.framework.utils.Reporter.reportStep(Reporter.java:89)
at com.framework.utils.Reporter.reportStep(Reporter.java:116)
at com.framework.selenium.api.base.SeleniumBase.takeSnap(SeleniumBase.java:906)
at com.framework.utils.Reporter.reportStep(Reporter.java:89)
at com.framework.utils.Reporter.reportStep(Reporter.java:116)
at com.framework.selenium.api.base.SeleniumBase.takeSnap(SeleniumBase.java:906)
at com.framework.utils.Reporter.reportStep(Reporter.java:89)
at com.framework.utils.Reporter.reportStep(Reporter.java:116)
at com.framework.selenium.api.base.SeleniumBase.takeSnap(SeleniumBase.java:906)
at com.framework.utils.Reporter.reportStep(Reporter.java:89)
at com.framework.utils.Reporter.reportStep(Reporter.java:116)
at com.framework.selenium.api.base.SeleniumBase.takeSnap(SeleniumBase.java:906)
at com.framework.utils.Reporter.reportStep(Reporter.java:89)
at com.framework.utils.Reporter.reportStep(Reporter.java:116)
at com.framework.selenium.api.base.SeleniumBase.takeSnap(SeleniumBase.java:906)
at com.framework.utils.Reporter.reportStep(Reporter.java:89)
at com.framework.utils.Reporter.reportStep(Reporter.java:116)
at com.framework.selenium.api.base.SeleniumBase.takeSnap(SeleniumBase.java:906)
at com.framework.utils.Reporter.reportStep(Reporter.java:89)
at com.framework.utils.Reporter.reportStep(Reporter.java:116)
at com.framework.selenium.api.base.SeleniumBase.takeSnap(SeleniumBase.java:906)
at com.framework.utils.Reporter.reportStep(Reporter.java:89)
at com.framework.utils.Reporter.reportStep(Reporter.java:116)
at com.framework.selenium.api.base.SeleniumBase.takeSnap(SeleniumBase.java:906)
at com.framework.utils.Reporter.reportStep(Reporter.java:89)
at com.framework.utils.Reporter.reportStep(Reporter.java:116)
at com.framework.selenium.api.base.SeleniumBase.takeSnap(SeleniumBase.java:906)
at com.framework.utils.Reporter.reportStep(Reporter.java:89)
at com.framework.utils.Reporter.reportStep(Reporter.java:116)
at com.framework.selenium.api.base.SeleniumBase.takeSnap(SeleniumBase.java:906)
at com.framework.utils.Reporter.reportStep(Reporter.java:89)
at com.framework.utils.Reporter.reportStep(Reporter.java:116)
at com.framework.selenium.api.base.SeleniumBase.takeSnap(SeleniumBase.java:906)
at com.framework.utils.Reporter.reportStep(Reporter.java:89)
at com.framework.utils.Reporter.reportStep(Reporter.java:116)
at com.framework.selenium.api.base.SeleniumBase.takeSnap(SeleniumBase.java:906)
at com.framework.utils.Reporter.reportStep(Reporter.java:89)
at com.framework.utils.Reporter.reportStep(Reporter.java:116)
at com.framework.selenium.api.base.SeleniumBase.takeSnap(SeleniumBase.java:906)
at com.framework.utils.Reporter.reportStep(Reporter.java:89)
at com.framework.utils.Reporter.reportStep(Reporter.java:116)
at com.framework.selenium.api.base.SeleniumBase.takeSnap(SeleniumBase.java:906)
at com.framework.utils.Reporter.reportStep(Reporter.java:89)
at com.framework.utils.Reporter.reportStep(Reporter.java:116)
at com.framework.selenium.api.base.SeleniumBase.takeSnap(SeleniumBase.java:906)
at com.framework.utils.Reporter.reportStep(Reporter.java:89)
at com.framework.utils.Reporter.reportStep(Reporter.java:116)
at com.framework.selenium.api.base.SeleniumBase.takeSnap(SeleniumBase.java:906)
at com.framework.utils.Reporter.reportStep(Reporter.java:89)
at com.framework.utils.Reporter.reportStep(Reporter.java:116)
at com.framework.selenium.api.base.SeleniumBase.takeSnap(SeleniumBase.java:906)
at com.framework.utils.Reporter.reportStep(Reporter.java:89)
at com.framework.utils.Reporter.reportStep(Reporter.java:116)
at com.framework.selenium.api.base.SeleniumBase.takeSnap(SeleniumBase.java:906)
at com.framework.utils.Reporter.reportStep(Reporter.java:89)
at com.framework.utils.Reporter.reportStep(Reporter.java:116)
at com.framework.selenium.api.base.SeleniumBase.takeSnap(SeleniumBase.java:906)
at com.framework.utils.Reporter.reportStep(Reporter.java:89)
at com.framework.utils.Reporter.reportStep(Reporter.java:116)
at com.framework.selenium.api.base.SeleniumBase.takeSnap(SeleniumBase.java:906)
at com.framework.utils.Reporter.reportStep(Reporter.java:89)
at com.framework.utils.Reporter.reportStep(Reporter.java:116)
at com.framework.selenium.api.base.SeleniumBase.takeSnap(SeleniumBase.java:906)
at com.framework.utils.Reporter.reportStep(Reporter.java:89)
at com.framework.utils.Reporter.reportStep(Reporter.java:116)
at com.framework.selenium.api.base.SeleniumBase.takeSnap(SeleniumBase.java:906)
at com.framework.utils.Reporter.reportStep(Reporter.java:89)
at com.framework.utils.Reporter.reportStep(Reporter.java:116)
at com.framework.selenium.api.base.SeleniumBase.takeSnap(SeleniumBase.java:906)
at com.framework.utils.Reporter.reportStep(Reporter.java:89)
at com.framework.utils.Reporter.reportStep(Reporter.java:116)
at com.framework.selenium.api.base.SeleniumBase.takeSnap(SeleniumBase.java:906)
at com.framework.utils.Reporter.reportStep(Reporter.java:89)
at com.framework.utils.Reporter.reportStep(Reporter.java:116)
at com.framework.selenium.api.base.SeleniumBase.takeSnap(SeleniumBase.java:906)
at com.framework.utils.Reporter.reportStep(Reporter.java:89)
at com.framework.utils.Reporter.reportStep(Reporter.java:116)
at com.framework.selenium.api.base.SeleniumBase.takeSnap(SeleniumBase.java:906)
at com.framework.utils.Reporter.reportStep(Reporter.java:89)
at com.framework.utils.Reporter.reportStep(Reporter.java:116)
at com.framework.selenium.api.base.SeleniumBase.takeSnap(SeleniumBase.java:906)
at com.framework.utils.Reporter.reportStep(Reporter.java:89)
at com.framework.utils.Reporter.reportStep(Reporter.java:116)
at com.framework.selenium.api.base.SeleniumBase.takeSnap(SeleniumBase.java:906)
at com.framework.utils.Reporter.reportStep(Reporter.java:89)
at com.framework.utils.Reporter.reportStep(Reporter.java:116)
at com.framework.selenium.api.base.SeleniumBase.takeSnap(SeleniumBase.java:906)
at com.framework.utils.Reporter.reportStep(Reporter.java:89)
at com.framework.utils.Reporter.reportStep(Reporter.java:116)
at com.framework.selenium.api.base.SeleniumBase.takeSnap(SeleniumBase.java:906)
at com.framework.utils.Reporter.reportStep(Reporter.java:89)
at com.framework.utils.Reporter.reportStep(Reporter.java:116)
at com.framework.selenium.api.base.SeleniumBase.takeSnap(SeleniumBase.java:906)
at com.framework.utils.Reporter.reportStep(Reporter.java:89)
at com.framework.utils.Reporter.reportStep(Reporter.java:116)
at com.framework.selenium.api.base.SeleniumBase.takeSnap(SeleniumBase.java:906)
at com.framework.utils.Reporter.reportStep(Reporter.java:89)
at com.framework.utils.Reporter.reportStep(Reporter.java:116)
at com.framework.selenium.api.base.SeleniumBase.takeSnap(SeleniumBase.java:906)
at com.framework.utils.Reporter.reportStep(Reporter.java:89)
at com.framework.utils.Reporter.reportStep(Reporter.java:116)
at com.framework.selenium.api.base.SeleniumBase.takeSnap(SeleniumBase.java:906)
at com.framework.utils.Reporter.reportStep(Reporter.java:89)
at com.framework.utils.Reporter.reportStep(Reporter.java:116)
at com.framework.selenium.api.base.SeleniumBase.takeSnap(SeleniumBase.java:906)
at com.framework.utils.Reporter.reportStep(Reporter.java:89)
at com.framework.utils.Reporter.reportStep(Reporter.java:116)
at com.framework.selenium.api.base.SeleniumBase.takeSnap(SeleniumBase.java:906)
at com.framework.utils.Reporter.reportStep(Reporter.java:89)
at com.framework.utils.Reporter.reportStep(Reporter.java:116)
at com.framework.selenium.api.base.SeleniumBase.takeSnap(SeleniumBase.java:906)
at com.framework.utils.Reporter.reportStep(Reporter.java:89)
at com.framework.utils.Reporter.reportStep(Reporter.java:116)
at com.framework.selenium.api.base.SeleniumBase.takeSnap(SeleniumBase.java:906)
at com.framework.utils.Reporter.reportStep(Reporter.java:89)
at com.framework.utils.Reporter.reportStep(Reporter.java:116)
at com.framework.selenium.api.base.SeleniumBase.takeSnap(SeleniumBase.java:906)
at com.framework.utils.Reporter.reportStep(Reporter.java:89)
at com.framework.utils.Reporter.reportStep(Reporter.java:116)
at com.framework.selenium.api.base.SeleniumBase.takeSnap(SeleniumBase.java:906)
at com.framework.utils.Reporter.reportStep(Reporter.java:89)
at com.framework.utils.Reporter.reportStep(Reporter.java:116)
at com.framework.selenium.api.base.SeleniumBase.takeSnap(SeleniumBase.java:906)
at com.framework.utils.Reporter.reportStep(Reporter.java:89)
at com.framework.utils.Reporter.reportStep(Reporter.java:116)
at com.framework.selenium.api.base.SeleniumBase.takeSnap(SeleniumBase.java:906)
at com.framework.utils.Reporter.reportStep(Reporter.java:89)
at com.framework.utils.Reporter.reportStep(Reporter.java:116)
at com.framework.selenium.api.base.SeleniumBase.takeSnap(SeleniumBase.java:906)
at com.framework.utils.Reporter.reportStep(Reporter.java:89)
at com.framework.utils.Reporter.reportStep(Reporter.java:116)
at com.framework.selenium.api.base.SeleniumBase.takeSnap(SeleniumBase.java:906)
at com.framework.utils.Reporter.reportStep(Reporter.java:89)
at com.framework.utils.Reporter.reportStep(Reporter.java:116)
at com.framework.selenium.api.base.SeleniumBase.takeSnap(SeleniumBase.java:906)
at com.framework.utils.Reporter.reportStep(Reporter.java:89)
at com.framework.utils.Reporter.reportStep(Reporter.java:116)
at com.framework.selenium.api.base.SeleniumBase.takeSnap(SeleniumBase.java:906)
at com.framework.utils.Reporter.reportStep(Reporter.java:89)
at com.framework.utils.Reporter.reportStep(Reporter.java:116)
at com.framework.selenium.api.base.SeleniumBase.takeSnap(SeleniumBase.java:906)
at com.framework.utils.Reporter.reportStep(Reporter.java:89)
at com.framework.utils.Reporter.reportStep(Reporter.java:116)
at com.framework.selenium.api.base.SeleniumBase.takeSnap(SeleniumBase.java:906)
at com.framework.utils.Reporter.reportStep(Reporter.java:89)
at com.framework.utils.Reporter.reportStep(Reporter.java:116)
at com.framework.selenium.api.base.SeleniumBase.takeSnap(SeleniumBase.java:906)
at com.framework.utils.Reporter.reportStep(Reporter.java:89)
at com.framework.utils.Reporter.reportStep(Reporter.java:116)
at com.framework.selenium.api.base.SeleniumBase.takeSnap(SeleniumBase.java:906)
at com.framework.utils.Reporter.reportStep(Reporter.java:89)
at com.framework.utils.Reporter.reportStep(Reporter.java:116)
at com.framework.selenium.api.base.SeleniumBase.takeSnap(SeleniumBase.java:906)
at com.framework.utils.Reporter.reportStep(Reporter.java:89)
at com.framework.utils.Reporter.reportStep(Reporter.java:116)
at com.framework.selenium.api.base.SeleniumBase.takeSnap(SeleniumBase.java:906)
at com.framework.utils.Reporter.reportStep(Reporter.java:89)
at com.framework.utils.Reporter.reportStep(Reporter.java:116)
at com.framework.selenium.api.base.SeleniumBase.takeSnap(SeleniumBase.java:906)
at com.framework.utils.Reporter.reportStep(Reporter.java:89)
at com.framework.utils.Reporter.reportStep(Reporter.java:116)
at com.framework.selenium.api.base.SeleniumBase.takeSnap(SeleniumBase.java:906)
at com.framework.utils.Reporter.reportStep(Reporter.java:89)
at com.framework.utils.Reporter.reportStep(Reporter.java:116)
at com.framework.selenium.api.base.SeleniumBase.takeSnap(SeleniumBase.java:906)
at com.framework.utils.Reporter.reportStep(Reporter.java:89)
at com.framework.utils.Reporter.reportStep(Reporter.java:116)
at com.framework.selenium.api.base.SeleniumBase.takeSnap(SeleniumBase.java:906)
at com.framework.utils.Reporter.reportStep(Reporter.java:89)
at com.framework.utils.Reporter.reportStep(Reporter.java:116)
at com.framework.selenium.api.base.SeleniumBase.takeSnap(SeleniumBase.java:906)
at com.framework.utils.Reporter.reportStep(Reporter.java:89)
at com.framework.utils.Reporter.reportStep(Reporter.java:116)
at com.framework.selenium.api.base.SeleniumBase.takeSnap(SeleniumBase.java:906)
at com.framework.utils.Reporter.reportStep(Reporter.java:89)
at com.framework.utils.Reporter.reportStep(Reporter.java:116)
at com.framework.selenium.api.base.SeleniumBase.takeSnap(SeleniumBase.java:906)
at com.framework.utils.Reporter.reportStep(Reporter.java:89)
at com.framework.utils.Reporter.reportStep(Reporter.java:116)
at com.framework.selenium.api.base.SeleniumBase.takeSnap(SeleniumBase.java:906)
at com.framework.utils.Reporter.reportStep(Reporter.java:89)
at com.framework.utils.Reporter.reportStep(Reporter.java:116)
at com.framework.selenium.api.base.SeleniumBase.takeSnap(SeleniumBase.java:906)
at com.framework.utils.Reporter.reportStep(Reporter.java:89)
at com.framework.utils.Reporter.reportStep(Reporter.java:116)
at com.framework.selenium.api.base.SeleniumBase.takeSnap(SeleniumBase.java:906)
at com.framework.utils.Reporter.reportStep(Reporter.java:89)
at com.framework.utils.Reporter.reportStep(Reporter.java:116)
at com.framework.selenium.api.base.SeleniumBase.takeSnap(SeleniumBase.java:906)
at com.framework.utils.Reporter.reportStep(Reporter.java:89)
at com.framework.utils.Reporter.reportStep(Reporter.java:116)
at com.framework.selenium.api.base.SeleniumBase.takeSnap(SeleniumBase.java:906)
at com.framework.utils.Reporter.reportStep(Reporter.java:89)
at com.framework.utils.Reporter.reportStep(Reporter.java:116)
at com.framework.selenium.api.base.SeleniumBase.takeSnap(SeleniumBase.java:906)
at com.framework.utils.Reporter.reportStep(Reporter.java:89)
at com.framework.utils.Reporter.reportStep(Reporter.java:116)
at com.framework.selenium.api.base.SeleniumBase.takeSnap(SeleniumBase.java:906)
at com.framework.utils.Reporter.reportStep(Reporter.java:89)
at com.framework.utils.Reporter.reportStep(Reporter.java:116)
at com.framework.selenium.api.base.SeleniumBase.takeSnap(SeleniumBase.java:906)
at com.framework.utils.Reporter.reportStep(Reporter.java:89)
at com.framework.utils.Reporter.reportStep(Reporter.java:116)
at com.framework.selenium.api.base.SeleniumBase.takeSnap(SeleniumBase.java:906)
at com.framework.utils.Reporter.reportStep(Reporter.java:89)
at com.framework.utils.Reporter.reportStep(Reporter.java:116)
at com.framework.selenium.api.base.SeleniumBase.takeSnap(SeleniumBase.java:906)
at com.framework.utils.Reporter.reportStep(Reporter.java:89)
at com.framework.utils.Reporter.reportStep(Reporter.java:116)
at com.framework.selenium.api.base.SeleniumBase.takeSnap(SeleniumBase.java:906)
at com.framework.utils.Reporter.reportStep(Reporter.java:89)
at com.framework.utils.Reporter.reportStep(Reporter.java:116)
at com.framework.selenium.api.base.SeleniumBase.takeSnap(SeleniumBase.java:906)
at com.framework.utils.Reporter.reportStep(Reporter.java:89)
at com.framework.utils.Reporter.reportStep(Reporter.java:116)
at com.framework.selenium.api.base.SeleniumBase.takeSnap(SeleniumBase.java:906)
at com.framework.utils.Reporter.reportStep(Reporter.java:89)
at com.framework.utils.Reporter.reportStep(Reporter.java:116)
at com.framework.selenium.api.base.SeleniumBase.takeSnap(SeleniumBase.java:906)
at com.framework.utils.Reporter.reportStep(Reporter.java:89)
at com.framework.utils.Reporter.reportStep(Reporter.java:116)
at com.framework.selenium.api.base.SeleniumBase.takeSnap(SeleniumBase.java:906)
at com.framework.utils.Reporter.reportStep(Reporter.java:89)
at com.framework.utils.Reporter.reportStep(Reporter.java:116)
at com.framework.selenium.api.base.SeleniumBase.takeSnap(SeleniumBase.java:906)
at com.framework.utils.Reporter.reportStep(Reporter.java:89)
at com.framework.utils.Reporter.reportStep(Reporter.java:116)
at com.framework.selenium.api.base.SeleniumBase.takeSnap(SeleniumBase.java:906)
at com.framework.utils.Reporter.reportStep(Reporter.java:89)
at com.framework.utils.Reporter.reportStep(Reporter.java:116)
at com.framework.selenium.api.base.SeleniumBase.takeSnap(SeleniumBase.java:906)
at com.framework.utils.Reporter.reportStep(Reporter.java:89)
at com.framework.utils.Reporter.reportStep(Reporter.java:116)
at com.framework.selenium.api.base.SeleniumBase.takeSnap(SeleniumBase.java:906)
at com.framework.utils.Reporter.reportStep(Reporter.java:89)
at com.framework.utils.Reporter.reportStep(Reporter.java:116)
at com.framework.selenium.api.base.SeleniumBase.takeSnap(SeleniumBase.java:906)
at com.framework.utils.Reporter.reportStep(Reporter.java:89)
at com.framework.utils.Reporter.reportStep(Reporter.java:116)
at com.framework.selenium.api.base.SeleniumBase.takeSnap(SeleniumBase.java:906)
at com.framework.utils.Reporter.reportStep(Reporter.java:89)
at com.framework.utils.Reporter.reportStep(Reporter.java:116)
at com.framework.selenium.api.base.SeleniumBase.takeSnap(SeleniumBase.java:906)
at com.framework.utils.Reporter.reportStep(Reporter.java:89)
at com.framework.utils.Reporter.reportStep(Reporter.java:116)
at com.framework.selenium.api.base.SeleniumBase.takeSnap(SeleniumBase.java:906)
at com.framework.utils.Reporter.reportStep(Reporter.java:89)
at com.framework.utils.Reporter.reportStep(Reporter.java:116)
at com.framework.selenium.api.base.SeleniumBase.takeSnap(SeleniumBase.java:906)
at com.framework.utils.Reporter.reportStep(Reporter.java:89)
at com.framework.utils.Reporter.reportStep(Reporter.java:116)
at com.framework.selenium.api.base.SeleniumBase.takeSnap(SeleniumBase.java:906)
at com.framework.utils.Reporter.reportStep(Reporter.java:89)
at com.framework.utils.Reporter.reportStep(Reporter.java:116)
at com.framework.selenium.api.base.SeleniumBase.takeSnap(SeleniumBase.java:906)
at com.framework.utils.Reporter.reportStep(Reporter.java:89)
at com.framework.utils.Reporter.reportStep(Reporter.java:116)
at com.framework.selenium.api.base.SeleniumBase.takeSnap(SeleniumBase.java:906)
at com.framework.utils.Reporter.reportStep(Reporter.java:89)
at com.framework.utils.Reporter.reportStep(Reporter.java:116)
at com.framework.selenium.api.base.SeleniumBase.takeSnap(SeleniumBase.java:906)
at com.framework.utils.Reporter.reportStep(Reporter.java:89)
at com.framework.utils.Reporter.reportStep(Reporter.java:116)
at com.framework.selenium.api.base.SeleniumBase.takeSnap(SeleniumBase.java:906)
at com.framework.utils.Reporter.reportStep(Reporter.java:89)
at com.framework.utils.Reporter.reportStep(Reporter.java:116)
at com.framework.selenium.api.base.SeleniumBase.takeSnap(SeleniumBase.java:906)
at com.framework.utils.Reporter.reportStep(Reporter.java:89)
at com.framework.utils.Reporter.reportStep(Reporter.java:116)
at com.framework.selenium.api.base.SeleniumBase.takeSnap(SeleniumBase.java:906)
at com.framework.utils.Reporter.reportStep(Reporter.java:89)
at com.framework.utils.Reporter.reportStep(Reporter.java:116)
at com.framework.selenium.api.base.SeleniumBase.takeSnap(SeleniumBase.java:906)
at com.framework.utils.Reporter.reportStep(Reporter.java:89)
at com.framework.utils.Reporter.reportStep(Reporter.java:116)
at com.framework.selenium.api.base.SeleniumBase.takeSnap(SeleniumBase.java:906)
at com.framework.utils.Reporter.reportStep(Reporter.java:89)
at com.framework.utils.Reporter.reportStep(Reporter.java:116)
at com.framework.selenium.api.base.SeleniumBase.takeSnap(SeleniumBase.java:906)
at com.framework.utils.Reporter.reportStep(Reporter.java:89)
at com.framework.utils.Reporter.reportStep(Reporter.java:116)
at com.framework.selenium.api.base.SeleniumBase.takeSnap(SeleniumBase.java:906)
at com.framework.utils.Reporter.reportStep(Reporter.java:89)
at com.framework.utils.Reporter.reportStep(Reporter.java:116)
at com.framework.selenium.api.base.SeleniumBase.takeSnap(SeleniumBase.java:906)
at com.framework.utils.Reporter.reportStep(Reporter.java:89)
at com.framework.utils.Reporter.reportStep(Reporter.java:116)
at com.framework.selenium.api.base.SeleniumBase.takeSnap(SeleniumBase.java:906)
at com.framework.utils.Reporter.reportStep(Reporter.java:89)
at com.framework.utils.Reporter.reportStep(Reporter.java:116)
at com.framework.selenium.api.base.SeleniumBase.takeSnap(SeleniumBase.java:906)
at com.framework.utils.Reporter.reportStep(Reporter.java:89)
at com.framework.utils.Reporter.reportStep(Reporter.java:116)
at com.framework.selenium.api.base.SeleniumBase.takeSnap(SeleniumBase.java:906)
at com.framework.utils.Reporter.reportStep(Reporter.java:89)
at com.framework.utils.Reporter.reportStep(Reporter.java:116)
at com.framework.selenium.api.base.SeleniumBase.takeSnap(SeleniumBase.java:906)
at com.framework.utils.Reporter.reportStep(Reporter.java:89)
at com.framework.utils.Reporter.reportStep(Reporter.java:116)
at com.framework.selenium.api.base.SeleniumBase.takeSnap(SeleniumBase.java:906)
at com.framework.utils.Reporter.reportStep(Reporter.java:89)
at com.framework.utils.Reporter.reportStep(Reporter.java:116)
at com.framework.selenium.api.base.SeleniumBase.takeSnap(SeleniumBase.java:906)
at com.framework.utils.Reporter.reportStep(Reporter.java:89)
at com.framework.utils.Reporter.reportStep(Reporter.java:116)
at com.framework.selenium.api.base.SeleniumBase.takeSnap(SeleniumBase.java:906)
at com.framework.utils.Reporter.reportStep(Reporter.java:89)
at com.framework.utils.Reporter.reportStep(Reporter.java:116)
at com.framework.selenium.api.base.SeleniumBase.takeSnap(SeleniumBase.java:906)
at com.framework.utils.Reporter.reportStep(Reporter.java:89)
at com.framework.utils.Reporter.reportStep(Reporter.java:116)
at com.framework.selenium.api.base.SeleniumBase.takeSnap(SeleniumBase.java:906)
at com.framework.utils.Reporter.reportStep(Reporter.java:89)
at com.framework.utils.Reporter.reportStep(Reporter.java:116)
at com.framework.selenium.api.base.SeleniumBase.takeSnap(SeleniumBase.java:906)
at com.framework.utils.Reporter.reportStep(Reporter.java:89)
at com.framework.utils.Reporter.reportStep(Reporter.java:116)
at com.framework.selenium.api.base.SeleniumBase.takeSnap(SeleniumBase.java:906)
at com.framework.utils.Reporter.reportStep(Reporter.java:89)
at com.framework.utils.Reporter.reportStep(Reporter.java:116)
at com.framework.selenium.api.base.SeleniumBase.takeSnap(SeleniumBase.java:906)
at com.framework.utils.Reporter.reportStep(Reporter.java:89)
at com.framework.utils.Reporter.reportStep(Reporter.java:116)
at com.framework.selenium.api.base.SeleniumBase.takeSnap(SeleniumBase.java:906)
at com.framework.utils.Reporter.reportStep(Reporter.java:89)
at com.framework.utils.Reporter.reportStep(Reporter.java:116)
at com.framework.selenium.api.base.SeleniumBase.takeSnap(SeleniumBase.java:906)
at com.framework.utils.Reporter.reportStep(Reporter.java:89)
at com.framework.utils.Reporter.reportStep(Reporter.java:116)
at com.framework.selenium.api.base.SeleniumBase.takeSnap(SeleniumBase.java:906)
at com.framework.utils.Reporter.reportStep(Reporter.java:89)
at com.framework.utils.Reporter.reportStep(Reporter.java:116)
at com.framework.selenium.api.base.SeleniumBase.takeSnap(SeleniumBase.java:906)
at com.framework.utils.Reporter.reportStep(Reporter.java:89)
at com.framework.utils.Reporter.reportStep(Reporter.java:116)
at com.framework.selenium.api.base.SeleniumBase.takeSnap(SeleniumBase.java:906)
at com.framework.utils.Reporter.reportStep(Reporter.java:89)
at com.framework.utils.Reporter.reportStep(Reporter.java:116)
at com.framework.selenium.api.base.SeleniumBase.takeSnap(SeleniumBase.java:906)
at com.framework.utils.Reporter.reportStep(Reporter.java:89)
at com.framework.utils.Reporter.reportStep(Reporter.java:116)
at com.framework.selenium.api.base.SeleniumBase.takeSnap(SeleniumBase.java:906)
at com.framework.utils.Reporter.reportStep(Reporter.java:89)
at com.framework.utils.Reporter.reportStep(Reporter.java:116)
at com.framework.selenium.api.base.SeleniumBase.takeSnap(SeleniumBase.java:906)
at com.framework.utils.Reporter.reportStep(Reporter.java:89)
at com.framework.utils.Reporter.reportStep(Reporter.java:116)
at com.framework.selenium.api.base.SeleniumBase.takeSnap(SeleniumBase.java:906)
at com.framework.utils.Reporter.reportStep(Reporter.java:89)
at com.framework.utils.Reporter.reportStep(Reporter.java:116)
at com.framework.selenium.api.base.SeleniumBase.takeSnap(SeleniumBase.java:906)
at com.framework.utils.Reporter.reportStep(Reporter.java:89)
at com.framework.utils.Reporter.reportStep(Reporter.java:116)
at com.framework.selenium.api.base.SeleniumBase.takeSnap(SeleniumBase.java:906)
at com.framework.utils.Reporter.reportStep(Reporter.java:89)
at com.framework.utils.Reporter.reportStep(Reporter.java:116)
at com.framework.selenium.api.base.SeleniumBase.takeSnap(SeleniumBase.java:906)
at com.framework.utils.Reporter.reportStep(Reporter.java:89)
at com.framework.utils.Reporter.reportStep(Reporter.java:116)
at com.framework.selenium.api.base.SeleniumBase.takeSnap(SeleniumBase.java:906)
at com.framework.utils.Reporter.reportStep(Reporter.java:89)
at com.framework.utils.Reporter.reportStep(Reporter.java:116)
at com.framework.selenium.api.base.SeleniumBase.takeSnap(SeleniumBase.java:906)
at com.framework.utils.Reporter.reportStep(Reporter.java:89)
at com.framework.utils.Reporter.reportStep(Reporter.java:116)
at com.framework.selenium.api.base.SeleniumBase.takeSnap(SeleniumBase.java:906)
at com.framework.utils.Reporter.reportStep(Reporter.java:89)
at com.framework.utils.Reporter.reportStep(Reporter.java:116)
at com.framework.selenium.api.base.SeleniumBase.takeSnap(SeleniumBase.java:906)
at com.framework.utils.Reporter.reportStep(Reporter.java:89)
at com.framework.utils.Reporter.reportStep(Reporter.java:116)
at com.framework.selenium.api.base.SeleniumBase.takeSnap(SeleniumBase.java:906)
at com.framework.utils.Reporter.reportStep(Reporter.java:89)
at com.framework.utils.Reporter.reportStep(Reporter.java:116)
at com.framework.selenium.api.base.SeleniumBase.takeSnap(SeleniumBase.java:906)
at com.framework.utils.Reporter.reportStep(Reporter.java:89)
at com.framework.utils.Reporter.reportStep(Reporter.java:116)
at com.framework.selenium.api.base.SeleniumBase.takeSnap(SeleniumBase.java:906)
at com.framework.utils.Reporter.reportStep(Reporter.java:89)
at com.framework.utils.Reporter.reportStep(Reporter.java:116)
at com.framework.selenium.api.base.SeleniumBase.takeSnap(SeleniumBase.java:906)
at com.framework.utils.Reporter.reportStep(Reporter.java:89)
at com.framework.utils.Reporter.reportStep(Reporter.java:116)
at com.framework.selenium.api.base.SeleniumBase.takeSnap(SeleniumBase.java:906)
at com.framework.utils.Reporter.reportStep(Reporter.java:89)
at com.framework.utils.Reporter.reportStep(Reporter.java:116)
at com.framework.selenium.api.base.SeleniumBase.takeSnap(SeleniumBase.java:906)
at com.framework.utils.Reporter.reportStep(Reporter.java:89)
at com.framework.utils.Reporter.reportStep(Reporter.java:116)
at com.framework.selenium.api.base.SeleniumBase.takeSnap(SeleniumBase.java:906)
at com.framework.utils.Reporter.reportStep(Reporter.java:89)
at com.framework.utils.Reporter.reportStep(Reporter.java:116)
at com.framework.selenium.api.base.SeleniumBase.takeSnap(SeleniumBase.java:906)
at com.framework.utils.Reporter.reportStep(Reporter.java:89)
at com.framework.utils.Reporter.reportStep(Reporter.java:116)
at com.framework.selenium.api.base.SeleniumBase.takeSnap(SeleniumBase.java:906)
at com.framework.utils.Reporter.reportStep(Reporter.java:89)
at com.framework.utils.Reporter.reportStep(Reporter.java:116)
at com.framework.selenium.api.base.SeleniumBase.takeSnap(SeleniumBase.java:906)
at com.framework.utils.Reporter.reportStep(Reporter.java:89)
at com.framework.utils.Reporter.reportStep(Reporter.java:116)
at com.framework.selenium.api.base.SeleniumBase.takeSnap(SeleniumBase.java:906)
at com.framework.utils.Reporter.reportStep(Reporter.java:89)
at com.framework.utils.Reporter.reportStep(Reporter.java:116)
at com.framework.selenium.api.base.SeleniumBase.takeSnap(SeleniumBase.java:906)
at com.framework.utils.Reporter.reportStep(Reporter.java:89)
at com.framework.utils.Reporter.reportStep(Reporter.java:116)
at com.framework.selenium.api.base.SeleniumBase.takeSnap(SeleniumBase.java:906)
at com.framework.utils.Reporter.reportStep(Reporter.java:89)
at com.framework.utils.Reporter.reportStep(Reporter.java:116)
at com.framework.selenium.api.base.SeleniumBase.takeSnap(SeleniumBase.java:906)
at com.framework.utils.Reporter.reportStep(Reporter.java:89)
at com.framework.utils.Reporter.reportStep(Reporter.java:116)
at com.framework.selenium.api.base.SeleniumBase.takeSnap(SeleniumBase.java:906)
at com.framework.utils.Reporter.reportStep(Reporter.java:89)
at com.framework.utils.Reporter.reportStep(Reporter.java:116)
at com.framework.selenium.api.base.SeleniumBase.takeSnap(SeleniumBase.java:906)
at com.framework.utils.Reporter.reportStep(Reporter.java:89)
at com.framework.utils.Reporter.reportStep(Reporter.java:116)
at com.framework.selenium.api.base.SeleniumBase.takeSnap(SeleniumBase.java:906)
at com.framework.utils.Reporter.reportStep(Reporter.java:89)
at com.framework.utils.Reporter.reportStep(Reporter.java:116)
at com.framework.selenium.api.base.SeleniumBase.takeSnap(SeleniumBase.java:906)
at com.framework.utils.Reporter.reportStep(Reporter.java:89)
at com.framework.utils.Reporter.reportStep(Reporter.java:116)
at com.framework.selenium.api.base.SeleniumBase.takeSnap(SeleniumBase.java:906)
at com.framework.utils.Reporter.reportStep(Reporter.java:89)
at com.framework.utils.Reporter.reportStep(Reporter.java:116)
at com.framework.selenium.api.base.SeleniumBase.takeSnap(SeleniumBase.java:906)
at com.framework.utils.Reporter.reportStep(Reporter.java:89)
at com.framework.utils.Reporter.reportStep(Reporter.java:116)
at com.framework.selenium.api.base.SeleniumBase.takeSnap(SeleniumBase.java:906)
at com.framework.utils.Reporter.reportStep(Reporter.java:89)
at com.framework.utils.Reporter.reportStep(Reporter.java:116)
at com.framework.selenium.api.base.SeleniumBase.takeSnap(SeleniumBase.java:906)
at com.framework.utils.Reporter.reportStep(Reporter.java:89)
at com.framework.utils.Reporter.reportStep(Reporter.java:116)
at com.framework.selenium.api.base.SeleniumBase.takeSnap(SeleniumBase.java:906)
at com.framework.utils.Reporter.reportStep(Reporter.java:89)
at com.framework.utils.Reporter.reportStep(Reporter.java:116)
at com.framework.selenium.api.base.SeleniumBase.takeSnap(SeleniumBase.java:906)
at com.framework.utils.Reporter.reportStep(Reporter.java:89)
at com.framework.utils.Reporter.reportStep(Reporter.java:116)
at com.framework.selenium.api.base.SeleniumBase.takeSnap(SeleniumBase.java:906)
at com.framework.utils.Reporter.reportStep(Reporter.java:89)
at com.framework.utils.Reporter.reportStep(Reporter.java:116)
at com.framework.selenium.api.base.SeleniumBase.takeSnap(SeleniumBase.java:906)
at com.framework.utils.Reporter.reportStep(Reporter.java:89)
at com.framework.utils.Reporter.reportStep(Reporter.java:116)
at com.framework.selenium.api.base.SeleniumBase.takeSnap(SeleniumBase.java:906)
at com.framework.utils.Reporter.reportStep(Reporter.java:89)
at com.framework.utils.Reporter.reportStep(Reporter.java:116)
at com.framework.selenium.api.base.SeleniumBase.takeSnap(SeleniumBase.java:906)
at com.framework.utils.Reporter.reportStep(Reporter.java:89)
at com.framework.utils.Reporter.reportStep(Reporter.java:116)
at com.framework.selenium.api.base.SeleniumBase.takeSnap(SeleniumBase.java:906)
at com.framework.utils.Reporter.reportStep(Reporter.java:89)
at com.framework.utils.Reporter.reportStep(Reporter.java:116)
at com.framework.selenium.api.base.SeleniumBase.takeSnap(SeleniumBase.java:906)
at com.framework.utils.Reporter.reportStep(Reporter.java:89)
at com.framework.utils.Reporter.reportStep(Reporter.java:116)
at com.framework.selenium.api.base.SeleniumBase.takeSnap(SeleniumBase.java:906)
at com.framework.utils.Reporter.reportStep(Reporter.java:89)
at com.framework.utils.Reporter.reportStep(Reporter.java:116)
at com.framework.selenium.api.base.SeleniumBase.takeSnap(SeleniumBase.java:906)
at com.framework.utils.Reporter.reportStep(Reporter.java:89)
at com.framework.utils.Reporter.reportStep(Reporter.java:116)
at com.framework.selenium.api.base.SeleniumBase.takeSnap(SeleniumBase.java:906)
at com.framework.utils.Reporter.reportStep(Reporter.java:89)
at com.framework.utils.Reporter.reportStep(Reporter.java:116)
at com.framework.selenium.api.base.SeleniumBase.takeSnap(SeleniumBase.java:906)
at com.framework.utils.Reporter.reportStep(Reporter.java:89)
at com.framework.utils.Reporter.reportStep(Reporter.java:116)
at com.framework.selenium.api.base.SeleniumBase.takeSnap(SeleniumBase.java:906)
at com.framework.utils.Reporter.reportStep(Reporter.java:89)
at com.framework.utils.Reporter.reportStep(Reporter.java:116)
at com.framework.selenium.api.base.SeleniumBase.takeSnap(SeleniumBase.java:906)
at com.framework.utils.Reporter.reportStep(Reporter.java:89)
at com.framework.utils.Reporter.reportStep(Reporter.java:116)
at com.framework.selenium.api.base.SeleniumBase.takeSnap(SeleniumBase.java:906)
at com.framework.utils.Reporter.reportStep(Reporter.java:89)
at com.framework.utils.Reporter.reportStep(Reporter.java:116)
at com.framework.selenium.api.base.SeleniumBase.takeSnap(SeleniumBase.java:906)
at com.framework.utils.Reporter.reportStep(Reporter.java:89)
at com.framework.utils.Reporter.reportStep(Reporter.java:116)
at com.framework.selenium.api.base.SeleniumBase.takeSnap(SeleniumBase.java:906)
at com.framework.utils.Reporter.reportStep(Reporter.java:89)
at com.framework.utils.Reporter.reportStep(Reporter.java:116)
at com.framework.selenium.api.base.SeleniumBase.takeSnap(SeleniumBase.java:906)
at com.framework.utils.Reporter.reportStep(Reporter.java:89)
at com.framework.utils.Reporter.reportStep(Reporter.java:116)
at com.framework.selenium.api.base.SeleniumBase.takeSnap(SeleniumBase.java:906)
at com.framework.utils.Reporter.reportStep(Reporter.java:89)
at com.framework.utils.Reporter.reportStep(Reporter.java:116)
at com.framework.selenium.api.base.SeleniumBase.takeSnap(SeleniumBase.java:906)
at com.framework.utils.Reporter.reportStep(Reporter.java:89)
at com.framework.utils.Reporter.reportStep(Reporter.java:116)
at com.framework.selenium.api.base.SeleniumBase.takeSnap(SeleniumBase.java:906)
at com.framework.utils.Reporter.reportStep(Reporter.java:89)
at com.framework.utils.Reporter.reportStep(Reporter.java:116)
at com.framework.selenium.api.base.SeleniumBase.takeSnap(SeleniumBase.java:906)
at com.framework.utils.Reporter.reportStep(Reporter.java:89)
at com.framework.utils.Reporter.reportStep(Reporter.java:116)
at com.framework.selenium.api.base.SeleniumBase.takeSnap(SeleniumBase.java:906)
at com.framework.utils.Reporter.reportStep(Reporter.java:89)
at com.framework.utils.Reporter.reportStep(Reporter.java:116)
at com.framework.selenium.api.base.SeleniumBase.takeSnap(SeleniumBase.java:906)
at com.framework.utils.Reporter.reportStep(Reporter.java:89)
at com.framework.utils.Reporter.reportStep(Reporter.java:116)
at com.framework.selenium.api.base.SeleniumBase.takeSnap(SeleniumBase.java:906)
at com.framework.utils.Reporter.reportStep(Reporter.java:89)
at com.framework.utils.Reporter.reportStep(Reporter.java:116)
at com.framework.selenium.api.base.SeleniumBase.takeSnap(SeleniumBase.java:906)
at com.framework.utils.Reporter.reportStep(Reporter.java:89)
at com.framework.utils.Reporter.reportStep(Reporter.java:116)
at com.framework.selenium.api.base.SeleniumBase.takeSnap(SeleniumBase.java:906)
at com.framework.utils.Reporter.reportStep(Reporter.java:89)
at com.framework.utils.Reporter.reportStep(Reporter.java:116)
at com.framework.selenium.api.base.SeleniumBase.takeSnap(SeleniumBase.java:906)
at com.framework.utils.Reporter.reportStep(Reporter.java:89)
at com.framework.utils.Reporter.reportStep(Reporter.java:116)
at com.framework.selenium.api.base.SeleniumBase.takeSnap(SeleniumBase.java:906)
at com.framework.utils.Reporter.reportStep(Reporter.java:89)
at com.framework.utils.Reporter.reportStep(Reporter.java:116)
at com.framework.selenium.api.base.SeleniumBase.takeSnap(SeleniumBase.java:906)
at com.framework.utils.Reporter.reportStep(Reporter.java:89)
at com.framework.utils.Reporter.reportStep(Reporter.java:116)
at com.framework.selenium.api.base.SeleniumBase.takeSnap(SeleniumBase.java:906)
at com.framework.utils.Reporter.reportStep(Reporter.java:89)
at com.framework.utils.Reporter.reportStep(Reporter.java:116)
at com.framework.selenium.api.base.SeleniumBase.takeSnap(SeleniumBase.java:906)
at com.framework.utils.Reporter.reportStep(Reporter.java:89)
at com.framework.utils.Reporter.reportStep(Reporter.java:116)
at com.framework.selenium.api.base.SeleniumBase.takeSnap(SeleniumBase.java:906)
at com.framework.utils.Reporter.reportStep(Reporter.java:89)
at com.framework.utils.Reporter.reportStep(Reporter.java:116)
at com.framework.selenium.api.base.SeleniumBase.takeSnap(SeleniumBase.java:906)
at com.framework.utils.Reporter.reportStep(Reporter.java:89)
at com.framework.utils.Reporter.reportStep(Reporter.java:116)
at com.framework.selenium.api.base.SeleniumBase.takeSnap(SeleniumBase.java:906)
at com.framework.utils.Reporter.reportStep(Reporter.java:89)
at com.framework.utils.Reporter.reportStep(Reporter.java:116)
at com.framework.selenium.api.base.SeleniumBase.takeSnap(SeleniumBase.java:906)
at com.framework.utils.Reporter.reportStep(Reporter.java:89)
at com.framework.utils.Reporter.reportStep(Reporter.java:116)
at com.framework.selenium.api.base.SeleniumBase.takeSnap(SeleniumBase.java:906)
at com.framework.utils.Reporter.reportStep(Reporter.java:89)
at com.framework.utils.Reporter.reportStep(Reporter.java:116)
at com.framework.selenium.api.base.SeleniumBase.takeSnap(SeleniumBase.java:906)
at com.framework.utils.Reporter.reportStep(Reporter.java:89)
at com.framework.utils.Reporter.reportStep(Reporter.java:116)
at com.framework.selenium.api.base.SeleniumBase.takeSnap(SeleniumBase.java:906)
at com.framework.utils.Reporter.reportStep(Reporter.java:89)
at com.framework.utils.Reporter.reportStep(Reporter.java:116)
at com.framework.selenium.api.base.SeleniumBase.takeSnap(SeleniumBase.java:906)
at com.framework.utils.Reporter.reportStep(Reporter.java:89)
at com.framework.utils.Reporter.reportStep(Reporter.java:116)
at com.framework.selenium.api.base.SeleniumBase.takeSnap(SeleniumBase.java:906)
at com.framework.utils.Reporter.reportStep(Reporter.java:89)
at com.framework.utils.Reporter.reportStep(Reporter.java:116)
at com.framework.selenium.api.base.SeleniumBase.takeSnap(SeleniumBase.java:906)
at com.framework.utils.Reporter.reportStep(Reporter.java:89)
at com.framework.utils.Reporter.reportStep(Reporter.java:116)
at com.framework.selenium.api.base.SeleniumBase.takeSnap(SeleniumBase.java:906)
at com.framework.utils.Reporter.reportStep(Reporter.java:89)
at com.framework.utils.Reporter.reportStep(Reporter.java:116)
at com.framework.selenium.api.base.SeleniumBase.takeSnap(SeleniumBase.java:906)
at com.framework.utils.Reporter.reportStep(Reporter.java:89)
at com.framework.utils.Reporter.reportStep(Reporter.java:116)
at com.framework.selenium.api.base.SeleniumBase.takeSnap(SeleniumBase.java:906)
at com.framework.utils.Reporter.reportStep(Reporter.java:89)
at com.framework.utils.Reporter.reportStep(Reporter.java:116)
at com.framework.selenium.api.base.SeleniumBase.takeSnap(SeleniumBase.java:906)
at com.framework.utils.Reporter.reportStep(Reporter.java:89)
at com.framework.utils.Reporter.reportStep(Reporter.java:116)
at com.framework.selenium.api.base.SeleniumBase.takeSnap(SeleniumBase.java:906)
at com.framework.utils.Reporter.reportStep(Reporter.java:89)
at com.framework.utils.Reporter.reportStep(Reporter.java:116)
at com.framework.selenium.api.base.SeleniumBase.takeSnap(SeleniumBase.java:906)
at com.framework.utils.Reporter.reportStep(Reporter.java:89)
at com.framework.utils.Reporter.reportStep(Reporter.java:116)
at com.framework.selenium.api.base.SeleniumBase.takeSnap(SeleniumBase.java:906)
at com.framework.utils.Reporter.reportStep(Reporter.java:89)
at com.framework.utils.Reporter.reportStep(Reporter.java:116)
at com.framework.selenium.api.base.SeleniumBase.takeSnap(SeleniumBase.java:906)
at com.framework.utils.Reporter.reportStep(Reporter.java:89)
at com.framework.utils.Reporter.reportStep(Reporter.java:116)
at com.framework.selenium.api.base.SeleniumBase.takeSnap(SeleniumBase.java:906)
at com.framework.utils.Reporter.reportStep(Reporter.java:89)
at com.framework.utils.Reporter.reportStep(Reporter.java:116)
at com.framework.selenium.api.base.SeleniumBase.takeSnap(SeleniumBase.java:906)
at com.framework.utils.Reporter.reportStep(Reporter.java:89)
at com.framework.utils.Reporter.reportStep(Reporter.java:116)
at com.framework.selenium.api.base.SeleniumBase.takeSnap(SeleniumBase.java:906)
at com.framework.utils.Reporter.reportStep(Reporter.java:89)
at com.framework.utils.Reporter.reportStep(Reporter.java:116)
at com.framework.selenium.api.base.SeleniumBase.takeSnap(SeleniumBase.java:906)
at com.framework.utils.Reporter.reportStep(Reporter.java:89)
at com.framework.utils.Reporter.reportStep(Reporter.java:116)
at com.framework.selenium.api.base.SeleniumBase.takeSnap(SeleniumBase.java:906)
at com.framework.utils.Reporter.reportStep(Reporter.java:89)
at com.framework.utils.Reporter.reportStep(Reporter.java:116)
at com.framework.selenium.api.base.SeleniumBase.takeSnap(SeleniumBase.java:906)
at com.framework.utils.Reporter.reportStep(Reporter.java:89)
at com.framework.utils.Reporter.reportStep(Reporter.java:116)
at com.framework.selenium.api.base.SeleniumBase.takeSnap(SeleniumBase.java:906)
at com.framework.utils.Reporter.reportStep(Reporter.java:89)
at com.framework.utils.Reporter.reportStep(Reporter.java:116)
at com.framework.selenium.api.base.SeleniumBase.takeSnap(SeleniumBase.java:906)
at com.framework.utils.Reporter.reportStep(Reporter.java:89)
at com.framework.utils.Reporter.reportStep(Reporter.java:116)
at com.framework.selenium.api.base.SeleniumBase.takeSnap(SeleniumBase.java:906)
at com.framework.utils.Reporter.reportStep(Reporter.java:89)
at com.framework.utils.Reporter.reportStep(Reporter.java:116)
at com.framework.selenium.api.base.SeleniumBase.takeSnap(SeleniumBase.java:906)
at com.framework.utils.Reporter.reportStep(Reporter.java:89)
at com.framework.utils.Reporter.reportStep(Reporter.java:116)
at com.framework.selenium.api.base.SeleniumBase.takeSnap(SeleniumBase.java:906)
at com.framework.utils.Reporter.reportStep(Reporter.java:89)
at com.framework.utils.Reporter.reportStep(Reporter.java:116)
at com.framework.selenium.api.base.SeleniumBase.takeSnap(SeleniumBase.java:906)
at com.framework.utils.Reporter.reportStep(Reporter.java:89)
at com.framework.utils.Reporter.reportStep(Reporter.java:116)
at com.framework.selenium.api.base.SeleniumBase.takeSnap(SeleniumBase.java:906)
at com.framework.utils.Reporter.reportStep(Reporter.java:89)
at com.framework.utils.Reporter.reportStep(Reporter.java:116)
at com.framework.selenium.api.base.SeleniumBase.takeSnap(SeleniumBase.java:906)
at com.framework.utils.Reporter.reportStep(Reporter.java:89)
at com.framework.utils.Reporter.reportStep(Reporter.java:116)
at com.framework.selenium.api.base.SeleniumBase.takeSnap(SeleniumBase.java:906)
at com.framework.utils.Reporter.reportStep(Reporter.java:89)
at com.framework.utils.Reporter.reportStep(Reporter.java:116)
at com.framework.selenium.api.base.SeleniumBase.takeSnap(SeleniumBase.java:906)
at com.framework.utils.Reporter.reportStep(Reporter.java:89)
at com.framework.utils.Reporter.reportStep(Reporter.java:116)
at com.framework.selenium.api.base.SeleniumBase.takeSnap(SeleniumBase.java:906)
at com.framework.utils.Reporter.reportStep(Reporter.java:89)
at com.framework.utils.Reporter.reportStep(Reporter.java:116)
at com.framework.selenium.api.base.SeleniumBase.takeSnap(SeleniumBase.java:906)
at com.framework.utils.Reporter.reportStep(Reporter.java:89)
at com.framework.utils.Reporter.reportStep(Reporter.java:116)
at com.framework.selenium.api.base.SeleniumBase.takeSnap(SeleniumBase.java:906)
at com.framework.utils.Reporter.reportStep(Reporter.java:89)
at com.framework.utils.Reporter.reportStep(Reporter.java:116)
at com.framework.selenium.api.base.SeleniumBase.takeSnap(SeleniumBase.java:906)
at com.framework.utils.Reporter.reportStep(Reporter.java:89)
at com.framework.utils.Reporter.reportStep(Reporter.java:116)
at com.framework.selenium.api.base.SeleniumBase.takeSnap(SeleniumBase.java:906)
at com.framework.utils.Reporter.reportStep(Reporter.java:89)
at com.framework.utils.Reporter.reportStep(Reporter.java:116)
at com.framework.selenium.api.base.SeleniumBase.takeSnap(SeleniumBase.java:906)
at com.framework.utils.Reporter.reportStep(Reporter.java:89)
at com.framework.utils.Reporter.reportStep(Reporter.java:116)
at com.framework.selenium.api.base.SeleniumBase.takeSnap(SeleniumBase.java:906)
at com.framework.utils.Reporter.reportStep(Reporter.java:89)
at com.framework.utils.Reporter.reportStep(Reporter.java:116)
at com.framework.selenium.api.base.SeleniumBase.takeSnap(SeleniumBase.java:906)
at com.framework.utils.Reporter.reportStep(Reporter.java:89)
at com.framework.utils.Reporter.reportStep(Reporter.java:116)
at com.framework.selenium.api.base.SeleniumBase.takeSnap(SeleniumBase.java:906)
at com.framework.utils.Reporter.reportStep(Reporter.java:89)
at com.framework.utils.Reporter.reportStep(Reporter.java:116)
at com.framework.selenium.api.base.SeleniumBase.takeSnap(SeleniumBase.java:906)
at com.framework.utils.Reporter.reportStep(Reporter.java:89)
at com.framework.utils.Reporter.reportStep(Reporter.java:116)
at com.framework.selenium.api.base.SeleniumBase.takeSnap(SeleniumBase.java:906)
at com.framework.utils.Reporter.reportStep(Reporter.java:89)
at com.framework.utils.Reporter.reportStep(Reporter.java:116)
at com.framework.selenium.api.base.SeleniumBase.takeSnap(SeleniumBase.java:906)
at com.framework.utils.Reporter.reportStep(Reporter.java:89)
at com.framework.utils.Reporter.reportStep(Reporter.java:116)
at com.framework.selenium.api.base.SeleniumBase.takeSnap(SeleniumBase.java:906)
at com.framework.utils.Reporter.reportStep(Reporter.java:89)
at com.framework.utils.Reporter.reportStep(Reporter.java:116)
at com.framework.selenium.api.base.SeleniumBase.takeSnap(SeleniumBase.java:906)
at com.framework.utils.Reporter.reportStep(Reporter.java:89)
at com.framework.utils.Reporter.reportStep(Reporter.java:116)
at com.framework.selenium.api.base.SeleniumBase.takeSnap(SeleniumBase.java:906)
at com.framework.utils.Reporter.reportStep(Reporter.java:89)
at com.framework.utils.Reporter.reportStep(Reporter.java:116)
at com.framework.selenium.api.base.SeleniumBase.takeSnap(SeleniumBase.java:906)
at com.framework.utils.Reporter.reportStep(Reporter.java:89)
at com.framework.utils.Reporter.reportStep(Reporter.java:116)
at com.framework.selenium.api.base.SeleniumBase.takeSnap(SeleniumBase.java:906)
at com.framework.utils.Reporter.reportStep(Reporter.java:89)
at com.framework.utils.Reporter.reportStep(Reporter.java:116)
at com.framework.selenium.api.base.SeleniumBase.takeSnap(SeleniumBase.java:906)
at com.framework.utils.Reporter.reportStep(Reporter.java:89)
at com.framework.utils.Reporter.reportStep(Reporter.java:116)
at com.framework.selenium.api.base.SeleniumBase.takeSnap(SeleniumBase.java:906)
at com.framework.utils.Reporter.reportStep(Reporter.java:89)
at com.framework.utils.Reporter.reportStep(Reporter.java:116)
at com.framework.selenium.api.base.SeleniumBase.takeSnap(SeleniumBase.java:906)
at com.framework.utils.Reporter.reportStep(Reporter.java:89)
at com.framework.utils.Reporter.reportStep(Reporter.java:116)
at com.framework.selenium.api.base.SeleniumBase.takeSnap(SeleniumBase.java:906)
at com.framework.utils.Reporter.reportStep(Reporter.java:89)
at com.framework.utils.Reporter.reportStep(Reporter.java:116)
at com.framework.selenium.api.base.SeleniumBase.takeSnap(SeleniumBase.java:906)
at com.framework.utils.Reporter.reportStep(Reporter.java:89)
at com.framework.utils.Reporter.reportStep(Reporter.java:116)
at com.framework.selenium.api.base.SeleniumBase.takeSnap(SeleniumBase.java:906)
at com.framework.utils.Reporter.reportStep(Reporter.java:89)
at com.framework.utils.Reporter.reportStep(Reporter.java:116)
at com.framework.selenium.api.base.SeleniumBase.takeSnap(SeleniumBase.java:906)
at com.framework.utils.Reporter.reportStep(Reporter.java:89)
at com.framework.utils.Reporter.reportStep(Reporter.java:116)
at com.framework.selenium.api.base.SeleniumBase.takeSnap(SeleniumBase.java:906)
at com.framework.utils.Reporter.reportStep(Reporter.java:89)
at com.framework.utils.Reporter.reportStep(Reporter.java:116)
at com.framework.selenium.api.base.SeleniumBase.takeSnap(SeleniumBase.java:906)
]]>
    </error>
  </testcase> <!-- preCondition -->
  <system-out/>
  <testcase classname="com.pos.testcases.CreateNewVendor" name="preCondition" time="0.475">
    <error type="java.lang.StackOverflowError">
      <![CDATA[java.lang.StackOverflowError
at com.framework.selenium.api.base.SeleniumBase.takeSnap(SeleniumBase.java:899)
at com.framework.utils.Reporter.reportStep(Reporter.java:89)
at com.framework.utils.Reporter.reportStep(Reporter.java:116)
at com.framework.selenium.api.base.SeleniumBase.takeSnap(SeleniumBase.java:906)
at com.framework.utils.Reporter.reportStep(Reporter.java:89)
at com.framework.utils.Reporter.reportStep(Reporter.java:116)
at com.framework.selenium.api.base.SeleniumBase.takeSnap(SeleniumBase.java:906)
at com.framework.utils.Reporter.reportStep(Reporter.java:89)
at com.framework.utils.Reporter.reportStep(Reporter.java:116)
at com.framework.selenium.api.base.SeleniumBase.takeSnap(SeleniumBase.java:906)
at com.framework.utils.Reporter.reportStep(Reporter.java:89)
at com.framework.utils.Reporter.reportStep(Reporter.java:116)
at com.framework.selenium.api.base.SeleniumBase.takeSnap(SeleniumBase.java:906)
at com.framework.utils.Reporter.reportStep(Reporter.java:89)
at com.framework.utils.Reporter.reportStep(Reporter.java:116)
at com.framework.selenium.api.base.SeleniumBase.takeSnap(SeleniumBase.java:906)
at com.framework.utils.Reporter.reportStep(Reporter.java:89)
at com.framework.utils.Reporter.reportStep(Reporter.java:116)
at com.framework.selenium.api.base.SeleniumBase.takeSnap(SeleniumBase.java:906)
at com.framework.utils.Reporter.reportStep(Reporter.java:89)
at com.framework.utils.Reporter.reportStep(Reporter.java:116)
at com.framework.selenium.api.base.SeleniumBase.takeSnap(SeleniumBase.java:906)
at com.framework.utils.Reporter.reportStep(Reporter.java:89)
at com.framework.utils.Reporter.reportStep(Reporter.java:116)
at com.framework.selenium.api.base.SeleniumBase.takeSnap(SeleniumBase.java:906)
at com.framework.utils.Reporter.reportStep(Reporter.java:89)
at com.framework.utils.Reporter.reportStep(Reporter.java:116)
at com.framework.selenium.api.base.SeleniumBase.takeSnap(SeleniumBase.java:906)
at com.framework.utils.Reporter.reportStep(Reporter.java:89)
at com.framework.utils.Reporter.reportStep(Reporter.java:116)
at com.framework.selenium.api.base.SeleniumBase.takeSnap(SeleniumBase.java:906)
at com.framework.utils.Reporter.reportStep(Reporter.java:89)
at com.framework.utils.Reporter.reportStep(Reporter.java:116)
at com.framework.selenium.api.base.SeleniumBase.takeSnap(SeleniumBase.java:906)
at com.framework.utils.Reporter.reportStep(Reporter.java:89)
at com.framework.utils.Reporter.reportStep(Reporter.java:116)
at com.framework.selenium.api.base.SeleniumBase.takeSnap(SeleniumBase.java:906)
at com.framework.utils.Reporter.reportStep(Reporter.java:89)
at com.framework.utils.Reporter.reportStep(Reporter.java:116)
at com.framework.selenium.api.base.SeleniumBase.takeSnap(SeleniumBase.java:906)
at com.framework.utils.Reporter.reportStep(Reporter.java:89)
at com.framework.utils.Reporter.reportStep(Reporter.java:116)
at com.framework.selenium.api.base.SeleniumBase.takeSnap(SeleniumBase.java:906)
at com.framework.utils.Reporter.reportStep(Reporter.java:89)
at com.framework.utils.Reporter.reportStep(Reporter.java:116)
at com.framework.selenium.api.base.SeleniumBase.takeSnap(SeleniumBase.java:906)
at com.framework.utils.Reporter.reportStep(Reporter.java:89)
at com.framework.utils.Reporter.reportStep(Reporter.java:116)
at com.framework.selenium.api.base.SeleniumBase.takeSnap(SeleniumBase.java:906)
at com.framework.utils.Reporter.reportStep(Reporter.java:89)
at com.framework.utils.Reporter.reportStep(Reporter.java:116)
at com.framework.selenium.api.base.SeleniumBase.takeSnap(SeleniumBase.java:906)
at com.framework.utils.Reporter.reportStep(Reporter.java:89)
at com.framework.utils.Reporter.reportStep(Reporter.java:116)
at com.framework.selenium.api.base.SeleniumBase.takeSnap(SeleniumBase.java:906)
at com.framework.utils.Reporter.reportStep(Reporter.java:89)
at com.framework.utils.Reporter.reportStep(Reporter.java:116)
at com.framework.selenium.api.base.SeleniumBase.takeSnap(SeleniumBase.java:906)
at com.framework.utils.Reporter.reportStep(Reporter.java:89)
at com.framework.utils.Reporter.reportStep(Reporter.java:116)
at com.framework.selenium.api.base.SeleniumBase.takeSnap(SeleniumBase.java:906)
at com.framework.utils.Reporter.reportStep(Reporter.java:89)
at com.framework.utils.Reporter.reportStep(Reporter.java:116)
at com.framework.selenium.api.base.SeleniumBase.takeSnap(SeleniumBase.java:906)
at com.framework.utils.Reporter.reportStep(Reporter.java:89)
at com.framework.utils.Reporter.reportStep(Reporter.java:116)
at com.framework.selenium.api.base.SeleniumBase.takeSnap(SeleniumBase.java:906)
at com.framework.utils.Reporter.reportStep(Reporter.java:89)
at com.framework.utils.Reporter.reportStep(Reporter.java:116)
at com.framework.selenium.api.base.SeleniumBase.takeSnap(SeleniumBase.java:906)
at com.framework.utils.Reporter.reportStep(Reporter.java:89)
at com.framework.utils.Reporter.reportStep(Reporter.java:116)
at com.framework.selenium.api.base.SeleniumBase.takeSnap(SeleniumBase.java:906)
at com.framework.utils.Reporter.reportStep(Reporter.java:89)
at com.framework.utils.Reporter.reportStep(Reporter.java:116)
at com.framework.selenium.api.base.SeleniumBase.takeSnap(SeleniumBase.java:906)
at com.framework.utils.Reporter.reportStep(Reporter.java:89)
at com.framework.utils.Reporter.reportStep(Reporter.java:116)
at com.framework.selenium.api.base.SeleniumBase.takeSnap(SeleniumBase.java:906)
at com.framework.utils.Reporter.reportStep(Reporter.java:89)
at com.framework.utils.Reporter.reportStep(Reporter.java:116)
at com.framework.selenium.api.base.SeleniumBase.takeSnap(SeleniumBase.java:906)
at com.framework.utils.Reporter.reportStep(Reporter.java:89)
at com.framework.utils.Reporter.reportStep(Reporter.java:116)
at com.framework.selenium.api.base.SeleniumBase.takeSnap(SeleniumBase.java:906)
at com.framework.utils.Reporter.reportStep(Reporter.java:89)
at com.framework.utils.Reporter.reportStep(Reporter.java:116)
at com.framework.selenium.api.base.SeleniumBase.takeSnap(SeleniumBase.java:906)
at com.framework.utils.Reporter.reportStep(Reporter.java:89)
at com.framework.utils.Reporter.reportStep(Reporter.java:116)
at com.framework.selenium.api.base.SeleniumBase.takeSnap(SeleniumBase.java:906)
at com.framework.utils.Reporter.reportStep(Reporter.java:89)
at com.framework.utils.Reporter.reportStep(Reporter.java:116)
at com.framework.selenium.api.base.SeleniumBase.takeSnap(SeleniumBase.java:906)
at com.framework.utils.Reporter.reportStep(Reporter.java:89)
at com.framework.utils.Reporter.reportStep(Reporter.java:116)
at com.framework.selenium.api.base.SeleniumBase.takeSnap(SeleniumBase.java:906)
at com.framework.utils.Reporter.reportStep(Reporter.java:89)
at com.framework.utils.Reporter.reportStep(Reporter.java:116)
at com.framework.selenium.api.base.SeleniumBase.takeSnap(SeleniumBase.java:906)
at com.framework.utils.Reporter.reportStep(Reporter.java:89)
at com.framework.utils.Reporter.reportStep(Reporter.java:116)
at com.framework.selenium.api.base.SeleniumBase.takeSnap(SeleniumBase.java:906)
at com.framework.utils.Reporter.reportStep(Reporter.java:89)
at com.framework.utils.Reporter.reportStep(Reporter.java:116)
at com.framework.selenium.api.base.SeleniumBase.takeSnap(SeleniumBase.java:906)
at com.framework.utils.Reporter.reportStep(Reporter.java:89)
at com.framework.utils.Reporter.reportStep(Reporter.java:116)
at com.framework.selenium.api.base.SeleniumBase.takeSnap(SeleniumBase.java:906)
at com.framework.utils.Reporter.reportStep(Reporter.java:89)
at com.framework.utils.Reporter.reportStep(Reporter.java:116)
at com.framework.selenium.api.base.SeleniumBase.takeSnap(SeleniumBase.java:906)
at com.framework.utils.Reporter.reportStep(Reporter.java:89)
at com.framework.utils.Reporter.reportStep(Reporter.java:116)
at com.framework.selenium.api.base.SeleniumBase.takeSnap(SeleniumBase.java:906)
at com.framework.utils.Reporter.reportStep(Reporter.java:89)
at com.framework.utils.Reporter.reportStep(Reporter.java:116)
at com.framework.selenium.api.base.SeleniumBase.takeSnap(SeleniumBase.java:906)
at com.framework.utils.Reporter.reportStep(Reporter.java:89)
at com.framework.utils.Reporter.reportStep(Reporter.java:116)
at com.framework.selenium.api.base.SeleniumBase.takeSnap(SeleniumBase.java:906)
at com.framework.utils.Reporter.reportStep(Reporter.java:89)
at com.framework.utils.Reporter.reportStep(Reporter.java:116)
at com.framework.selenium.api.base.SeleniumBase.takeSnap(SeleniumBase.java:906)
at com.framework.utils.Reporter.reportStep(Reporter.java:89)
at com.framework.utils.Reporter.reportStep(Reporter.java:116)
at com.framework.selenium.api.base.SeleniumBase.takeSnap(SeleniumBase.java:906)
at com.framework.utils.Reporter.reportStep(Reporter.java:89)
at com.framework.utils.Reporter.reportStep(Reporter.java:116)
at com.framework.selenium.api.base.SeleniumBase.takeSnap(SeleniumBase.java:906)
at com.framework.utils.Reporter.reportStep(Reporter.java:89)
at com.framework.utils.Reporter.reportStep(Reporter.java:116)
at com.framework.selenium.api.base.SeleniumBase.takeSnap(SeleniumBase.java:906)
at com.framework.utils.Reporter.reportStep(Reporter.java:89)
at com.framework.utils.Reporter.reportStep(Reporter.java:116)
at com.framework.selenium.api.base.SeleniumBase.takeSnap(SeleniumBase.java:906)
at com.framework.utils.Reporter.reportStep(Reporter.java:89)
at com.framework.utils.Reporter.reportStep(Reporter.java:116)
at com.framework.selenium.api.base.SeleniumBase.takeSnap(SeleniumBase.java:906)
at com.framework.utils.Reporter.reportStep(Reporter.java:89)
at com.framework.utils.Reporter.reportStep(Reporter.java:116)
at com.framework.selenium.api.base.SeleniumBase.takeSnap(SeleniumBase.java:906)
[...]
at com.framework.utils.Reporter.reportStep(Reporter.java:116)
at com.framework.selenium.api.base.SeleniumBase.takeSnap(SeleniumBase.java:906)
at com.framework.utils.Reporter.reportStep(Reporter.java:89)
at com.framework.utils.Reporter.reportStep(Reporter.java:116)
at com.framework.selenium.api.base.SeleniumBase.takeSnap(SeleniumBase.java:906)
at com.framework.utils.Reporter.reportStep(Reporter.java:89)
at com.framework.utils.Reporter.reportStep(Reporter.java:116)
at com.framework.selenium.api.base.SeleniumBase.takeSnap(SeleniumBase.java:906)
at com.framework.utils.Reporter.reportStep(Reporter.java:89)
at com.framework.utils.Reporter.reportStep(Reporter.java:116)
at com.framework.selenium.api.base.SeleniumBase.takeSnap(SeleniumBase.java:906)
at com.framework.utils.Reporter.reportStep(Reporter.java:89)
at com.framework.utils.Reporter.reportStep(Reporter.java:116)
at com.framework.selenium.api.base.SeleniumBase.takeSnap(SeleniumBase.java:906)
at com.framework.utils.Reporter.reportStep(Reporter.java:89)
at com.framework.utils.Reporter.reportStep(Reporter.java:116)
at com.framework.selenium.api.base.SeleniumBase.takeSnap(SeleniumBase.java:906)
at com.framework.utils.Reporter.reportStep(Reporter.java:89)
at com.framework.utils.Reporter.reportStep(Reporter.java:116)
at com.framework.selenium.api.base.SeleniumBase.takeSnap(SeleniumBase.java:906)
at com.framework.utils.Reporter.reportStep(Reporter.java:89)
at com.framework.utils.Reporter.reportStep(Reporter.java:116)
at com.framework.selenium.api.base.SeleniumBase.takeSnap(SeleniumBase.java:906)
at com.framework.utils.Reporter.reportStep(Reporter.java:89)
at com.framework.utils.Reporter.reportStep(Reporter.java:116)
at com.framework.selenium.api.base.SeleniumBase.takeSnap(SeleniumBase.java:906)
at com.framework.utils.Reporter.reportStep(Reporter.java:89)
at com.framework.utils.Reporter.reportStep(Reporter.java:116)
at com.framework.selenium.api.base.SeleniumBase.takeSnap(SeleniumBase.java:906)
at com.framework.utils.Reporter.reportStep(Reporter.java:89)
at com.framework.utils.Reporter.reportStep(Reporter.java:116)
at com.framework.selenium.api.base.SeleniumBase.takeSnap(SeleniumBase.java:906)
at com.framework.utils.Reporter.reportStep(Reporter.java:89)
at com.framework.utils.Reporter.reportStep(Reporter.java:116)
at com.framework.selenium.api.base.SeleniumBase.takeSnap(SeleniumBase.java:906)
at com.framework.utils.Reporter.reportStep(Reporter.java:89)
at com.framework.utils.Reporter.reportStep(Reporter.java:116)
at com.framework.selenium.api.base.SeleniumBase.takeSnap(SeleniumBase.java:906)
at com.framework.utils.Reporter.reportStep(Reporter.java:89)
at com.framework.utils.Reporter.reportStep(Reporter.java:116)
at com.framework.selenium.api.base.SeleniumBase.takeSnap(SeleniumBase.java:906)
at com.framework.utils.Reporter.reportStep(Reporter.java:89)
at com.framework.utils.Reporter.reportStep(Reporter.java:116)
at com.framework.selenium.api.base.SeleniumBase.takeSnap(SeleniumBase.java:906)
at com.framework.utils.Reporter.reportStep(Reporter.java:89)
at com.framework.utils.Reporter.reportStep(Reporter.java:116)
at com.framework.selenium.api.base.SeleniumBase.takeSnap(SeleniumBase.java:906)
at com.framework.utils.Reporter.reportStep(Reporter.java:89)
at com.framework.utils.Reporter.reportStep(Reporter.java:116)
at com.framework.selenium.api.base.SeleniumBase.takeSnap(SeleniumBase.java:906)
at com.framework.utils.Reporter.reportStep(Reporter.java:89)
at com.framework.utils.Reporter.reportStep(Reporter.java:116)
at com.framework.selenium.api.base.SeleniumBase.takeSnap(SeleniumBase.java:906)
at com.framework.utils.Reporter.reportStep(Reporter.java:89)
at com.framework.utils.Reporter.reportStep(Reporter.java:116)
at com.framework.selenium.api.base.SeleniumBase.takeSnap(SeleniumBase.java:906)
at com.framework.utils.Reporter.reportStep(Reporter.java:89)
at com.framework.utils.Reporter.reportStep(Reporter.java:116)
at com.framework.selenium.api.base.SeleniumBase.takeSnap(SeleniumBase.java:906)
at com.framework.utils.Reporter.reportStep(Reporter.java:89)
at com.framework.utils.Reporter.reportStep(Reporter.java:116)
at com.framework.selenium.api.base.SeleniumBase.takeSnap(SeleniumBase.java:906)
at com.framework.utils.Reporter.reportStep(Reporter.java:89)
at com.framework.utils.Reporter.reportStep(Reporter.java:116)
at com.framework.selenium.api.base.SeleniumBase.takeSnap(SeleniumBase.java:906)
at com.framework.utils.Reporter.reportStep(Reporter.java:89)
at com.framework.utils.Reporter.reportStep(Reporter.java:116)
at com.framework.selenium.api.base.SeleniumBase.takeSnap(SeleniumBase.java:906)
at com.framework.utils.Reporter.reportStep(Reporter.java:89)
at com.framework.utils.Reporter.reportStep(Reporter.java:116)
at com.framework.selenium.api.base.SeleniumBase.takeSnap(SeleniumBase.java:906)
at com.framework.utils.Reporter.reportStep(Reporter.java:89)
at com.framework.utils.Reporter.reportStep(Reporter.java:116)
at com.framework.selenium.api.base.SeleniumBase.takeSnap(SeleniumBase.java:906)
at com.framework.utils.Reporter.reportStep(Reporter.java:89)
at com.framework.utils.Reporter.reportStep(Reporter.java:116)
at com.framework.selenium.api.base.SeleniumBase.takeSnap(SeleniumBase.java:906)
at com.framework.utils.Reporter.reportStep(Reporter.java:89)
at com.framework.utils.Reporter.reportStep(Reporter.java:116)
at com.framework.selenium.api.base.SeleniumBase.takeSnap(SeleniumBase.java:906)
at com.framework.utils.Reporter.reportStep(Reporter.java:89)
at com.framework.utils.Reporter.reportStep(Reporter.java:116)
at com.framework.selenium.api.base.SeleniumBase.takeSnap(SeleniumBase.java:906)
at com.framework.utils.Reporter.reportStep(Reporter.java:89)
at com.framework.utils.Reporter.reportStep(Reporter.java:116)
at com.framework.selenium.api.base.SeleniumBase.takeSnap(SeleniumBase.java:906)
at com.framework.utils.Reporter.reportStep(Reporter.java:89)
at com.framework.utils.Reporter.reportStep(Reporter.java:116)
at com.framework.selenium.api.base.SeleniumBase.takeSnap(SeleniumBase.java:906)
at com.framework.utils.Reporter.reportStep(Reporter.java:89)
at com.framework.utils.Reporter.reportStep(Reporter.java:116)
at com.framework.selenium.api.base.SeleniumBase.takeSnap(SeleniumBase.java:906)
at com.framework.utils.Reporter.reportStep(Reporter.java:89)
at com.framework.utils.Reporter.reportStep(Reporter.java:116)
at com.framework.selenium.api.base.SeleniumBase.takeSnap(SeleniumBase.java:906)
at com.framework.utils.Reporter.reportStep(Reporter.java:89)
at com.framework.utils.Reporter.reportStep(Reporter.java:116)
at com.framework.selenium.api.base.SeleniumBase.takeSnap(SeleniumBase.java:906)
at com.framework.utils.Reporter.reportStep(Reporter.java:89)
at com.framework.utils.Reporter.reportStep(Reporter.java:116)
at com.framework.selenium.api.base.SeleniumBase.takeSnap(SeleniumBase.java:906)
at com.framework.utils.Reporter.reportStep(Reporter.java:89)
at com.framework.utils.Reporter.reportStep(Reporter.java:116)
at com.framework.selenium.api.base.SeleniumBase.takeSnap(SeleniumBase.java:906)
at com.framework.utils.Reporter.reportStep(Reporter.java:89)
at com.framework.utils.Reporter.reportStep(Reporter.java:116)
at com.framework.selenium.api.base.SeleniumBase.takeSnap(SeleniumBase.java:906)
at com.framework.utils.Reporter.reportStep(Reporter.java:89)
at com.framework.utils.Reporter.reportStep(Reporter.java:116)
at com.framework.selenium.api.base.SeleniumBase.takeSnap(SeleniumBase.java:906)
at com.framework.utils.Reporter.reportStep(Reporter.java:89)
at com.framework.utils.Reporter.reportStep(Reporter.java:116)
at com.framework.selenium.api.base.SeleniumBase.takeSnap(SeleniumBase.java:906)
at com.framework.utils.Reporter.reportStep(Reporter.java:89)
at com.framework.utils.Reporter.reportStep(Reporter.java:116)
at com.framework.selenium.api.base.SeleniumBase.takeSnap(SeleniumBase.java:906)
at com.framework.utils.Reporter.reportStep(Reporter.java:89)
at com.framework.utils.Reporter.reportStep(Reporter.java:116)
at com.framework.selenium.api.base.SeleniumBase.takeSnap(SeleniumBase.java:906)
at com.framework.utils.Reporter.reportStep(Reporter.java:89)
at com.framework.utils.Reporter.reportStep(Reporter.java:116)
at com.framework.selenium.api.base.SeleniumBase.takeSnap(SeleniumBase.java:906)
at com.framework.utils.Reporter.reportStep(Reporter.java:89)
at com.framework.utils.Reporter.reportStep(Reporter.java:116)
at com.framework.selenium.api.base.SeleniumBase.takeSnap(SeleniumBase.java:906)
at com.framework.utils.Reporter.reportStep(Reporter.java:89)
at com.framework.utils.Reporter.reportStep(Reporter.java:116)
at com.framework.selenium.api.base.SeleniumBase.takeSnap(SeleniumBase.java:906)
at com.framework.utils.Reporter.reportStep(Reporter.java:89)
at com.framework.utils.Reporter.reportStep(Reporter.java:116)
at com.framework.selenium.api.base.SeleniumBase.takeSnap(SeleniumBase.java:906)
at com.framework.utils.Reporter.reportStep(Reporter.java:89)
at com.framework.utils.Reporter.reportStep(Reporter.java:116)
at com.framework.selenium.api.base.SeleniumBase.takeSnap(SeleniumBase.java:906)
at com.framework.utils.Reporter.reportStep(Reporter.java:89)
at com.framework.utils.Reporter.reportStep(Reporter.java:116)
at com.framework.selenium.api.base.SeleniumBase.takeSnap(SeleniumBase.java:906)
at com.framework.utils.Reporter.reportStep(Reporter.java:89)
at com.framework.utils.Reporter.reportStep(Reporter.java:116)
at com.framework.selenium.api.base.SeleniumBase.takeSnap(SeleniumBase.java:906)
at com.framework.utils.Reporter.reportStep(Reporter.java:89)
at com.framework.utils.Reporter.reportStep(Reporter.java:116)
at com.framework.selenium.api.base.SeleniumBase.takeSnap(SeleniumBase.java:906)
at com.framework.utils.Reporter.reportStep(Reporter.java:89)
at com.framework.utils.Reporter.reportStep(Reporter.java:116)
at com.framework.selenium.api.base.SeleniumBase.takeSnap(SeleniumBase.java:906)
at com.framework.utils.Reporter.reportStep(Reporter.java:89)
at com.framework.utils.Reporter.reportStep(Reporter.java:116)
at com.framework.selenium.api.base.SeleniumBase.takeSnap(SeleniumBase.java:906)
at com.framework.utils.Reporter.reportStep(Reporter.java:89)
at com.framework.utils.Reporter.reportStep(Reporter.java:116)
at com.framework.selenium.api.base.SeleniumBase.takeSnap(SeleniumBase.java:906)
at com.framework.utils.Reporter.reportStep(Reporter.java:89)
at com.framework.utils.Reporter.reportStep(Reporter.java:116)
at com.framework.selenium.api.base.SeleniumBase.takeSnap(SeleniumBase.java:906)
at com.framework.utils.Reporter.reportStep(Reporter.java:89)
at com.framework.utils.Reporter.reportStep(Reporter.java:116)
at com.framework.selenium.api.base.SeleniumBase.takeSnap(SeleniumBase.java:906)
at com.framework.utils.Reporter.reportStep(Reporter.java:89)
at com.framework.utils.Reporter.reportStep(Reporter.java:116)
at com.framework.selenium.api.base.SeleniumBase.takeSnap(SeleniumBase.java:906)
at com.framework.utils.Reporter.reportStep(Reporter.java:89)
at com.framework.utils.Reporter.reportStep(Reporter.java:116)
at com.framework.selenium.api.base.SeleniumBase.takeSnap(SeleniumBase.java:906)
at com.framework.utils.Reporter.reportStep(Reporter.java:89)
at com.framework.utils.Reporter.reportStep(Reporter.java:116)
at com.framework.selenium.api.base.SeleniumBase.takeSnap(SeleniumBase.java:906)
at com.framework.utils.Reporter.reportStep(Reporter.java:89)
at com.framework.utils.Reporter.reportStep(Reporter.java:116)
at com.framework.selenium.api.base.SeleniumBase.takeSnap(SeleniumBase.java:906)
at com.framework.utils.Reporter.reportStep(Reporter.java:89)
at com.framework.utils.Reporter.reportStep(Reporter.java:116)
at com.framework.selenium.api.base.SeleniumBase.takeSnap(SeleniumBase.java:906)
at com.framework.utils.Reporter.reportStep(Reporter.java:89)
at com.framework.utils.Reporter.reportStep(Reporter.java:116)
at com.framework.selenium.api.base.SeleniumBase.takeSnap(SeleniumBase.java:906)
at com.framework.utils.Reporter.reportStep(Reporter.java:89)
at com.framework.utils.Reporter.reportStep(Reporter.java:116)
at com.framework.selenium.api.base.SeleniumBase.takeSnap(SeleniumBase.java:906)
at com.framework.utils.Reporter.reportStep(Reporter.java:89)
at com.framework.utils.Reporter.reportStep(Reporter.java:116)
at com.framework.selenium.api.base.SeleniumBase.takeSnap(SeleniumBase.java:906)
at com.framework.utils.Reporter.reportStep(Reporter.java:89)
at com.framework.utils.Reporter.reportStep(Reporter.java:116)
at com.framework.selenium.api.base.SeleniumBase.takeSnap(SeleniumBase.java:906)
at com.framework.utils.Reporter.reportStep(Reporter.java:89)
at com.framework.utils.Reporter.reportStep(Reporter.java:116)
at com.framework.selenium.api.base.SeleniumBase.takeSnap(SeleniumBase.java:906)
at com.framework.utils.Reporter.reportStep(Reporter.java:89)
at com.framework.utils.Reporter.reportStep(Reporter.java:116)
at com.framework.selenium.api.base.SeleniumBase.takeSnap(SeleniumBase.java:906)
at com.framework.utils.Reporter.reportStep(Reporter.java:89)
at com.framework.utils.Reporter.reportStep(Reporter.java:116)
at com.framework.selenium.api.base.SeleniumBase.takeSnap(SeleniumBase.java:906)
at com.framework.utils.Reporter.reportStep(Reporter.java:89)
at com.framework.utils.Reporter.reportStep(Reporter.java:116)
at com.framework.selenium.api.base.SeleniumBase.takeSnap(SeleniumBase.java:906)
at com.framework.utils.Reporter.reportStep(Reporter.java:89)
at com.framework.utils.Reporter.reportStep(Reporter.java:116)
at com.framework.selenium.api.base.SeleniumBase.takeSnap(SeleniumBase.java:906)
at com.framework.utils.Reporter.reportStep(Reporter.java:89)
at com.framework.utils.Reporter.reportStep(Reporter.java:116)
at com.framework.selenium.api.base.SeleniumBase.takeSnap(SeleniumBase.java:906)
at com.framework.utils.Reporter.reportStep(Reporter.java:89)
at com.framework.utils.Reporter.reportStep(Reporter.java:116)
at com.framework.selenium.api.base.SeleniumBase.takeSnap(SeleniumBase.java:906)
at com.framework.utils.Reporter.reportStep(Reporter.java:89)
at com.framework.utils.Reporter.reportStep(Reporter.java:116)
at com.framework.selenium.api.base.SeleniumBase.takeSnap(SeleniumBase.java:906)
at com.framework.utils.Reporter.reportStep(Reporter.java:89)
at com.framework.utils.Reporter.reportStep(Reporter.java:116)
at com.framework.selenium.api.base.SeleniumBase.takeSnap(SeleniumBase.java:906)
at com.framework.utils.Reporter.reportStep(Reporter.java:89)
at com.framework.utils.Reporter.reportStep(Reporter.java:116)
at com.framework.selenium.api.base.SeleniumBase.takeSnap(SeleniumBase.java:906)
at com.framework.utils.Reporter.reportStep(Reporter.java:89)
at com.framework.utils.Reporter.reportStep(Reporter.java:116)
at com.framework.selenium.api.base.SeleniumBase.takeSnap(SeleniumBase.java:906)
at com.framework.utils.Reporter.reportStep(Reporter.java:89)
at com.framework.utils.Reporter.reportStep(Reporter.java:116)
at com.framework.selenium.api.base.SeleniumBase.takeSnap(SeleniumBase.java:906)
at com.framework.utils.Reporter.reportStep(Reporter.java:89)
at com.framework.utils.Reporter.reportStep(Reporter.java:116)
at com.framework.selenium.api.base.SeleniumBase.takeSnap(SeleniumBase.java:906)
at com.framework.utils.Reporter.reportStep(Reporter.java:89)
at com.framework.utils.Reporter.reportStep(Reporter.java:116)
at com.framework.selenium.api.base.SeleniumBase.takeSnap(SeleniumBase.java:906)
at com.framework.utils.Reporter.reportStep(Reporter.java:89)
at com.framework.utils.Reporter.reportStep(Reporter.java:116)
at com.framework.selenium.api.base.SeleniumBase.takeSnap(SeleniumBase.java:906)
at com.framework.utils.Reporter.reportStep(Reporter.java:89)
at com.framework.utils.Reporter.reportStep(Reporter.java:116)
at com.framework.selenium.api.base.SeleniumBase.takeSnap(SeleniumBase.java:906)
at com.framework.utils.Reporter.reportStep(Reporter.java:89)
at com.framework.utils.Reporter.reportStep(Reporter.java:116)
at com.framework.selenium.api.base.SeleniumBase.takeSnap(SeleniumBase.java:906)
at com.framework.utils.Reporter.reportStep(Reporter.java:89)
at com.framework.utils.Reporter.reportStep(Reporter.java:116)
at com.framework.selenium.api.base.SeleniumBase.takeSnap(SeleniumBase.java:906)
at com.framework.utils.Reporter.reportStep(Reporter.java:89)
at com.framework.utils.Reporter.reportStep(Reporter.java:116)
at com.framework.selenium.api.base.SeleniumBase.takeSnap(SeleniumBase.java:906)
at com.framework.utils.Reporter.reportStep(Reporter.java:89)
at com.framework.utils.Reporter.reportStep(Reporter.java:116)
at com.framework.selenium.api.base.SeleniumBase.takeSnap(SeleniumBase.java:906)
at com.framework.utils.Reporter.reportStep(Reporter.java:89)
at com.framework.utils.Reporter.reportStep(Reporter.java:116)
at com.framework.selenium.api.base.SeleniumBase.takeSnap(SeleniumBase.java:906)
at com.framework.utils.Reporter.reportStep(Reporter.java:89)
at com.framework.utils.Reporter.reportStep(Reporter.java:116)
at com.framework.selenium.api.base.SeleniumBase.takeSnap(SeleniumBase.java:906)
at com.framework.utils.Reporter.reportStep(Reporter.java:89)
at com.framework.utils.Reporter.reportStep(Reporter.java:116)
at com.framework.selenium.api.base.SeleniumBase.takeSnap(SeleniumBase.java:906)
at com.framework.utils.Reporter.reportStep(Reporter.java:89)
at com.framework.utils.Reporter.reportStep(Reporter.java:116)
at com.framework.selenium.api.base.SeleniumBase.takeSnap(SeleniumBase.java:906)
at com.framework.utils.Reporter.reportStep(Reporter.java:89)
at com.framework.utils.Reporter.reportStep(Reporter.java:116)
at com.framework.selenium.api.base.SeleniumBase.takeSnap(SeleniumBase.java:906)
at com.framework.utils.Reporter.reportStep(Reporter.java:89)
at com.framework.utils.Reporter.reportStep(Reporter.java:116)
at com.framework.selenium.api.base.SeleniumBase.takeSnap(SeleniumBase.java:906)
at com.framework.utils.Reporter.reportStep(Reporter.java:89)
at com.framework.utils.Reporter.reportStep(Reporter.java:116)
at com.framework.selenium.api.base.SeleniumBase.takeSnap(SeleniumBase.java:906)
at com.framework.utils.Reporter.reportStep(Reporter.java:89)
at com.framework.utils.Reporter.reportStep(Reporter.java:116)
at com.framework.selenium.api.base.SeleniumBase.takeSnap(SeleniumBase.java:906)
at com.framework.utils.Reporter.reportStep(Reporter.java:89)
at com.framework.utils.Reporter.reportStep(Reporter.java:116)
at com.framework.selenium.api.base.SeleniumBase.takeSnap(SeleniumBase.java:906)
at com.framework.utils.Reporter.reportStep(Reporter.java:89)
at com.framework.utils.Reporter.reportStep(Reporter.java:116)
at com.framework.selenium.api.base.SeleniumBase.takeSnap(SeleniumBase.java:906)
at com.framework.utils.Reporter.reportStep(Reporter.java:89)
at com.framework.utils.Reporter.reportStep(Reporter.java:116)
at com.framework.selenium.api.base.SeleniumBase.takeSnap(SeleniumBase.java:906)
at com.framework.utils.Reporter.reportStep(Reporter.java:89)
at com.framework.utils.Reporter.reportStep(Reporter.java:116)
at com.framework.selenium.api.base.SeleniumBase.takeSnap(SeleniumBase.java:906)
at com.framework.utils.Reporter.reportStep(Reporter.java:89)
at com.framework.utils.Reporter.reportStep(Reporter.java:116)
at com.framework.selenium.api.base.SeleniumBase.takeSnap(SeleniumBase.java:906)
at com.framework.utils.Reporter.reportStep(Reporter.java:89)
at com.framework.utils.Reporter.reportStep(Reporter.java:116)
at com.framework.selenium.api.base.SeleniumBase.takeSnap(SeleniumBase.java:906)
at com.framework.utils.Reporter.reportStep(Reporter.java:89)
at com.framework.utils.Reporter.reportStep(Reporter.java:116)
at com.framework.selenium.api.base.SeleniumBase.takeSnap(SeleniumBase.java:906)
at com.framework.utils.Reporter.reportStep(Reporter.java:89)
at com.framework.utils.Reporter.reportStep(Reporter.java:116)
at com.framework.selenium.api.base.SeleniumBase.takeSnap(SeleniumBase.java:906)
]]>
    </error>
  </testcase> <!-- preCondition -->
  <system-out/>
</testsuite> <!-- com.pos.testcases.CreateNewVendor -->
